-------------------------------------------------------------------------------
Test set: com.example.e2e.ConsolidatedE2ETestRunner
-------------------------------------------------------------------------------
Tests run: 62, Failures: 22, Errors: 0, Skipped: 0, Time elapsed: 30.52 s <<< FAILURE! -- in com.example.e2e.ConsolidatedE2ETestRunner
End-to-End User Journeys.[LEA-007] Create valid leave request with future dates (happy_path) -- Time elapsed: 0.163 s <<< FAILURE!
org.opentest4j.AssertionFailedError: Expected HTTP 200/201, got 500: {"timestamp":"2026-04-12","status":500,"error":"Internal Server Error","path":"/api/leave-requests/create"} ==> expected: <true> but was: <false>
	at com.example.e2e.steps.ConsolidatedE2ESteps.returnsNNAndEnforcesLeaveDatesMustBeInTheFutureCannotBePastDates(ConsolidatedE2ESteps.java:1021)
	at ✽.Returns 200/201 and enforces: Leave dates must be in the future (cannot be past dates)(classpath:features/auth-leave_01_end-to-end-user-journeys_20260412_154610.feature:87)

End-to-End User Journeys.[LEA-008] Retrieve created leave request (happy_path) -- Time elapsed: 0.175 s <<< FAILURE!
org.opentest4j.AssertionFailedError: Expected HTTP 200/201, got 500: {"timestamp":"2026-04-12","status":500,"error":"Internal Server Error","path":"/api/leave-requests/create"} ==> expected: <true> but was: <false>
	at com.example.e2e.steps.ConsolidatedE2ESteps.returnsNNAndEnforcesLeaveDatesMustBeInTheFutureCannotBePastDates(ConsolidatedE2ESteps.java:1021)
	at ✽.Returns 200/201 and enforces: Leave dates must be in the future (cannot be past dates)(classpath:features/auth-leave_01_end-to-end-user-journeys_20260412_154610.feature:92)

End-to-End User Journeys.[LEA-009] Approve pending leave request as Team Leader (happy_path) -- Time elapsed: 0.208 s <<< FAILURE!
org.opentest4j.AssertionFailedError: Expected HTTP 200/201, got 400: This exceeds your validation authority ==> expected: <true> but was: <false>
	at com.example.e2e.steps.ConsolidatedE2ESteps.returnsNNAndEnforcesLeaveDatesMustBeInTheFutureCannotBePastDates(ConsolidatedE2ESteps.java:1021)
	at ✽.Returns 200/201 and enforces: Leave dates must be in the future (cannot be past dates)(classpath:features/auth-leave_01_end-to-end-user-journeys_20260412_154610.feature:97)

End-to-End User Journeys.[LEA-010] Reject pending leave request as Employer (happy_path) -- Time elapsed: 0.211 s <<< FAILURE!
org.opentest4j.AssertionFailedError: Expected HTTP 200/201, got 400: Exception 24: Leave request has already been rejected ==> expected: <true> but was: <false>
	at com.example.e2e.steps.ConsolidatedE2ESteps.returnsNNAndEnforcesLeaveDatesMustBeInTheFutureCannotBePastDates(ConsolidatedE2ESteps.java:1021)
	at ✽.Returns 200/201 and enforces: Leave dates must be in the future (cannot be past dates)(classpath:features/auth-leave_01_end-to-end-user-journeys_20260412_154610.feature:102)

End-to-End User Journeys.[AUT-011E] Create user with missing email (error_case) -- Time elapsed: 0.243 s <<< FAILURE!
org.opentest4j.AssertionFailedError: Expected 4xx error, got 201 ==> expected: <true> but was: <false>
	at com.example.e2e.steps.ConsolidatedE2ESteps.returns4xxErrorWhenUserRolesAreEmployerTeamLeaderAdministrationIsViolated(ConsolidatedE2ESteps.java:1747)
	at ✽.Returns 4xx error when: User roles are: EMPLOYER, TEAM_LEADER, ADMINISTRATION is violated(classpath:features/auth-leave_01_end-to-end-user-journeys_20260412_154610.feature:132)

End-to-End User Journeys.[AUT-012E] Create user with duplicate email (error_case) -- Time elapsed: 0.319 s <<< FAILURE!
org.opentest4j.AssertionFailedError: Expected 4xx error, got 201 ==> expected: <true> but was: <false>
	at com.example.e2e.steps.ConsolidatedE2ESteps.returns4xxErrorWhenUserRolesAreEmployerTeamLeaderAdministrationIsViolated(ConsolidatedE2ESteps.java:1747)
	at ✽.Returns 4xx error when: User roles are: EMPLOYER, TEAM_LEADER, ADMINISTRATION is violated(classpath:features/auth-leave_01_end-to-end-user-journeys_20260412_154610.feature:137)

End-to-End User Journeys.[AUT-013E] Fetch non-existent user (404) (error_case) -- Time elapsed: 0.181 s <<< FAILURE!
org.opentest4j.AssertionFailedError: Expected 4xx error, got 200 ==> expected: <true> but was: <false>
	at com.example.e2e.steps.ConsolidatedE2ESteps.returns4xxErrorWhenUserRolesAreEmployerTeamLeaderAdministrationIsViolated(ConsolidatedE2ESteps.java:1747)
	at ✽.Returns 4xx error when: User roles are: EMPLOYER, TEAM_LEADER, ADMINISTRATION is violated(classpath:features/auth-leave_01_end-to-end-user-journeys_20260412_154610.feature:142)

End-to-End User Journeys.[AUT-014E] Update user with invalid role (error_case) -- Time elapsed: 0.160 s <<< FAILURE!
org.opentest4j.AssertionFailedError: Expected 4xx error, got 200 ==> expected: <true> but was: <false>
	at com.example.e2e.steps.ConsolidatedE2ESteps.returns4xxErrorWhenUserRolesAreEmployerTeamLeaderAdministrationIsViolated(ConsolidatedE2ESteps.java:1747)
	at ✽.Returns 4xx error when: User roles are: EMPLOYER, TEAM_LEADER, ADMINISTRATION is violated(classpath:features/auth-leave_01_end-to-end-user-journeys_20260412_154610.feature:147)

End-to-End User Journeys.[AUT-015E] Assign user to non-existent department (error_case) -- Time elapsed: 0.162 s <<< FAILURE!
org.opentest4j.AssertionFailedError: Expected 4xx error, got 200 ==> expected: <true> but was: <false>
	at com.example.e2e.steps.ConsolidatedE2ESteps.returns4xxErrorWhenUserRolesAreEmployerTeamLeaderAdministrationIsViolated(ConsolidatedE2ESteps.java:1747)
	at ✽.Returns 4xx error when: User roles are: EMPLOYER, TEAM_LEADER, ADMINISTRATION is violated(classpath:features/auth-leave_01_end-to-end-user-journeys_20260412_154610.feature:152)

End-to-End User Journeys.[AUT-020S] Access user endpoint without JWT token (401) (security) -- Time elapsed: 0.179 s <<< FAILURE!
org.opentest4j.AssertionFailedError: Expected 4xx error, got 200 ==> expected: <true> but was: <false>
	at com.example.e2e.steps.ConsolidatedE2ESteps.returnsNUnauthorized(ConsolidatedE2ESteps.java:2298)
	at ✽.Returns 401 Unauthorized(classpath:features/auth-leave_01_end-to-end-user-journeys_20260412_154610.feature:197)

End-to-End User Journeys.[AUT-021S] Access user endpoint with expired token (401) (security) -- Time elapsed: 0.203 s <<< FAILURE!
org.opentest4j.AssertionFailedError: Expected 4xx error, got 200 ==> expected: <true> but was: <false>
	at com.example.e2e.steps.ConsolidatedE2ESteps.returnsNUnauthorized(ConsolidatedE2ESteps.java:2298)
	at ✽.Returns 401 Unauthorized(classpath:features/auth-leave_01_end-to-end-user-journeys_20260412_154610.feature:202)

End-to-End User Journeys.[AUT-022S] Non-admin user trying to delete another user (403) (security) -- Time elapsed: 0.259 s <<< FAILURE!
org.opentest4j.AssertionFailedError: Expected 4xx error, got 201 ==> expected: <true> but was: <false>
	at com.example.e2e.steps.ConsolidatedE2ESteps.returnsNForbidden(ConsolidatedE2ESteps.java:2403)
	at ✽.Returns 403 Forbidden(classpath:features/auth-leave_01_end-to-end-user-journeys_20260412_154610.feature:207)

End-to-End User Journeys.[AUT-023S] Team leader trying to access other department (403) (security) -- Time elapsed: 0.143 s <<< FAILURE!
org.opentest4j.AssertionFailedError: Expected 4xx error, got 200 ==> expected: <true> but was: <false>
	at com.example.e2e.steps.ConsolidatedE2ESteps.returnsNForbidden(ConsolidatedE2ESteps.java:2403)
	at ✽.Returns 403 Forbidden(classpath:features/auth-leave_01_end-to-end-user-journeys_20260412_154610.feature:212)

End-to-End User Journeys.[LEA-027S] Access leave endpoint without JWT token (401) (security) -- Time elapsed: 0.143 s <<< FAILURE!
org.opentest4j.AssertionFailedError: Expected 4xx error, got 500 ==> expected: <true> but was: <false>
	at com.example.e2e.steps.ConsolidatedE2ESteps.returnsNUnauthorized(ConsolidatedE2ESteps.java:2298)
	at ✽.Returns 401 Unauthorized(classpath:features/auth-leave_01_end-to-end-user-journeys_20260412_154610.feature:217)

End-to-End User Journeys.[LEA-028S] Access other user's leave request without permission (403) (security) -- Time elapsed: 0.121 s <<< FAILURE!
org.opentest4j.AssertionFailedError: Expected 4xx error, got 500 ==> expected: <true> but was: <false>
	at com.example.e2e.steps.ConsolidatedE2ESteps.returnsNForbidden(ConsolidatedE2ESteps.java:2403)
	at ✽.Returns 403 Forbidden(classpath:features/auth-leave_01_end-to-end-user-journeys_20260412_154610.feature:222)

End-to-End User Journeys.[LEA-029S] Team leader approving leave outside their department (403) (security) -- Time elapsed: 0.143 s <<< FAILURE!
org.opentest4j.AssertionFailedError: Expected 4xx error, got 500 ==> expected: <true> but was: <false>
	at com.example.e2e.steps.ConsolidatedE2ESteps.returnsNForbidden(ConsolidatedE2ESteps.java:2403)
	at ✽.Returns 403 Forbidden(classpath:features/auth-leave_01_end-to-end-user-journeys_20260412_154610.feature:227)

End-to-End User Journeys.[AUT-016X] User ID at boundary (0, 1, 9999999) (edge_case) -- Time elapsed: 0.168 s <<< FAILURE!
org.opentest4j.AssertionFailedError: Expected status in response ==> expected: not <null>
	at com.example.e2e.steps.ConsolidatedE2ESteps.handlesGracefullyAndReturnsAppropriateStatusOrError(ConsolidatedE2ESteps.java:2816)
	at ✽.Handles gracefully and returns appropriate status or error(classpath:features/auth-leave_01_end-to-end-user-journeys_20260412_154610.feature:237)

End-to-End User Journeys.[AUT-018X] User with special characters in name (edge_case) -- Time elapsed: 0.262 s <<< FAILURE!
org.opentest4j.AssertionFailedError: Expected status in response ==> expected: not <null>
	at com.example.e2e.steps.ConsolidatedE2ESteps.handlesGracefullyAndReturnsAppropriateStatusOrError(ConsolidatedE2ESteps.java:2816)
	at ✽.Handles gracefully and returns appropriate status or error(classpath:features/auth-leave_01_end-to-end-user-journeys_20260412_154610.feature:247)

End-to-End User Journeys.[LEA-021X] Same start and end date (0 days leave) (edge_case) -- Time elapsed: 0.204 s <<< FAILURE!
org.opentest4j.AssertionFailedError: Expected status in response ==> expected: not <null>
	at com.example.e2e.steps.ConsolidatedE2ESteps.handlesGracefullyAndReturnsAppropriateStatusOrError(ConsolidatedE2ESteps.java:2816)
	at ✽.Handles gracefully and returns appropriate status or error(classpath:features/auth-leave_01_end-to-end-user-journeys_20260412_154610.feature:257)

End-to-End User Journeys.[LEA-026X] Reject already approved leave (rejected) (edge_case) -- Time elapsed: 0.426 s <<< FAILURE!
org.opentest4j.AssertionFailedError: Expected status in response ==> expected: not <null>
	at com.example.e2e.steps.ConsolidatedE2ESteps.handlesGracefullyAndReturnsAppropriateStatusOrError(ConsolidatedE2ESteps.java:2816)
	at ✽.Handles gracefully and returns appropriate status or error(classpath:features/auth-leave_01_end-to-end-user-journeys_20260412_154610.feature:282)

End-to-End User Journeys.[E2E-002] Overlapping Leave Rejection (integration) -- Time elapsed: 0.177 s <<< FAILURE!
org.opentest4j.AssertionFailedError: Response should not be null ==> expected: not <null>
	at com.example.e2e.steps.ConsolidatedE2ESteps.systemRejectsSecondRequestVerifyVerifyUserExistsInCongeServiceBeforeCreatingLeaveVerifyFetchUserRoleFromCongeToAuthorizeApproveReject(ConsolidatedE2ESteps.java:3343)
	at ✽.System rejects second request | Verify: Verify user exists in conge service before creating leave | Verify: Fetch user role from conge to authorize approve/reject(classpath:features/auth-leave_01_end-to-end-user-journeys_20260412_154610.feature:292)

End-to-End User Journeys.[E2E-005] Integration Rule: Fetch user role from conge to authorize approve/reject (integration) -- Time elapsed: 0.151 s <<< FAILURE!
org.opentest4j.AssertionFailedError: Response should not be null ==> expected: not <null>
	at com.example.e2e.steps.ConsolidatedE2ESteps.fetchUserRoleFromCongeToAuthorizeApproveReject(ConsolidatedE2ESteps.java:3401)
	at ✽.✓ Fetch user role from conge to authorize approve/reject(classpath:features/auth-leave_01_end-to-end-user-journeys_20260412_154610.feature:307)

