-------------------------------------------------------------------------------
Test set: com.example.auth.AuthTestRunner
-------------------------------------------------------------------------------
Tests run: 3, Failures: 1, Errors: 0, Skipped: 0, Time elapsed: 3.568 s <<< FAILURE! -- in com.example.auth.AuthTestRunner
Employee Authentication.Employee submits login request with invalid credentials -- Time elapsed: 0.219 s <<< FAILURE!
org.junit.ComparisonFailure: 
[Expected blocked (4xx or 200+noJWT), got HTTP 200 body={"jwt":"eyJhbGciOiJIUzI1NiJ9.eyJzdWIiOiJhZG1pbkB0ZXN0LmNvbSIsImlhdCI6MTc3Mzg0NzIzMiwiZXhwIjoxNzczOTMzNjMyfQ.nfb01RIsmOiOjgqIZOrdPJ6p4XKxP3JglG2WrCUREJU","userRole":"Administration","userId":8}] 
Expecting value to be true but was false expected:<[tru]e> but was:<[fals]e>
	at java.base/jdk.internal.reflect.NativeConstructorAccessorImpl.newInstance0(Native Method)
	at java.base/jdk.internal.reflect.NativeConstructorAccessorImpl.newInstance(NativeConstructorAccessorImpl.java:77)
	at java.base/jdk.internal.reflect.DelegatingConstructorAccessorImpl.newInstance(DelegatingConstructorAccessorImpl.java:45)
	at java.base/java.lang.reflect.Constructor.newInstanceWithCaller(Constructor.java:499)
	at com.example.auth.steps.AuthSteps.theSystemBlocksTheAction(AuthSteps.java:87)
	at ✽.the system blocks the action(classpath:features/leave-request-service_01_employee-authentication_20260318_162000.feature:12)

