-------------------------------------------------------------------------------
Test set: com.example.auth.AuthTestRunner
-------------------------------------------------------------------------------
Tests run: 5, Failures: 0, Errors: 5, Skipped: 0, Time elapsed: 0.809 s <<< FAILURE! -- in com.example.auth.AuthTestRunner
Approve Leave Request.Administrator approves a leave request -- Time elapsed: 0.165 s <<< ERROR!
io.cucumber.junit.UndefinedStepException: 
The step 'the leave request status is "In Progress"' and 6 other step(s) are undefined.
You can implement these steps using the snippet(s) below:

@Given("the leave request status is {string}")
public void the_leave_request_status_is(String string) {
    // Write code here that turns the phrase above into concrete actions
    throw new io.cucumber.java.PendingException();
}
@Given("the user is the final approver in the approval chain")
public void the_user_is_the_final_approver_in_the_approval_chain() {
    // Write code here that turns the phrase above into concrete actions
    throw new io.cucumber.java.PendingException();
}
@Given("the user has not previously approved the request")
public void the_user_has_not_previously_approved_the_request() {
    // Write code here that turns the phrase above into concrete actions
    throw new io.cucumber.java.PendingException();
}
@When("the user approves the leave request")
public void the_user_approves_the_leave_request() {
    // Write code here that turns the phrase above into concrete actions
    throw new io.cucumber.java.PendingException();
}
@When("the system adjusts the leave balance according to the leave type")
public void the_system_adjusts_the_leave_balance_according_to_the_leave_type() {
    // Write code here that turns the phrase above into concrete actions
    throw new io.cucumber.java.PendingException();
}
@Then("the request status changes to {string}")
public void the_request_status_changes_to(String string) {
    // Write code here that turns the phrase above into concrete actions
    throw new io.cucumber.java.PendingException();
}
@Then("the system displays {string}")
public void the_system_displays(String string) {
    // Write code here that turns the phrase above into concrete actions
    throw new io.cucumber.java.PendingException();
}


Approve Leave Request.Team Lead approves a leave request -- Time elapsed: 0.011 s <<< ERROR!
io.cucumber.junit.UndefinedStepException: 
The step 'the leave request status is "Pending"' and 5 other step(s) are undefined.
You can implement these steps using the snippet(s) below:

@Given("the leave request status is {string}")
public void the_leave_request_status_is(String string) {
    // Write code here that turns the phrase above into concrete actions
    throw new io.cucumber.java.PendingException();
}
@Given("the user is an intermediate approver in the approval chain")
public void the_user_is_an_intermediate_approver_in_the_approval_chain() {
    // Write code here that turns the phrase above into concrete actions
    throw new io.cucumber.java.PendingException();
}
@Given("the user has not previously approved the request")
public void the_user_has_not_previously_approved_the_request() {
    // Write code here that turns the phrase above into concrete actions
    throw new io.cucumber.java.PendingException();
}
@When("the user approves the leave request")
public void the_user_approves_the_leave_request() {
    // Write code here that turns the phrase above into concrete actions
    throw new io.cucumber.java.PendingException();
}
@Then("the request status changes to {string}")
public void the_request_status_changes_to(String string) {
    // Write code here that turns the phrase above into concrete actions
    throw new io.cucumber.java.PendingException();
}
@Then("the system marks the manager's validation as TRUE")
public void the_system_marks_the_manager_s_validation_as_true() {
    // Write code here that turns the phrase above into concrete actions
    throw new io.cucumber.java.PendingException();
}


Approve Leave Request.User is not authorized to approve the leave request -- Time elapsed: 0.007 s <<< ERROR!
io.cucumber.junit.UndefinedStepException: 
The step 'the leave request status is "Pending"' and 3 other step(s) are undefined.
You can implement these steps using the snippet(s) below:

@Given("the leave request status is {string}")
public void the_leave_request_status_is(String string) {
    // Write code here that turns the phrase above into concrete actions
    throw new io.cucumber.java.PendingException();
}
@Given("the user is not in the approval chain")
public void the_user_is_not_in_the_approval_chain() {
    // Write code here that turns the phrase above into concrete actions
    throw new io.cucumber.java.PendingException();
}
@When("the user attempts to approve the leave request")
public void the_user_attempts_to_approve_the_leave_request() {
    // Write code here that turns the phrase above into concrete actions
    throw new io.cucumber.java.PendingException();
}
@Then("the system displays the error You are not authorized to modify the status of this request.")
public void the_system_displays_the_error_you_are_not_authorized_to_modify_the_status_of_this_request() {
    // Write code here that turns the phrase above into concrete actions
    throw new io.cucumber.java.PendingException();
}


Approve Leave Request.User tries to approve a request that is not in a valid state -- Time elapsed: 0.004 s <<< ERROR!
io.cucumber.junit.UndefinedStepException: 
The step 'the leave request status is "Granted"' and 3 other step(s) are undefined.
You can implement these steps using the snippet(s) below:

@Given("the leave request status is {string}")
public void the_leave_request_status_is(String string) {
    // Write code here that turns the phrase above into concrete actions
    throw new io.cucumber.java.PendingException();
}
@Given("the user is in the approval chain")
public void the_user_is_in_the_approval_chain() {
    // Write code here that turns the phrase above into concrete actions
    throw new io.cucumber.java.PendingException();
}
@When("the user attempts to approve the leave request")
public void the_user_attempts_to_approve_the_leave_request() {
    // Write code here that turns the phrase above into concrete actions
    throw new io.cucumber.java.PendingException();
}
@Then("the system displays the error If the request is not in a valid state \\({string} or {string}), validation is blocked.")
public void the_system_displays_the_error_if_the_request_is_not_in_a_valid_state_or_validation_is_blocked(String string, String string2) {
    // Write code here that turns the phrase above into concrete actions
    throw new io.cucumber.java.PendingException();
}


Approve Leave Request.User tries to approve a request they have already previously approved -- Time elapsed: 0.006 s <<< ERROR!
io.cucumber.junit.UndefinedStepException: 
The step 'the leave request status is "Pending"' and 4 other step(s) are undefined.
You can implement these steps using the snippet(s) below:

@Given("the leave request status is {string}")
public void the_leave_request_status_is(String string) {
    // Write code here that turns the phrase above into concrete actions
    throw new io.cucumber.java.PendingException();
}
@Given("the user is in the approval chain")
public void the_user_is_in_the_approval_chain() {
    // Write code here that turns the phrase above into concrete actions
    throw new io.cucumber.java.PendingException();
}
@Given("the user has previously approved the request")
public void the_user_has_previously_approved_the_request() {
    // Write code here that turns the phrase above into concrete actions
    throw new io.cucumber.java.PendingException();
}
@When("the user attempts to approve the leave request")
public void the_user_attempts_to_approve_the_leave_request() {
    // Write code here that turns the phrase above into concrete actions
    throw new io.cucumber.java.PendingException();
}
@Then("the system displays the error If the user has already validated previously, the validation is refused.")
public void the_system_displays_the_error_if_the_user_has_already_validated_previously_the_validation_is_refused() {
    // Write code here that turns the phrase above into concrete actions
    throw new io.cucumber.java.PendingException();
}


