<?xml version="1.0" encoding="UTF-8"?>
<testsuite xmlns:xsi="http://www.w3.org/2001/XMLSchema-instance" xsi:noNamespaceSchemaLocation="https://maven.apache.org/surefire/maven-surefire-plugin/xsd/surefire-test-report-3.0.xsd" version="3.0" name="com.example.auth.AuthTestRunner" time="0.809" tests="5" errors="5" skipped="0" failures="0">
  <properties>
[...]
</properties>
  <testcase name="Administrator approves a leave request" classname="Approve Leave Request" time="0.165">
    <error message="The step &apos;the leave request status is &quot;In Progress&quot;&apos; and 6 other step(s) are undefined.&#10;You can implement these steps using the snippet(s) below:&#10;&#10;@Given(&quot;the leave request status is {string}&quot;)&#10;public void the_leave_request_status_is(String string) {&#10;    // Write code here that turns the phrase above into concrete actions&#10;    throw new io.cucumber.java.PendingException();&#10;}&#10;@Given(&quot;the user is the final approver in the approval chain&quot;)&#10;public void the_user_is_the_final_approver_in_the_approval_chain() {&#10;    // Write code here that turns the phrase above into concrete actions&#10;    throw new io.cucumber.java.PendingException();&#10;}&#10;@Given(&quot;the user has not previously approved the request&quot;)&#10;public void the_user_has_not_previously_approved_the_request() {&#10;    // Write code here that turns the phrase above into concrete actions&#10;    throw new io.cucumber.java.PendingException();&#10;}&#10;@When(&quot;the user approves the leave request&quot;)&#10;public void the_user_approves_the_leave_request() {&#10;    // Write code here that turns the phrase above into concrete actions&#10;    throw new io.cucumber.java.PendingException();&#10;}&#10;@When(&quot;the system adjusts the leave balance according to the leave type&quot;)&#10;public void the_system_adjusts_the_leave_balance_according_to_the_leave_type() {&#10;    // Write code here that turns the phrase above into concrete actions&#10;    throw new io.cucumber.java.PendingException();&#10;}&#10;@Then(&quot;the request status changes to {string}&quot;)&#10;public void the_request_status_changes_to(String string) {&#10;    // Write code here that turns the phrase above into concrete actions&#10;    throw new io.cucumber.java.PendingException();&#10;}&#10;@Then(&quot;the system displays {string}&quot;)&#10;public void the_system_displays(String string) {&#10;    // Write code here that turns the phrase above into concrete actions&#10;    throw new io.cucumber.java.PendingException();&#10;}&#10;" type="io.cucumber.junit.UndefinedStepException"><![CDATA[io.cucumber.junit.UndefinedStepException: 
The step 'the leave request status is "In Progress"' and 6 other step(s) are undefined.
You can implement these steps using the snippet(s) below:

@Given("the leave request status is {string}")
public void the_leave_request_status_is(String string) {
    // Write code here that turns the phrase above into concrete actions
    throw new io.cucumber.java.PendingException();
}
@Given("the user is the final approver in the approval chain")
public void the_user_is_the_final_approver_in_the_approval_chain() {
    // Write code here that turns the phrase above into concrete actions
    throw new io.cucumber.java.PendingException();
}
@Given("the user has not previously approved the request")
public void the_user_has_not_previously_approved_the_request() {
    // Write code here that turns the phrase above into concrete actions
    throw new io.cucumber.java.PendingException();
}
@When("the user approves the leave request")
public void the_user_approves_the_leave_request() {
    // Write code here that turns the phrase above into concrete actions
    throw new io.cucumber.java.PendingException();
}
@When("the system adjusts the leave balance according to the leave type")
public void the_system_adjusts_the_leave_balance_according_to_the_leave_type() {
    // Write code here that turns the phrase above into concrete actions
    throw new io.cucumber.java.PendingException();
}
@Then("the request status changes to {string}")
public void the_request_status_changes_to(String string) {
    // Write code here that turns the phrase above into concrete actions
    throw new io.cucumber.java.PendingException();
}
@Then("the system displays {string}")
public void the_system_displays(String string) {
    // Write code here that turns the phrase above into concrete actions
    throw new io.cucumber.java.PendingException();
}

]]></error>
    <system-out><![CDATA[
Scenario: Administrator approves a leave request                       # features/leave-request-service_approve-leave-request_20260316_113158.feature:7
  Given the user is authenticated                                      # com.example.auth.steps.AuthSteps.theUserIsAuthenticated()
  Given the leave request status is "In Progress"
  And the user is the final approver in the approval chain
  And the user has not previously approved the request
  When the user approves the leave request
  And the system adjusts the leave balance according to the leave type
  Then the request status changes to "Granted"
  And the system displays "Request granted successfully"
]]></system-out>
    <system-err><![CDATA[[main] INFO com.example.auth.steps.AuthSteps - Authenticated with JWT token
]]></system-err>
  </testcase>
  <testcase name="Team Lead approves a leave request" classname="Approve Leave Request" time="0.011">
    <error message="The step &apos;the leave request status is &quot;Pending&quot;&apos; and 5 other step(s) are undefined.&#10;You can implement these steps using the snippet(s) below:&#10;&#10;@Given(&quot;the leave request status is {string}&quot;)&#10;public void the_leave_request_status_is(String string) {&#10;    // Write code here that turns the phrase above into concrete actions&#10;    throw new io.cucumber.java.PendingException();&#10;}&#10;@Given(&quot;the user is an intermediate approver in the approval chain&quot;)&#10;public void the_user_is_an_intermediate_approver_in_the_approval_chain() {&#10;    // Write code here that turns the phrase above into concrete actions&#10;    throw new io.cucumber.java.PendingException();&#10;}&#10;@Given(&quot;the user has not previously approved the request&quot;)&#10;public void the_user_has_not_previously_approved_the_request() {&#10;    // Write code here that turns the phrase above into concrete actions&#10;    throw new io.cucumber.java.PendingException();&#10;}&#10;@When(&quot;the user approves the leave request&quot;)&#10;public void the_user_approves_the_leave_request() {&#10;    // Write code here that turns the phrase above into concrete actions&#10;    throw new io.cucumber.java.PendingException();&#10;}&#10;@Then(&quot;the request status changes to {string}&quot;)&#10;public void the_request_status_changes_to(String string) {&#10;    // Write code here that turns the phrase above into concrete actions&#10;    throw new io.cucumber.java.PendingException();&#10;}&#10;@Then(&quot;the system marks the manager&apos;s validation as TRUE&quot;)&#10;public void the_system_marks_the_manager_s_validation_as_true() {&#10;    // Write code here that turns the phrase above into concrete actions&#10;    throw new io.cucumber.java.PendingException();&#10;}&#10;" type="io.cucumber.junit.UndefinedStepException"><![CDATA[io.cucumber.junit.UndefinedStepException: 
The step 'the leave request status is "Pending"' and 5 other step(s) are undefined.
You can implement these steps using the snippet(s) below:

@Given("the leave request status is {string}")
public void the_leave_request_status_is(String string) {
    // Write code here that turns the phrase above into concrete actions
    throw new io.cucumber.java.PendingException();
}
@Given("the user is an intermediate approver in the approval chain")
public void the_user_is_an_intermediate_approver_in_the_approval_chain() {
    // Write code here that turns the phrase above into concrete actions
    throw new io.cucumber.java.PendingException();
}
@Given("the user has not previously approved the request")
public void the_user_has_not_previously_approved_the_request() {
    // Write code here that turns the phrase above into concrete actions
    throw new io.cucumber.java.PendingException();
}
@When("the user approves the leave request")
public void the_user_approves_the_leave_request() {
    // Write code here that turns the phrase above into concrete actions
    throw new io.cucumber.java.PendingException();
}
@Then("the request status changes to {string}")
public void the_request_status_changes_to(String string) {
    // Write code here that turns the phrase above into concrete actions
    throw new io.cucumber.java.PendingException();
}
@Then("the system marks the manager's validation as TRUE")
public void the_system_marks_the_manager_s_validation_as_true() {
    // Write code here that turns the phrase above into concrete actions
    throw new io.cucumber.java.PendingException();
}

]]></error>
    <system-out><![CDATA[
Scenario: Team Lead approves a leave request                     # features/leave-request-service_approve-leave-request_20260316_113158.feature:16
  Given the user is authenticated                                # com.example.auth.steps.AuthSteps.theUserIsAuthenticated()
  Given the leave request status is "Pending"
  And the user is an intermediate approver in the approval chain
  And the user has not previously approved the request
  When the user approves the leave request
  Then the request status changes to "In Progress"
  And the system marks the manager's validation as TRUE
]]></system-out>
    <system-err><![CDATA[[main] INFO com.example.auth.steps.AuthSteps - Authenticated with JWT token
]]></system-err>
  </testcase>
  <testcase name="User is not authorized to approve the leave request" classname="Approve Leave Request" time="0.007">
    <error message="The step &apos;the leave request status is &quot;Pending&quot;&apos; and 3 other step(s) are undefined.&#10;You can implement these steps using the snippet(s) below:&#10;&#10;@Given(&quot;the leave request status is {string}&quot;)&#10;public void the_leave_request_status_is(String string) {&#10;    // Write code here that turns the phrase above into concrete actions&#10;    throw new io.cucumber.java.PendingException();&#10;}&#10;@Given(&quot;the user is not in the approval chain&quot;)&#10;public void the_user_is_not_in_the_approval_chain() {&#10;    // Write code here that turns the phrase above into concrete actions&#10;    throw new io.cucumber.java.PendingException();&#10;}&#10;@When(&quot;the user attempts to approve the leave request&quot;)&#10;public void the_user_attempts_to_approve_the_leave_request() {&#10;    // Write code here that turns the phrase above into concrete actions&#10;    throw new io.cucumber.java.PendingException();&#10;}&#10;@Then(&quot;the system displays the error You are not authorized to modify the status of this request.&quot;)&#10;public void the_system_displays_the_error_you_are_not_authorized_to_modify_the_status_of_this_request() {&#10;    // Write code here that turns the phrase above into concrete actions&#10;    throw new io.cucumber.java.PendingException();&#10;}&#10;" type="io.cucumber.junit.UndefinedStepException"><![CDATA[io.cucumber.junit.UndefinedStepException: 
The step 'the leave request status is "Pending"' and 3 other step(s) are undefined.
You can implement these steps using the snippet(s) below:

@Given("the leave request status is {string}")
public void the_leave_request_status_is(String string) {
    // Write code here that turns the phrase above into concrete actions
    throw new io.cucumber.java.PendingException();
}
@Given("the user is not in the approval chain")
public void the_user_is_not_in_the_approval_chain() {
    // Write code here that turns the phrase above into concrete actions
    throw new io.cucumber.java.PendingException();
}
@When("the user attempts to approve the leave request")
public void the_user_attempts_to_approve_the_leave_request() {
    // Write code here that turns the phrase above into concrete actions
    throw new io.cucumber.java.PendingException();
}
@Then("the system displays the error You are not authorized to modify the status of this request.")
public void the_system_displays_the_error_you_are_not_authorized_to_modify_the_status_of_this_request() {
    // Write code here that turns the phrase above into concrete actions
    throw new io.cucumber.java.PendingException();
}

]]></error>
    <system-out><![CDATA[
Scenario: User is not authorized to approve the leave request                                     # features/leave-request-service_approve-leave-request_20260316_113158.feature:24
  Given the user is authenticated                                                                 # com.example.auth.steps.AuthSteps.theUserIsAuthenticated()
  Given the leave request status is "Pending"
  And the user is not in the approval chain
  When the user attempts to approve the leave request
  Then the system displays the error You are not authorized to modify the status of this request.
]]></system-out>
    <system-err><![CDATA[[main] INFO com.example.auth.steps.AuthSteps - Authenticated with JWT token
]]></system-err>
  </testcase>
  <testcase name="User tries to approve a request that is not in a valid state" classname="Approve Leave Request" time="0.004">
    <error message="The step &apos;the leave request status is &quot;Granted&quot;&apos; and 3 other step(s) are undefined.&#10;You can implement these steps using the snippet(s) below:&#10;&#10;@Given(&quot;the leave request status is {string}&quot;)&#10;public void the_leave_request_status_is(String string) {&#10;    // Write code here that turns the phrase above into concrete actions&#10;    throw new io.cucumber.java.PendingException();&#10;}&#10;@Given(&quot;the user is in the approval chain&quot;)&#10;public void the_user_is_in_the_approval_chain() {&#10;    // Write code here that turns the phrase above into concrete actions&#10;    throw new io.cucumber.java.PendingException();&#10;}&#10;@When(&quot;the user attempts to approve the leave request&quot;)&#10;public void the_user_attempts_to_approve_the_leave_request() {&#10;    // Write code here that turns the phrase above into concrete actions&#10;    throw new io.cucumber.java.PendingException();&#10;}&#10;@Then(&quot;the system displays the error If the request is not in a valid state \\({string} or {string}), validation is blocked.&quot;)&#10;public void the_system_displays_the_error_if_the_request_is_not_in_a_valid_state_or_validation_is_blocked(String string, String string2) {&#10;    // Write code here that turns the phrase above into concrete actions&#10;    throw new io.cucumber.java.PendingException();&#10;}&#10;" type="io.cucumber.junit.UndefinedStepException"><![CDATA[io.cucumber.junit.UndefinedStepException: 
The step 'the leave request status is "Granted"' and 3 other step(s) are undefined.
You can implement these steps using the snippet(s) below:

@Given("the leave request status is {string}")
public void the_leave_request_status_is(String string) {
    // Write code here that turns the phrase above into concrete actions
    throw new io.cucumber.java.PendingException();
}
@Given("the user is in the approval chain")
public void the_user_is_in_the_approval_chain() {
    // Write code here that turns the phrase above into concrete actions
    throw new io.cucumber.java.PendingException();
}
@When("the user attempts to approve the leave request")
public void the_user_attempts_to_approve_the_leave_request() {
    // Write code here that turns the phrase above into concrete actions
    throw new io.cucumber.java.PendingException();
}
@Then("the system displays the error If the request is not in a valid state \\({string} or {string}), validation is blocked.")
public void the_system_displays_the_error_if_the_request_is_not_in_a_valid_state_or_validation_is_blocked(String string, String string2) {
    // Write code here that turns the phrase above into concrete actions
    throw new io.cucumber.java.PendingException();
}

]]></error>
    <system-out><![CDATA[
Scenario: User tries to approve a request that is not in a valid state                                                           # features/leave-request-service_approve-leave-request_20260316_113158.feature:30
  Given the user is authenticated                                                                                                # com.example.auth.steps.AuthSteps.theUserIsAuthenticated()
  Given the leave request status is "Granted"
  And the user is in the approval chain
  When the user attempts to approve the leave request
  Then the system displays the error If the request is not in a valid state ("Pending" or "In Progress"), validation is blocked.
]]></system-out>
    <system-err><![CDATA[[main] INFO com.example.auth.steps.AuthSteps - Authenticated with JWT token
]]></system-err>
  </testcase>
  <testcase name="User tries to approve a request they have already previously approved" classname="Approve Leave Request" time="0.006">
    <error message="The step &apos;the leave request status is &quot;Pending&quot;&apos; and 4 other step(s) are undefined.&#10;You can implement these steps using the snippet(s) below:&#10;&#10;@Given(&quot;the leave request status is {string}&quot;)&#10;public void the_leave_request_status_is(String string) {&#10;    // Write code here that turns the phrase above into concrete actions&#10;    throw new io.cucumber.java.PendingException();&#10;}&#10;@Given(&quot;the user is in the approval chain&quot;)&#10;public void the_user_is_in_the_approval_chain() {&#10;    // Write code here that turns the phrase above into concrete actions&#10;    throw new io.cucumber.java.PendingException();&#10;}&#10;@Given(&quot;the user has previously approved the request&quot;)&#10;public void the_user_has_previously_approved_the_request() {&#10;    // Write code here that turns the phrase above into concrete actions&#10;    throw new io.cucumber.java.PendingException();&#10;}&#10;@When(&quot;the user attempts to approve the leave request&quot;)&#10;public void the_user_attempts_to_approve_the_leave_request() {&#10;    // Write code here that turns the phrase above into concrete actions&#10;    throw new io.cucumber.java.PendingException();&#10;}&#10;@Then(&quot;the system displays the error If the user has already validated previously, the validation is refused.&quot;)&#10;public void the_system_displays_the_error_if_the_user_has_already_validated_previously_the_validation_is_refused() {&#10;    // Write code here that turns the phrase above into concrete actions&#10;    throw new io.cucumber.java.PendingException();&#10;}&#10;" type="io.cucumber.junit.UndefinedStepException"><![CDATA[io.cucumber.junit.UndefinedStepException: 
The step 'the leave request status is "Pending"' and 4 other step(s) are undefined.
You can implement these steps using the snippet(s) below:

@Given("the leave request status is {string}")
public void the_leave_request_status_is(String string) {
    // Write code here that turns the phrase above into concrete actions
    throw new io.cucumber.java.PendingException();
}
@Given("the user is in the approval chain")
public void the_user_is_in_the_approval_chain() {
    // Write code here that turns the phrase above into concrete actions
    throw new io.cucumber.java.PendingException();
}
@Given("the user has previously approved the request")
public void the_user_has_previously_approved_the_request() {
    // Write code here that turns the phrase above into concrete actions
    throw new io.cucumber.java.PendingException();
}
@When("the user attempts to approve the leave request")
public void the_user_attempts_to_approve_the_leave_request() {
    // Write code here that turns the phrase above into concrete actions
    throw new io.cucumber.java.PendingException();
}
@Then("the system displays the error If the user has already validated previously, the validation is refused.")
public void the_system_displays_the_error_if_the_user_has_already_validated_previously_the_validation_is_refused() {
    // Write code here that turns the phrase above into concrete actions
    throw new io.cucumber.java.PendingException();
}

]]></error>
    <system-out><![CDATA[
Scenario: User tries to approve a request they have already previously approved                               # features/leave-request-service_approve-leave-request_20260316_113158.feature:36
  Given the user is authenticated                                                                             # com.example.auth.steps.AuthSteps.theUserIsAuthenticated()
  Given the leave request status is "Pending"
  And the user is in the approval chain
  And the user has previously approved the request
  When the user attempts to approve the leave request
  Then the system displays the error If the user has already validated previously, the validation is refused.
]]></system-out>
    <system-err><![CDATA[[main] INFO com.example.auth.steps.AuthSteps - Authenticated with JWT token
]]></system-err>
  </testcase>
</testsuite>