<?xml version="1.0" encoding="UTF-8"?>
<testsuite xmlns:xsi="http://www.w3.org/2001/XMLSchema-instance" xsi:noNamespaceSchemaLocation="https://maven.apache.org/surefire/maven-surefire-plugin/xsd/surefire-test-report-3.0.xsd" version="3.0" name="com.example.e2e.ConsolidatedE2ETestRunner" time="30.522" tests="62" errors="0" skipped="0" failures="22">
  <properties>
[...]
</properties>
  <testcase name="[AUT-001] [CRITICAL] Create valid user with all required fields (happy_path)" classname="End-to-End User Journeys" time="11.976">
    <system-out><![CDATA[
Scenario: [AUT-001] [CRITICAL] Create valid user with all required fields (happy_path) &amp#27;[90m# features/auth-leave_01_end-to-end-user-journeys_20260412_154610.feature:4&amp#27;[0m
15:46:39.025 [main] INFO com.example.e2e.steps.ConsolidatedE2ESteps -- [setup] POST /api/auth/login -> HTTP 200
15:46:42.594 [main] INFO com.example.e2e.steps.ConsolidatedE2ESteps -- [STEP] Generic step executed
  &amp#27;[32mGiven &amp#27;[0m&amp#27;[32mPreconditions met for: Create valid user with all required fields&amp#27;[0m              &amp#27;[90m# com.example.e2e.steps.ConsolidatedE2ESteps.preconditionsMetForCreateValidUserWithAllRequiredFields()&amp#27;[0m
15:46:42.607 [main] INFO com.example.e2e.steps.ConsolidatedE2ESteps -- [STEP] Explicit HTTP: GET /api/users/{id}
15:46:42.925 [main] INFO com.example.e2e.steps.ConsolidatedE2ESteps -- [STEP] GET /api/users/1 -> HTTP 200
  &amp#27;[32mWhen &amp#27;[0m&amp#27;[32mGET /api/users/{id} executed per business requirement&amp#27;[0m                           &amp#27;[90m# com.example.e2e.steps.ConsolidatedE2ESteps.getApiUsersIdExecutedPerBusinessRequirement()&amp#27;[0m
15:46:43.419 [main] INFO com.example.e2e.steps.ConsolidatedE2ESteps -- [STEP] Verified non-5xx response: HTTP 200
  &amp#27;[32mThen &amp#27;[0m&amp#27;[32mReturns success response (200/201) and follows business rule&amp#27;[0m                    &amp#27;[90m# com.example.e2e.steps.ConsolidatedE2ESteps.returnsSuccessResponseNNAndFollowsBusinessRule()&amp#27;[0m
]]></system-out>
  </testcase>
  <testcase name="[AUT-002] [CRITICAL] Fetch existing user by ID (happy_path)" classname="End-to-End User Journeys" time="0.695">
    <system-out><![CDATA[
Scenario: [AUT-002] [CRITICAL] Fetch existing user by ID (happy_path) &amp#27;[90m# features/auth-leave_01_end-to-end-user-journeys_20260412_154610.feature:9&amp#27;[0m
15:46:43.873 [main] INFO com.example.e2e.steps.ConsolidatedE2ESteps -- [setup] POST /api/auth/login -> HTTP 200
15:46:43.948 [main] INFO com.example.e2e.steps.ConsolidatedE2ESteps -- [STEP] Generic step executed
  &amp#27;[32mGiven &amp#27;[0m&amp#27;[32mPreconditions met for: Fetch existing user by ID&amp#27;[0m              &amp#27;[90m# com.example.e2e.steps.ConsolidatedE2ESteps.preconditionsMetForFetchExistingUserById()&amp#27;[0m
15:46:43.951 [main] INFO com.example.e2e.steps.ConsolidatedE2ESteps -- [STEP] Explicit HTTP: GET /api/users/{id}
15:46:44.045 [main] INFO com.example.e2e.steps.ConsolidatedE2ESteps -- [STEP] GET /api/users/1 -> HTTP 200
  &amp#27;[32mWhen &amp#27;[0m&amp#27;[32mGET /api/users/{id} executed per business requirement&amp#27;[0m          &amp#27;[90m# com.example.e2e.steps.ConsolidatedE2ESteps.getApiUsersIdExecutedPerBusinessRequirement()&amp#27;[0m
15:46:44.153 [main] INFO com.example.e2e.steps.ConsolidatedE2ESteps -- [STEP] Verified non-5xx response: HTTP 200
  &amp#27;[32mThen &amp#27;[0m&amp#27;[32mReturns success response (200/201) and follows business rule&amp#27;[0m   &amp#27;[90m# com.example.e2e.steps.ConsolidatedE2ESteps.returnsSuccessResponseNNAndFollowsBusinessRule()&amp#27;[0m
]]></system-out>
  </testcase>
  <testcase name="[AUT-003] [CRITICAL] Update user details (happy_path)" classname="End-to-End User Journeys" time="0.578">
    <system-out><![CDATA[
Scenario: [AUT-003] [CRITICAL] Update user details (happy_path)     &amp#27;[90m# features/auth-leave_01_end-to-end-user-journeys_20260412_154610.feature:14&amp#27;[0m
15:46:44.427 [main] INFO com.example.e2e.steps.ConsolidatedE2ESteps -- [setup] POST /api/auth/login -> HTTP 200
15:46:44.469 [main] INFO com.example.e2e.steps.ConsolidatedE2ESteps -- [STEP] Generic step executed
  &amp#27;[32mGiven &amp#27;[0m&amp#27;[32mPreconditions met for: Update user details&amp#27;[0m                  &amp#27;[90m# com.example.e2e.steps.ConsolidatedE2ESteps.preconditionsMetForUpdateUserDetails()&amp#27;[0m
15:46:44.471 [main] INFO com.example.e2e.steps.ConsolidatedE2ESteps -- [STEP] Explicit HTTP: GET /api/users/{id}
15:46:44.531 [main] INFO com.example.e2e.steps.ConsolidatedE2ESteps -- [STEP] GET /api/users/1 -> HTTP 200
  &amp#27;[32mWhen &amp#27;[0m&amp#27;[32mGET /api/users/{id} executed per business requirement&amp#27;[0m        &amp#27;[90m# com.example.e2e.steps.ConsolidatedE2ESteps.getApiUsersIdExecutedPerBusinessRequirement()&amp#27;[0m
15:46:44.735 [main] INFO com.example.e2e.steps.ConsolidatedE2ESteps -- [STEP] Verified non-5xx response: HTTP 200
  &amp#27;[32mThen &amp#27;[0m&amp#27;[32mReturns success response (200/201) and follows business rule&amp#27;[0m &amp#27;[90m# com.example.e2e.steps.ConsolidatedE2ESteps.returnsSuccessResponseNNAndFollowsBusinessRule()&amp#27;[0m
]]></system-out>
  </testcase>
  <testcase name="[AUT-004] [CRITICAL] List all users in department (happy_path)" classname="End-to-End User Journeys" time="0.64">
    <system-out><![CDATA[
Scenario: [AUT-004] [CRITICAL] List all users in department (happy_path) &amp#27;[90m# features/auth-leave_01_end-to-end-user-journeys_20260412_154610.feature:19&amp#27;[0m
15:46:45.002 [main] INFO com.example.e2e.steps.ConsolidatedE2ESteps -- [setup] POST /api/auth/login -> HTTP 200
15:46:45.066 [main] INFO com.example.e2e.steps.ConsolidatedE2ESteps -- [STEP] Generic step executed
  &amp#27;[32mGiven &amp#27;[0m&amp#27;[32mPreconditions met for: List all users in department&amp#27;[0m              &amp#27;[90m# com.example.e2e.steps.ConsolidatedE2ESteps.preconditionsMetForListAllUsersInDepartment()&amp#27;[0m
15:46:45.067 [main] INFO com.example.e2e.steps.ConsolidatedE2ESteps -- [STEP] Explicit HTTP: GET /api/admin/departments/{id}
15:46:45.287 [main] INFO com.example.e2e.steps.ConsolidatedE2ESteps -- [STEP] GET /api/admin/departments/1 -> HTTP 200
  &amp#27;[32mWhen &amp#27;[0m&amp#27;[32mGET /api/admin/departments/{id} executed per business requirement&amp#27;[0m &amp#27;[90m# com.example.e2e.steps.ConsolidatedE2ESteps.getApiAdminDepartmentsIdExecutedPerBusinessRequirement()&amp#27;[0m
15:46:45.375 [main] INFO com.example.e2e.steps.ConsolidatedE2ESteps -- [STEP] Verified non-5xx response: HTTP 200
  &amp#27;[32mThen &amp#27;[0m&amp#27;[32mReturns success response (200/201) and follows business rule&amp#27;[0m      &amp#27;[90m# com.example.e2e.steps.ConsolidatedE2ESteps.returnsSuccessResponseNNAndFollowsBusinessRule()&amp#27;[0m
]]></system-out>
  </testcase>
  <testcase name="[AUT-005] [CRITICAL] Assign user to valid department (happy_path)" classname="End-to-End User Journeys" time="0.65">
    <system-out><![CDATA[
Scenario: [AUT-005] [CRITICAL] Assign user to valid department (happy_path) &amp#27;[90m# features/auth-leave_01_end-to-end-user-journeys_20260412_154610.feature:24&amp#27;[0m
15:46:45.578 [main] INFO com.example.e2e.steps.ConsolidatedE2ESteps -- [setup] POST /api/auth/login -> HTTP 200
15:46:45.734 [main] INFO com.example.e2e.steps.ConsolidatedE2ESteps -- [STEP] Generic step executed
  &amp#27;[32mGiven &amp#27;[0m&amp#27;[32mPreconditions met for: Assign user to valid department&amp#27;[0m              &amp#27;[90m# com.example.e2e.steps.ConsolidatedE2ESteps.preconditionsMetForAssignUserToValidDepartment()&amp#27;[0m
15:46:45.735 [main] INFO com.example.e2e.steps.ConsolidatedE2ESteps -- [STEP] Explicit HTTP: PUT /api/admin/departments/{id}
15:46:45.947 [main] INFO com.example.e2e.steps.ConsolidatedE2ESteps -- [STEP] PUT /api/admin/departments/1 -> HTTP 200
  &amp#27;[32mWhen &amp#27;[0m&amp#27;[32mPUT /api/admin/departments/{id} executed per business requirement&amp#27;[0m    &amp#27;[90m# com.example.e2e.steps.ConsolidatedE2ESteps.putApiAdminDepartmentsIdExecutedPerBusinessRequirement()&amp#27;[0m
15:46:46.030 [main] INFO com.example.e2e.steps.ConsolidatedE2ESteps -- [STEP] Verified non-5xx response: HTTP 200
  &amp#27;[32mThen &amp#27;[0m&amp#27;[32mReturns success response (200/201) and follows business rule&amp#27;[0m         &amp#27;[90m# com.example.e2e.steps.ConsolidatedE2ESteps.returnsSuccessResponseNNAndFollowsBusinessRule()&amp#27;[0m
]]></system-out>
  </testcase>
  <testcase name="[AUT-006] Create valid user with all required fields (happy_path)" classname="End-to-End User Journeys" time="0.99">
    <system-out><![CDATA[
Scenario: [AUT-006] Create valid user with all required fields (happy_path)                &amp#27;[90m# features/auth-leave_01_end-to-end-user-journeys_20260412_154610.feature:29&amp#27;[0m
15:46:46.232 [main] INFO com.example.e2e.steps.ConsolidatedE2ESteps -- [setup] POST /api/auth/login -> HTTP 200
15:46:46.286 [main] INFO com.example.e2e.steps.ConsolidatedE2ESteps -- [STEP] Generic step executed
  &amp#27;[32mGiven &amp#27;[0m&amp#27;[32mSetup for business rule: Create valid user with all required fields&amp#27;[0m                &amp#27;[90m# com.example.e2e.steps.ConsolidatedE2ESteps.setupForBusinessRuleCreateValidUserWithAllRequiredFields()&amp#27;[0m
15:46:46.287 [main] INFO com.example.e2e.steps.ConsolidatedE2ESteps -- [STEP] Explicit HTTP: POST /api/admin/create-employee
15:46:46.498 [main] INFO com.example.e2e.steps.ConsolidatedE2ESteps -- [STEP] Seed department -> HTTP 200
15:46:46.945 [main] INFO com.example.e2e.steps.ConsolidatedE2ESteps -- [STEP] POST /api/admin/create-employee -> HTTP 201
  &amp#27;[32mWhen &amp#27;[0m&amp#27;[32mPOST /api/admin/create-employee executed&amp#27;[0m                                            &amp#27;[90m# com.example.e2e.steps.ConsolidatedE2ESteps.postApiAdminCreateEmployeeExecuted()&amp#27;[0m
15:46:47.022 [main] INFO com.example.e2e.steps.ConsolidatedE2ESteps -- [STEP] Verified expected status (200/201): HTTP 201
  &amp#27;[32mThen &amp#27;[0m&amp#27;[32mReturns 200/201 and enforces: User roles are: EMPLOYER, TEAM_LEADER, ADMINISTRATION&amp#27;[0m &amp#27;[90m# com.example.e2e.steps.ConsolidatedE2ESteps.returnsNNAndEnforcesUserRolesAreEmployerTeamLeaderAdministration()&amp#27;[0m
]]></system-out>
  </testcase>
  <testcase name="[AUT-007] Fetch existing user by ID (happy_path)" classname="End-to-End User Journeys" time="0.72">
    <system-out><![CDATA[
Scenario: [AUT-007] Fetch existing user by ID (happy_path)                                 &amp#27;[90m# features/auth-leave_01_end-to-end-user-journeys_20260412_154610.feature:34&amp#27;[0m
15:46:47.231 [main] INFO com.example.e2e.steps.ConsolidatedE2ESteps -- [setup] POST /api/auth/login -> HTTP 200
15:46:47.283 [main] INFO com.example.e2e.steps.ConsolidatedE2ESteps -- [STEP] Generic step executed
  &amp#27;[32mGiven &amp#27;[0m&amp#27;[32mSetup for business rule: Fetch existing user by ID&amp#27;[0m                                 &amp#27;[90m# com.example.e2e.steps.ConsolidatedE2ESteps.setupForBusinessRuleFetchExistingUserById()&amp#27;[0m
15:46:47.284 [main] INFO com.example.e2e.steps.ConsolidatedE2ESteps -- [STEP] Explicit HTTP: GET /api/users/search-ids
15:46:47.452 [main] INFO com.example.e2e.steps.ConsolidatedE2ESteps -- [STEP] GET /api/users/search-ids -> HTTP 200
  &amp#27;[32mWhen &amp#27;[0m&amp#27;[32mGET /api/users/search-ids executed&amp#27;[0m                                                  &amp#27;[90m# com.example.e2e.steps.ConsolidatedE2ESteps.getApiUsersSearchIdsExecuted()&amp#27;[0m
15:46:47.739 [main] INFO com.example.e2e.steps.ConsolidatedE2ESteps -- [STEP] Verified expected status (200/201): HTTP 200
  &amp#27;[32mThen &amp#27;[0m&amp#27;[32mReturns 200/201 and enforces: User roles are: EMPLOYER, TEAM_LEADER, ADMINISTRATION&amp#27;[0m &amp#27;[90m# com.example.e2e.steps.ConsolidatedE2ESteps.returnsNNAndEnforcesUserRolesAreEmployerTeamLeaderAdministration()&amp#27;[0m
]]></system-out>
  </testcase>
  <testcase name="[AUT-008] Update user details (happy_path)" classname="End-to-End User Journeys" time="0.78">
    <system-out><![CDATA[
Scenario: [AUT-008] Update user details (happy_path)                                       &amp#27;[90m# features/auth-leave_01_end-to-end-user-journeys_20260412_154610.feature:39&amp#27;[0m
15:46:48.152 [main] INFO com.example.e2e.steps.ConsolidatedE2ESteps -- [setup] POST /api/auth/login -> HTTP 200
15:46:48.212 [main] INFO com.example.e2e.steps.ConsolidatedE2ESteps -- [STEP] Generic step executed
  &amp#27;[32mGiven &amp#27;[0m&amp#27;[32mSetup for business rule: Update user details&amp#27;[0m                                       &amp#27;[90m# com.example.e2e.steps.ConsolidatedE2ESteps.setupForBusinessRuleUpdateUserDetails()&amp#27;[0m
15:46:48.215 [main] INFO com.example.e2e.steps.ConsolidatedE2ESteps -- [STEP] Explicit HTTP: GET /api/users/search-ids
15:46:48.335 [main] INFO com.example.e2e.steps.ConsolidatedE2ESteps -- [STEP] GET /api/users/search-ids -> HTTP 200
  &amp#27;[32mWhen &amp#27;[0m&amp#27;[32mGET /api/users/search-ids executed&amp#27;[0m                                                  &amp#27;[90m# com.example.e2e.steps.ConsolidatedE2ESteps.getApiUsersSearchIdsExecuted()&amp#27;[0m
15:46:48.525 [main] INFO com.example.e2e.steps.ConsolidatedE2ESteps -- [STEP] Verified expected status (200/201): HTTP 200
  &amp#27;[32mThen &amp#27;[0m&amp#27;[32mReturns 200/201 and enforces: User roles are: EMPLOYER, TEAM_LEADER, ADMINISTRATION&amp#27;[0m &amp#27;[90m# com.example.e2e.steps.ConsolidatedE2ESteps.returnsNNAndEnforcesUserRolesAreEmployerTeamLeaderAdministration()&amp#27;[0m
]]></system-out>
  </testcase>
  <testcase name="[AUT-009] List all users in department (happy_path)" classname="End-to-End User Journeys" time="0.556">
    <system-out><![CDATA[
Scenario: [AUT-009] List all users in department (happy_path)                              &amp#27;[90m# features/auth-leave_01_end-to-end-user-journeys_20260412_154610.feature:44&amp#27;[0m
15:46:48.874 [main] INFO com.example.e2e.steps.ConsolidatedE2ESteps -- [setup] POST /api/auth/login -> HTTP 200
15:46:48.911 [main] INFO com.example.e2e.steps.ConsolidatedE2ESteps -- [STEP] Generic step executed
  &amp#27;[32mGiven &amp#27;[0m&amp#27;[32mSetup for business rule: List all users in department&amp#27;[0m                              &amp#27;[90m# com.example.e2e.steps.ConsolidatedE2ESteps.setupForBusinessRuleListAllUsersInDepartment()&amp#27;[0m
15:46:48.911 [main] INFO com.example.e2e.steps.ConsolidatedE2ESteps -- [STEP] Explicit HTTP: GET /api/admin/departments
15:46:48.977 [main] INFO com.example.e2e.steps.ConsolidatedE2ESteps -- [STEP] GET /api/admin/departments -> HTTP 200
  &amp#27;[32mWhen &amp#27;[0m&amp#27;[32mGET /api/admin/departments executed&amp#27;[0m                                                 &amp#27;[90m# com.example.e2e.steps.ConsolidatedE2ESteps.getApiAdminDepartmentsExecuted()&amp#27;[0m
15:46:49.088 [main] INFO com.example.e2e.steps.ConsolidatedE2ESteps -- [STEP] Verified expected status (200/201): HTTP 200
  &amp#27;[32mThen &amp#27;[0m&amp#27;[32mReturns 200/201 and enforces: User roles are: EMPLOYER, TEAM_LEADER, ADMINISTRATION&amp#27;[0m &amp#27;[90m# com.example.e2e.steps.ConsolidatedE2ESteps.returnsNNAndEnforcesUserRolesAreEmployerTeamLeaderAdministration()&amp#27;[0m
]]></system-out>
  </testcase>
  <testcase name="[AUT-010] Assign user to valid department (happy_path)" classname="End-to-End User Journeys" time="0.311">
    <system-out><![CDATA[
Scenario: [AUT-010] Assign user to valid department (happy_path)                           &amp#27;[90m# features/auth-leave_01_end-to-end-user-journeys_20260412_154610.feature:49&amp#27;[0m
15:46:49.271 [main] INFO com.example.e2e.steps.ConsolidatedE2ESteps -- [setup] POST /api/auth/login -> HTTP 200
15:46:49.306 [main] INFO com.example.e2e.steps.ConsolidatedE2ESteps -- [STEP] Generic step executed
  &amp#27;[32mGiven &amp#27;[0m&amp#27;[32mSetup for business rule: Assign user to valid department&amp#27;[0m                           &amp#27;[90m# com.example.e2e.steps.ConsolidatedE2ESteps.setupForBusinessRuleAssignUserToValidDepartment()&amp#27;[0m
15:46:49.307 [main] INFO com.example.e2e.steps.ConsolidatedE2ESteps -- [STEP] Explicit HTTP: POST /api/admin/departments/create
15:46:49.364 [main] INFO com.example.e2e.steps.ConsolidatedE2ESteps -- [STEP] POST /api/admin/departments/create -> HTTP 200
  &amp#27;[32mWhen &amp#27;[0m&amp#27;[32mPOST /api/admin/departments/create executed&amp#27;[0m                                         &amp#27;[90m# com.example.e2e.steps.ConsolidatedE2ESteps.postApiAdminDepartmentsCreateExecuted()&amp#27;[0m
15:46:49.402 [main] INFO com.example.e2e.steps.ConsolidatedE2ESteps -- [STEP] Verified expected status (200/201): HTTP 200
  &amp#27;[32mThen &amp#27;[0m&amp#27;[32mReturns 200/201 and enforces: User roles are: EMPLOYER, TEAM_LEADER, ADMINISTRATION&amp#27;[0m &amp#27;[90m# com.example.e2e.steps.ConsolidatedE2ESteps.returnsNNAndEnforcesUserRolesAreEmployerTeamLeaderAdministration()&amp#27;[0m
]]></system-out>
  </testcase>
  <testcase name="[LEA-001] [CRITICAL] Create valid leave request with future dates (happy_path)" classname="End-to-End User Journeys" time="0.937">
    <system-out><![CDATA[
Scenario: [LEA-001] [CRITICAL] Create valid leave request with future dates (happy_path) &amp#27;[90m# features/auth-leave_01_end-to-end-user-journeys_20260412_154610.feature:54&amp#27;[0m
15:46:49.601 [main] INFO com.example.e2e.steps.ConsolidatedE2ESteps -- [setup] POST /api/auth/login -> HTTP 200
15:46:49.644 [main] INFO com.example.e2e.steps.ConsolidatedE2ESteps -- [STEP] Generic step executed
  &amp#27;[32mGiven &amp#27;[0m&amp#27;[32mPreconditions met for: Create valid leave request with future dates&amp#27;[0m              &amp#27;[90m# com.example.e2e.steps.ConsolidatedE2ESteps.preconditionsMetForCreateValidLeaveRequestWithFutureDates()&amp#27;[0m
15:46:49.646 [main] INFO com.example.e2e.steps.ConsolidatedE2ESteps -- [STEP] Explicit HTTP: GET /api/leave-requests/search
15:46:49.842 [main] INFO com.example.e2e.steps.ConsolidatedE2ESteps -- [STEP] Seed balance -> HTTP 500
15:46:50.243 [main] INFO com.example.e2e.steps.ConsolidatedE2ESteps -- [STEP] GET /api/leave-requests/search -> HTTP 200
  &amp#27;[32mWhen &amp#27;[0m&amp#27;[32mGET /api/leave-requests/search executed per business requirement&amp#27;[0m                  &amp#27;[90m# com.example.e2e.steps.ConsolidatedE2ESteps.getApiLeaveRequestsSearchExecutedPerBusinessRequirement()&amp#27;[0m
15:46:50.341 [main] INFO com.example.e2e.steps.ConsolidatedE2ESteps -- [STEP] Verified non-5xx response: HTTP 200
  &amp#27;[32mThen &amp#27;[0m&amp#27;[32mReturns success response (200/201) and follows business rule&amp#27;[0m                      &amp#27;[90m# com.example.e2e.steps.ConsolidatedE2ESteps.returnsSuccessResponseNNAndFollowsBusinessRule()&amp#27;[0m
]]></system-out>
  </testcase>
  <testcase name="[LEA-002] [CRITICAL] Retrieve created leave request (happy_path)" classname="End-to-End User Journeys" time="0.793">
    <system-out><![CDATA[
Scenario: [LEA-002] [CRITICAL] Retrieve created leave request (happy_path) &amp#27;[90m# features/auth-leave_01_end-to-end-user-journeys_20260412_154610.feature:59&amp#27;[0m
15:46:50.663 [main] INFO com.example.e2e.steps.ConsolidatedE2ESteps -- [setup] POST /api/auth/login -> HTTP 200
15:46:50.769 [main] INFO com.example.e2e.steps.ConsolidatedE2ESteps -- [STEP] GET /api/leave-requests -> HTTP 404
  &amp#27;[32mGiven &amp#27;[0m&amp#27;[32mPreconditions met for: Retrieve created leave request&amp#27;[0m              &amp#27;[90m# com.example.e2e.steps.ConsolidatedE2ESteps.preconditionsMetForRetrieveCreatedLeaveRequest()&amp#27;[0m
15:46:50.770 [main] INFO com.example.e2e.steps.ConsolidatedE2ESteps -- [STEP] Explicit HTTP: GET /api/leave-requests/search
15:46:50.831 [main] INFO com.example.e2e.steps.ConsolidatedE2ESteps -- [STEP] Seed balance -> HTTP 500
15:46:50.962 [main] INFO com.example.e2e.steps.ConsolidatedE2ESteps -- [STEP] GET /api/leave-requests/search -> HTTP 200
  &amp#27;[32mWhen &amp#27;[0m&amp#27;[32mGET /api/leave-requests/search executed per business requirement&amp#27;[0m    &amp#27;[90m# com.example.e2e.steps.ConsolidatedE2ESteps.getApiLeaveRequestsSearchExecutedPerBusinessRequirement()&amp#27;[0m
15:46:51.133 [main] INFO com.example.e2e.steps.ConsolidatedE2ESteps -- [STEP] Verified non-5xx response: HTTP 200
  &amp#27;[32mThen &amp#27;[0m&amp#27;[32mReturns success response (200/201) and follows business rule&amp#27;[0m        &amp#27;[90m# com.example.e2e.steps.ConsolidatedE2ESteps.returnsSuccessResponseNNAndFollowsBusinessRule()&amp#27;[0m
]]></system-out>
  </testcase>
  <testcase name="[LEA-003] [CRITICAL] Approve pending leave request as Team Leader (happy_path)" classname="End-to-End User Journeys" time="0.326">
    <system-out><![CDATA[
Scenario: [LEA-003] [CRITICAL] Approve pending leave request as Team Leader (happy_path) &amp#27;[90m# features/auth-leave_01_end-to-end-user-journeys_20260412_154610.feature:64&amp#27;[0m
15:46:51.235 [main] INFO com.example.e2e.steps.ConsolidatedE2ESteps -- [setup] POST /api/auth/login -> HTTP 200
15:46:51.310 [main] INFO com.example.e2e.steps.ConsolidatedE2ESteps -- [STEP] PUT /api/leave-requests/1/approve -> HTTP 400
  &amp#27;[32mGiven &amp#27;[0m&amp#27;[32mPreconditions met for: Approve pending leave request as Team Leader&amp#27;[0m              &amp#27;[90m# com.example.e2e.steps.ConsolidatedE2ESteps.preconditionsMetForApprovePendingLeaveRequestAsTeamLeader()&amp#27;[0m
15:46:51.310 [main] INFO com.example.e2e.steps.ConsolidatedE2ESteps -- [STEP] Explicit HTTP: PUT /api/leave-requests/{id}/approve
15:46:51.328 [main] INFO com.example.e2e.steps.ConsolidatedE2ESteps -- [STEP] Seed balance -> HTTP 500
15:46:51.414 [main] INFO com.example.e2e.steps.ConsolidatedE2ESteps -- [STEP] Seed leave request -> HTTP 500
15:46:51.455 [main] INFO com.example.e2e.steps.ConsolidatedE2ESteps -- [STEP] PUT /api/leave-requests/1/approve -> HTTP 400
  &amp#27;[32mWhen &amp#27;[0m&amp#27;[32mPUT /api/leave-requests/{id}/approve executed per business requirement&amp#27;[0m            &amp#27;[90m# com.example.e2e.steps.ConsolidatedE2ESteps.putApiLeaveRequestsIdApproveExecutedPerBusinessRequirement()&amp#27;[0m
15:46:51.460 [main] INFO com.example.e2e.steps.ConsolidatedE2ESteps -- [STEP] Verified non-5xx response: HTTP 400
  &amp#27;[32mThen &amp#27;[0m&amp#27;[32mReturns success response (200/201) and follows business rule&amp#27;[0m                      &amp#27;[90m# com.example.e2e.steps.ConsolidatedE2ESteps.returnsSuccessResponseNNAndFollowsBusinessRule()&amp#27;[0m
]]></system-out>
  </testcase>
  <testcase name="[LEA-004] [CRITICAL] Reject pending leave request as Employer (happy_path)" classname="End-to-End User Journeys" time="0.216">
    <system-out><![CDATA[
Scenario: [LEA-004] [CRITICAL] Reject pending leave request as Employer (happy_path) &amp#27;[90m# features/auth-leave_01_end-to-end-user-journeys_20260412_154610.feature:69&amp#27;[0m
15:46:51.544 [main] INFO com.example.e2e.steps.ConsolidatedE2ESteps -- [setup] POST /api/auth/login -> HTTP 200
15:46:51.582 [main] INFO com.example.e2e.steps.ConsolidatedE2ESteps -- [STEP] PUT /api/leave-requests/1/reject -> HTTP 400
  &amp#27;[32mGiven &amp#27;[0m&amp#27;[32mPreconditions met for: Reject pending leave request as Employer&amp#27;[0m              &amp#27;[90m# com.example.e2e.steps.ConsolidatedE2ESteps.preconditionsMetForRejectPendingLeaveRequestAsEmployer()&amp#27;[0m
15:46:51.582 [main] INFO com.example.e2e.steps.ConsolidatedE2ESteps -- [STEP] Explicit HTTP: PUT /api/leave-requests/{id}/reject
15:46:51.607 [main] INFO com.example.e2e.steps.ConsolidatedE2ESteps -- [STEP] Seed balance -> HTTP 500
15:46:51.652 [main] INFO com.example.e2e.steps.ConsolidatedE2ESteps -- [STEP] Seed leave request -> HTTP 500
15:46:51.675 [main] INFO com.example.e2e.steps.ConsolidatedE2ESteps -- [STEP] PUT /api/leave-requests/1/reject -> HTTP 400
  &amp#27;[32mWhen &amp#27;[0m&amp#27;[32mPUT /api/leave-requests/{id}/reject executed per business requirement&amp#27;[0m         &amp#27;[90m# com.example.e2e.steps.ConsolidatedE2ESteps.putApiLeaveRequestsIdRejectExecutedPerBusinessRequirement()&amp#27;[0m
15:46:51.677 [main] INFO com.example.e2e.steps.ConsolidatedE2ESteps -- [STEP] Verified non-5xx response: HTTP 400
  &amp#27;[32mThen &amp#27;[0m&amp#27;[32mReturns success response (200/201) and follows business rule&amp#27;[0m                  &amp#27;[90m# com.example.e2e.steps.ConsolidatedE2ESteps.returnsSuccessResponseNNAndFollowsBusinessRule()&amp#27;[0m
]]></system-out>
  </testcase>
  <testcase name="[LEA-005] [CRITICAL] List all leave requests for user (happy_path)" classname="End-to-End User Journeys" time="0.202">
    <system-out><![CDATA[
Scenario: [LEA-005] [CRITICAL] List all leave requests for user (happy_path) &amp#27;[90m# features/auth-leave_01_end-to-end-user-journeys_20260412_154610.feature:74&amp#27;[0m
15:46:51.771 [main] INFO com.example.e2e.steps.ConsolidatedE2ESteps -- [setup] POST /api/auth/login -> HTTP 200
15:46:51.800 [main] INFO com.example.e2e.steps.ConsolidatedE2ESteps -- [STEP] GET /api/leave-requests -> HTTP 404
  &amp#27;[32mGiven &amp#27;[0m&amp#27;[32mPreconditions met for: List all leave requests for user&amp#27;[0m              &amp#27;[90m# com.example.e2e.steps.ConsolidatedE2ESteps.preconditionsMetForListAllLeaveRequestsForUser()&amp#27;[0m
15:46:51.800 [main] INFO com.example.e2e.steps.ConsolidatedE2ESteps -- [STEP] Explicit HTTP: GET /api/leave-requests/search
15:46:51.820 [main] INFO com.example.e2e.steps.ConsolidatedE2ESteps -- [STEP] Seed balance -> HTTP 500
15:46:51.847 [main] INFO com.example.e2e.steps.ConsolidatedE2ESteps -- [STEP] GET /api/leave-requests/search -> HTTP 200
  &amp#27;[32mWhen &amp#27;[0m&amp#27;[32mGET /api/leave-requests/search executed per business requirement&amp#27;[0m      &amp#27;[90m# com.example.e2e.steps.ConsolidatedE2ESteps.getApiLeaveRequestsSearchExecutedPerBusinessRequirement()&amp#27;[0m
15:46:51.878 [main] INFO com.example.e2e.steps.ConsolidatedE2ESteps -- [STEP] Verified non-5xx response: HTTP 200
  &amp#27;[32mThen &amp#27;[0m&amp#27;[32mReturns success response (200/201) and follows business rule&amp#27;[0m          &amp#27;[90m# com.example.e2e.steps.ConsolidatedE2ESteps.returnsSuccessResponseNNAndFollowsBusinessRule()&amp#27;[0m
]]></system-out>
  </testcase>
  <testcase name="[LEA-006] [CRITICAL] Search leave requests by date range (happy_path)" classname="End-to-End User Journeys" time="0.168">
    <system-out><![CDATA[
Scenario: [LEA-006] [CRITICAL] Search leave requests by date range (happy_path) &amp#27;[90m# features/auth-leave_01_end-to-end-user-journeys_20260412_154610.feature:79&amp#27;[0m
15:46:51.967 [main] INFO com.example.e2e.steps.ConsolidatedE2ESteps -- [setup] POST /api/auth/login -> HTTP 200
15:46:51.983 [main] INFO com.example.e2e.steps.ConsolidatedE2ESteps -- [STEP] Generic step executed
  &amp#27;[32mGiven &amp#27;[0m&amp#27;[32mPreconditions met for: Search leave requests by date range&amp#27;[0m              &amp#27;[90m# com.example.e2e.steps.ConsolidatedE2ESteps.preconditionsMetForSearchLeaveRequestsByDateRange()&amp#27;[0m
15:46:51.983 [main] INFO com.example.e2e.steps.ConsolidatedE2ESteps -- [STEP] Explicit HTTP: GET /api/leave-requests/search
15:46:51.999 [main] INFO com.example.e2e.steps.ConsolidatedE2ESteps -- [STEP] Seed balance -> HTTP 500
15:46:52.021 [main] INFO com.example.e2e.steps.ConsolidatedE2ESteps -- [STEP] GET /api/leave-requests/search -> HTTP 200
  &amp#27;[32mWhen &amp#27;[0m&amp#27;[32mGET /api/leave-requests/search executed per business requirement&amp#27;[0m         &amp#27;[90m# com.example.e2e.steps.ConsolidatedE2ESteps.getApiLeaveRequestsSearchExecutedPerBusinessRequirement()&amp#27;[0m
15:46:52.046 [main] INFO com.example.e2e.steps.ConsolidatedE2ESteps -- [STEP] Verified non-5xx response: HTTP 200
  &amp#27;[32mThen &amp#27;[0m&amp#27;[32mReturns success response (200/201) and follows business rule&amp#27;[0m             &amp#27;[90m# com.example.e2e.steps.ConsolidatedE2ESteps.returnsSuccessResponseNNAndFollowsBusinessRule()&amp#27;[0m
]]></system-out>
  </testcase>
  <testcase name="[LEA-007] Create valid leave request with future dates (happy_path)" classname="End-to-End User Journeys" time="0.163">
    <failure message="Expected HTTP 200/201, got 500: {&quot;timestamp&quot;:&quot;2026-04-12&quot;,&quot;status&quot;:500,&quot;error&quot;:&quot;Internal Server Error&quot;,&quot;path&quot;:&quot;/api/leave-requests/create&quot;} ==&gt; expected: &lt;true&gt; but was: &lt;false&gt;" type="org.opentest4j.AssertionFailedError"><![CDATA[org.opentest4j.AssertionFailedError: Expected HTTP 200/201, got 500: {"timestamp":"2026-04-12","status":500,"error":"Internal Server Error","path":"/api/leave-requests/create"} ==> expected: <true> but was: <false>
	at com.example.e2e.steps.ConsolidatedE2ESteps.returnsNNAndEnforcesLeaveDatesMustBeInTheFutureCannotBePastDates(ConsolidatedE2ESteps.java:1021)
	at ✽.Returns 200/201 and enforces: Leave dates must be in the future (cannot be past dates)(classpath:features/auth-leave_01_end-to-end-user-journeys_20260412_154610.feature:87)
]]></failure>
    <system-out><![CDATA[
Scenario: [LEA-007] Create valid leave request with future dates (happy_path)                 &amp#27;[90m# features/auth-leave_01_end-to-end-user-journeys_20260412_154610.feature:84&amp#27;[0m
15:46:52.128 [main] INFO com.example.e2e.steps.ConsolidatedE2ESteps -- [setup] POST /api/auth/login -> HTTP 200
15:46:52.141 [main] INFO com.example.e2e.steps.ConsolidatedE2ESteps -- [STEP] Generic step executed
  &amp#27;[32mGiven &amp#27;[0m&amp#27;[32mSetup for business rule: Create valid leave request with future dates&amp#27;[0m                 &amp#27;[90m# com.example.e2e.steps.ConsolidatedE2ESteps.setupForBusinessRuleCreateValidLeaveRequestWithFutureDates()&amp#27;[0m
15:46:52.141 [main] INFO com.example.e2e.steps.ConsolidatedE2ESteps -- [STEP] Explicit HTTP: POST /api/leave-requests/create
15:46:52.156 [main] INFO com.example.e2e.steps.ConsolidatedE2ESteps -- [STEP] Seed balance -> HTTP 500
15:46:52.191 [main] INFO com.example.e2e.steps.ConsolidatedE2ESteps -- [STEP] POST /api/leave-requests/create -> HTTP 500
  &amp#27;[32mWhen &amp#27;[0m&amp#27;[32mPOST /api/leave-requests/create executed&amp#27;[0m                                               &amp#27;[90m# com.example.e2e.steps.ConsolidatedE2ESteps.postApiLeaveRequestsCreateExecuted()&amp#27;[0m
  &amp#27;[31mThen &amp#27;[0m&amp#27;[31mReturns 200/201 and enforces: Leave dates must be in the future (cannot be past dates)&amp#27;[0m &amp#27;[90m# com.example.e2e.steps.ConsolidatedE2ESteps.returnsNNAndEnforcesLeaveDatesMustBeInTheFutureCannotBePastDates()&amp#27;[0m
      &amp#27;[31morg.opentest4j.AssertionFailedError: Expected HTTP 200/201, got 500: {"timestamp":"2026-04-12","status":500,"error":"Internal Server Error","path":"/api/leave-requests/create"} ==> expected: <true> but was: <false>
	at org.junit.jupiter.api.AssertionFailureBuilder.build(AssertionFailureBuilder.java:151)
	at org.junit.jupiter.api.AssertionFailureBuilder.buildAndThrow(AssertionFailureBuilder.java:132)
	at org.junit.jupiter.api.AssertTrue.failNotTrue(AssertTrue.java:63)
	at org.junit.jupiter.api.AssertTrue.assertTrue(AssertTrue.java:36)
	at org.junit.jupiter.api.Assertions.assertTrue(Assertions.java:214)
	at com.example.e2e.steps.ConsolidatedE2ESteps.returnsNNAndEnforcesLeaveDatesMustBeInTheFutureCannotBePastDates(ConsolidatedE2ESteps.java:1021)
	at âœ½.Returns 200/201 and enforces: Leave dates must be in the future (cannot be past dates)(classpath:features/auth-leave_01_end-to-end-user-journeys_20260412_154610.feature:87)
&amp#27;[0m
]]></system-out>
  </testcase>
  <testcase name="[LEA-008] Retrieve created leave request (happy_path)" classname="End-to-End User Journeys" time="0.175">
    <failure message="Expected HTTP 200/201, got 500: {&quot;timestamp&quot;:&quot;2026-04-12&quot;,&quot;status&quot;:500,&quot;error&quot;:&quot;Internal Server Error&quot;,&quot;path&quot;:&quot;/api/leave-requests/create&quot;} ==&gt; expected: &lt;true&gt; but was: &lt;false&gt;" type="org.opentest4j.AssertionFailedError"><![CDATA[org.opentest4j.AssertionFailedError: Expected HTTP 200/201, got 500: {"timestamp":"2026-04-12","status":500,"error":"Internal Server Error","path":"/api/leave-requests/create"} ==> expected: <true> but was: <false>
	at com.example.e2e.steps.ConsolidatedE2ESteps.returnsNNAndEnforcesLeaveDatesMustBeInTheFutureCannotBePastDates(ConsolidatedE2ESteps.java:1021)
	at ✽.Returns 200/201 and enforces: Leave dates must be in the future (cannot be past dates)(classpath:features/auth-leave_01_end-to-end-user-journeys_20260412_154610.feature:92)
]]></failure>
    <system-out><![CDATA[
Scenario: [LEA-008] Retrieve created leave request (happy_path)                               &amp#27;[90m# features/auth-leave_01_end-to-end-user-journeys_20260412_154610.feature:89&amp#27;[0m
15:46:52.300 [main] INFO com.example.e2e.steps.ConsolidatedE2ESteps -- [setup] POST /api/auth/login -> HTTP 200
15:46:52.326 [main] INFO com.example.e2e.steps.ConsolidatedE2ESteps -- [STEP] GET /api/leave-requests -> HTTP 404
  &amp#27;[32mGiven &amp#27;[0m&amp#27;[32mSetup for business rule: Retrieve created leave request&amp#27;[0m                               &amp#27;[90m# com.example.e2e.steps.ConsolidatedE2ESteps.setupForBusinessRuleRetrieveCreatedLeaveRequest()&amp#27;[0m
15:46:52.327 [main] INFO com.example.e2e.steps.ConsolidatedE2ESteps -- [STEP] Explicit HTTP: POST /api/leave-requests/create
15:46:52.343 [main] INFO com.example.e2e.steps.ConsolidatedE2ESteps -- [STEP] Seed balance -> HTTP 500
15:46:52.389 [main] INFO com.example.e2e.steps.ConsolidatedE2ESteps -- [STEP] POST /api/leave-requests/create -> HTTP 500
  &amp#27;[32mWhen &amp#27;[0m&amp#27;[32mPOST /api/leave-requests/create executed&amp#27;[0m                                               &amp#27;[90m# com.example.e2e.steps.ConsolidatedE2ESteps.postApiLeaveRequestsCreateExecuted()&amp#27;[0m
  &amp#27;[31mThen &amp#27;[0m&amp#27;[31mReturns 200/201 and enforces: Leave dates must be in the future (cannot be past dates)&amp#27;[0m &amp#27;[90m# com.example.e2e.steps.ConsolidatedE2ESteps.returnsNNAndEnforcesLeaveDatesMustBeInTheFutureCannotBePastDates()&amp#27;[0m
      &amp#27;[31morg.opentest4j.AssertionFailedError: Expected HTTP 200/201, got 500: {"timestamp":"2026-04-12","status":500,"error":"Internal Server Error","path":"/api/leave-requests/create"} ==> expected: <true> but was: <false>
	at org.junit.jupiter.api.AssertionFailureBuilder.build(AssertionFailureBuilder.java:151)
	at org.junit.jupiter.api.AssertionFailureBuilder.buildAndThrow(AssertionFailureBuilder.java:132)
	at org.junit.jupiter.api.AssertTrue.failNotTrue(AssertTrue.java:63)
	at org.junit.jupiter.api.AssertTrue.assertTrue(AssertTrue.java:36)
	at org.junit.jupiter.api.Assertions.assertTrue(Assertions.java:214)
	at com.example.e2e.steps.ConsolidatedE2ESteps.returnsNNAndEnforcesLeaveDatesMustBeInTheFutureCannotBePastDates(ConsolidatedE2ESteps.java:1021)
	at âœ½.Returns 200/201 and enforces: Leave dates must be in the future (cannot be past dates)(classpath:features/auth-leave_01_end-to-end-user-journeys_20260412_154610.feature:92)
&amp#27;[0m
]]></system-out>
  </testcase>
  <testcase name="[LEA-009] Approve pending leave request as Team Leader (happy_path)" classname="End-to-End User Journeys" time="0.208">
    <failure message="Expected HTTP 200/201, got 400: This exceeds your validation authority ==&gt; expected: &lt;true&gt; but was: &lt;false&gt;" type="org.opentest4j.AssertionFailedError"><![CDATA[org.opentest4j.AssertionFailedError: Expected HTTP 200/201, got 400: This exceeds your validation authority ==> expected: <true> but was: <false>
	at com.example.e2e.steps.ConsolidatedE2ESteps.returnsNNAndEnforcesLeaveDatesMustBeInTheFutureCannotBePastDates(ConsolidatedE2ESteps.java:1021)
	at ✽.Returns 200/201 and enforces: Leave dates must be in the future (cannot be past dates)(classpath:features/auth-leave_01_end-to-end-user-journeys_20260412_154610.feature:97)
]]></failure>
    <system-out><![CDATA[
Scenario: [LEA-009] Approve pending leave request as Team Leader (happy_path)                 &amp#27;[90m# features/auth-leave_01_end-to-end-user-journeys_20260412_154610.feature:94&amp#27;[0m
15:46:52.478 [main] INFO com.example.e2e.steps.ConsolidatedE2ESteps -- [setup] POST /api/auth/login -> HTTP 200
15:46:52.513 [main] INFO com.example.e2e.steps.ConsolidatedE2ESteps -- [STEP] PUT /api/leave-requests/1/approve -> HTTP 400
  &amp#27;[32mGiven &amp#27;[0m&amp#27;[32mSetup for business rule: Approve pending leave request as Team Leader&amp#27;[0m                 &amp#27;[90m# com.example.e2e.steps.ConsolidatedE2ESteps.setupForBusinessRuleApprovePendingLeaveRequestAsTeamLeader()&amp#27;[0m
15:46:52.514 [main] INFO com.example.e2e.steps.ConsolidatedE2ESteps -- [STEP] Explicit HTTP: PUT /api/leave-requests/{id}/approve
15:46:52.531 [main] INFO com.example.e2e.steps.ConsolidatedE2ESteps -- [STEP] Seed balance -> HTTP 500
15:46:52.575 [main] INFO com.example.e2e.steps.ConsolidatedE2ESteps -- [STEP] Seed leave request -> HTTP 500
15:46:52.598 [main] INFO com.example.e2e.steps.ConsolidatedE2ESteps -- [STEP] PUT /api/leave-requests/1/approve -> HTTP 400
  &amp#27;[32mWhen &amp#27;[0m&amp#27;[32mPUT /api/leave-requests/{id}/approve executed&amp#27;[0m                                          &amp#27;[90m# com.example.e2e.steps.ConsolidatedE2ESteps.putApiLeaveRequestsIdApproveExecuted()&amp#27;[0m
  &amp#27;[31mThen &amp#27;[0m&amp#27;[31mReturns 200/201 and enforces: Leave dates must be in the future (cannot be past dates)&amp#27;[0m &amp#27;[90m# com.example.e2e.steps.ConsolidatedE2ESteps.returnsNNAndEnforcesLeaveDatesMustBeInTheFutureCannotBePastDates()&amp#27;[0m
      &amp#27;[31morg.opentest4j.AssertionFailedError: Expected HTTP 200/201, got 400: This exceeds your validation authority ==> expected: <true> but was: <false>
	at org.junit.jupiter.api.AssertionFailureBuilder.build(AssertionFailureBuilder.java:151)
	at org.junit.jupiter.api.AssertionFailureBuilder.buildAndThrow(AssertionFailureBuilder.java:132)
	at org.junit.jupiter.api.AssertTrue.failNotTrue(AssertTrue.java:63)
	at org.junit.jupiter.api.AssertTrue.assertTrue(AssertTrue.java:36)
	at org.junit.jupiter.api.Assertions.assertTrue(Assertions.java:214)
	at com.example.e2e.steps.ConsolidatedE2ESteps.returnsNNAndEnforcesLeaveDatesMustBeInTheFutureCannotBePastDates(ConsolidatedE2ESteps.java:1021)
	at âœ½.Returns 200/201 and enforces: Leave dates must be in the future (cannot be past dates)(classpath:features/auth-leave_01_end-to-end-user-journeys_20260412_154610.feature:97)
&amp#27;[0m
]]></system-out>
  </testcase>
  <testcase name="[LEA-010] Reject pending leave request as Employer (happy_path)" classname="End-to-End User Journeys" time="0.211">
    <failure message="Expected HTTP 200/201, got 400: Exception 24: Leave request has already been rejected ==&gt; expected: &lt;true&gt; but was: &lt;false&gt;" type="org.opentest4j.AssertionFailedError"><![CDATA[org.opentest4j.AssertionFailedError: Expected HTTP 200/201, got 400: Exception 24: Leave request has already been rejected ==> expected: <true> but was: <false>
	at com.example.e2e.steps.ConsolidatedE2ESteps.returnsNNAndEnforcesLeaveDatesMustBeInTheFutureCannotBePastDates(ConsolidatedE2ESteps.java:1021)
	at ✽.Returns 200/201 and enforces: Leave dates must be in the future (cannot be past dates)(classpath:features/auth-leave_01_end-to-end-user-journeys_20260412_154610.feature:102)
]]></failure>
    <system-out><![CDATA[
Scenario: [LEA-010] Reject pending leave request as Employer (happy_path)                     &amp#27;[90m# features/auth-leave_01_end-to-end-user-journeys_20260412_154610.feature:99&amp#27;[0m
15:46:52.684 [main] INFO com.example.e2e.steps.ConsolidatedE2ESteps -- [setup] POST /api/auth/login -> HTTP 200
15:46:52.731 [main] INFO com.example.e2e.steps.ConsolidatedE2ESteps -- [STEP] PUT /api/leave-requests/1/reject -> HTTP 400
  &amp#27;[32mGiven &amp#27;[0m&amp#27;[32mSetup for business rule: Reject pending leave request as Employer&amp#27;[0m                     &amp#27;[90m# com.example.e2e.steps.ConsolidatedE2ESteps.setupForBusinessRuleRejectPendingLeaveRequestAsEmployer()&amp#27;[0m
15:46:52.732 [main] INFO com.example.e2e.steps.ConsolidatedE2ESteps -- [STEP] Explicit HTTP: PUT /api/leave-requests/{id}/reject
15:46:52.752 [main] INFO com.example.e2e.steps.ConsolidatedE2ESteps -- [STEP] Seed balance -> HTTP 500
15:46:52.790 [main] INFO com.example.e2e.steps.ConsolidatedE2ESteps -- [STEP] Seed leave request -> HTTP 500
15:46:52.809 [main] INFO com.example.e2e.steps.ConsolidatedE2ESteps -- [STEP] PUT /api/leave-requests/1/reject -> HTTP 400
  &amp#27;[32mWhen &amp#27;[0m&amp#27;[32mPUT /api/leave-requests/{id}/reject executed&amp#27;[0m                                           &amp#27;[90m# com.example.e2e.steps.ConsolidatedE2ESteps.putApiLeaveRequestsIdRejectExecuted()&amp#27;[0m
  &amp#27;[31mThen &amp#27;[0m&amp#27;[31mReturns 200/201 and enforces: Leave dates must be in the future (cannot be past dates)&amp#27;[0m &amp#27;[90m# com.example.e2e.steps.ConsolidatedE2ESteps.returnsNNAndEnforcesLeaveDatesMustBeInTheFutureCannotBePastDates()&amp#27;[0m
      &amp#27;[31morg.opentest4j.AssertionFailedError: Expected HTTP 200/201, got 400: Exception 24: Leave request has already been rejected ==> expected: <true> but was: <false>
	at org.junit.jupiter.api.AssertionFailureBuilder.build(AssertionFailureBuilder.java:151)
	at org.junit.jupiter.api.AssertionFailureBuilder.buildAndThrow(AssertionFailureBuilder.java:132)
	at org.junit.jupiter.api.AssertTrue.failNotTrue(AssertTrue.java:63)
	at org.junit.jupiter.api.AssertTrue.assertTrue(AssertTrue.java:36)
	at org.junit.jupiter.api.Assertions.assertTrue(Assertions.java:214)
	at com.example.e2e.steps.ConsolidatedE2ESteps.returnsNNAndEnforcesLeaveDatesMustBeInTheFutureCannotBePastDates(ConsolidatedE2ESteps.java:1021)
	at âœ½.Returns 200/201 and enforces: Leave dates must be in the future (cannot be past dates)(classpath:features/auth-leave_01_end-to-end-user-journeys_20260412_154610.feature:102)
&amp#27;[0m
]]></system-out>
  </testcase>
  <testcase name="[LEA-011] List all leave requests for user (happy_path)" classname="End-to-End User Journeys" time="0.178">
    <system-out><![CDATA[
Scenario: [LEA-011] List all leave requests for user (happy_path)                             &amp#27;[90m# features/auth-leave_01_end-to-end-user-journeys_20260412_154610.feature:104&amp#27;[0m
15:46:52.893 [main] INFO com.example.e2e.steps.ConsolidatedE2ESteps -- [setup] POST /api/auth/login -> HTTP 200
15:46:52.920 [main] INFO com.example.e2e.steps.ConsolidatedE2ESteps -- [STEP] GET /api/leave-requests -> HTTP 404
  &amp#27;[32mGiven &amp#27;[0m&amp#27;[32mSetup for business rule: List all leave requests for user&amp#27;[0m                             &amp#27;[90m# com.example.e2e.steps.ConsolidatedE2ESteps.setupForBusinessRuleListAllLeaveRequestsForUser()&amp#27;[0m
15:46:52.921 [main] INFO com.example.e2e.steps.ConsolidatedE2ESteps -- [STEP] Explicit HTTP: GET /api/balances/{userId}
15:46:52.940 [main] INFO com.example.e2e.steps.ConsolidatedE2ESteps -- [STEP] Seed balance -> HTTP 500
15:46:52.955 [main] INFO com.example.e2e.steps.ConsolidatedE2ESteps -- [STEP] GET /api/balances/8 -> HTTP 200
  &amp#27;[32mWhen &amp#27;[0m&amp#27;[32mGET /api/balances/{userId} executed&amp#27;[0m                                                    &amp#27;[90m# com.example.e2e.steps.ConsolidatedE2ESteps.getApiBalancesUseridExecuted()&amp#27;[0m
15:46:52.989 [main] INFO com.example.e2e.steps.ConsolidatedE2ESteps -- [STEP] Verified expected status (200/201): HTTP 200
  &amp#27;[32mThen &amp#27;[0m&amp#27;[32mReturns 200/201 and enforces: Leave dates must be in the future (cannot be past dates)&amp#27;[0m &amp#27;[90m# com.example.e2e.steps.ConsolidatedE2ESteps.returnsNNAndEnforcesLeaveDatesMustBeInTheFutureCannotBePastDates()&amp#27;[0m
]]></system-out>
  </testcase>
  <testcase name="[LEA-012] Search leave requests by date range (happy_path)" classname="End-to-End User Journeys" time="0.165">
    <system-out><![CDATA[
Scenario: [LEA-012] Search leave requests by date range (happy_path)                          &amp#27;[90m# features/auth-leave_01_end-to-end-user-journeys_20260412_154610.feature:109&amp#27;[0m
15:46:53.080 [main] INFO com.example.e2e.steps.ConsolidatedE2ESteps -- [setup] POST /api/auth/login -> HTTP 200
15:46:53.093 [main] INFO com.example.e2e.steps.ConsolidatedE2ESteps -- [STEP] Generic step executed
  &amp#27;[32mGiven &amp#27;[0m&amp#27;[32mSetup for business rule: Search leave requests by date range&amp#27;[0m                          &amp#27;[90m# com.example.e2e.steps.ConsolidatedE2ESteps.setupForBusinessRuleSearchLeaveRequestsByDateRange()&amp#27;[0m
15:46:53.093 [main] INFO com.example.e2e.steps.ConsolidatedE2ESteps -- [STEP] Explicit HTTP: GET /api/leave-requests/search
15:46:53.108 [main] INFO com.example.e2e.steps.ConsolidatedE2ESteps -- [STEP] Seed balance -> HTTP 500
15:46:53.130 [main] INFO com.example.e2e.steps.ConsolidatedE2ESteps -- [STEP] GET /api/leave-requests/search -> HTTP 200
  &amp#27;[32mWhen &amp#27;[0m&amp#27;[32mGET /api/leave-requests/search executed&amp#27;[0m                                                &amp#27;[90m# com.example.e2e.steps.ConsolidatedE2ESteps.getApiLeaveRequestsSearchExecuted()&amp#27;[0m
15:46:53.154 [main] INFO com.example.e2e.steps.ConsolidatedE2ESteps -- [STEP] Verified expected status (200/201): HTTP 200
  &amp#27;[32mThen &amp#27;[0m&amp#27;[32mReturns 200/201 and enforces: Leave dates must be in the future (cannot be past dates)&amp#27;[0m &amp#27;[90m# com.example.e2e.steps.ConsolidatedE2ESteps.returnsNNAndEnforcesLeaveDatesMustBeInTheFutureCannotBePastDates()&amp#27;[0m
]]></system-out>
  </testcase>
  <testcase name="[LEA-031C] [COVERAGE] Update leave balances with valid annual and recovery values (happy_path)" classname="End-to-End User Journeys" time="0.146">
    <system-out><![CDATA[
Scenario: [LEA-031C] [COVERAGE] Update leave balances with valid annual and recovery values (happy_path) &amp#27;[90m# features/auth-leave_01_end-to-end-user-journeys_20260412_154610.feature:114&amp#27;[0m
15:46:53.240 [main] INFO com.example.e2e.steps.ConsolidatedE2ESteps -- [setup] POST /api/auth/login -> HTTP 200
15:46:53.251 [main] INFO com.example.e2e.steps.ConsolidatedE2ESteps -- [STEP] Generic step executed
  &amp#27;[32mGiven &amp#27;[0m&amp#27;[32mCoverage setup is ready for leave&amp#27;[0m                                                                &amp#27;[90m# com.example.e2e.steps.ConsolidatedE2ESteps.coverageSetupIsReadyForLeave()&amp#27;[0m
15:46:53.251 [main] INFO com.example.e2e.steps.ConsolidatedE2ESteps -- [STEP] Explicit HTTP: PUT /api/balances/{userId}
15:46:53.264 [main] INFO com.example.e2e.steps.ConsolidatedE2ESteps -- [STEP] Seed balance -> HTTP 500
15:46:53.282 [main] INFO com.example.e2e.steps.ConsolidatedE2ESteps -- [STEP] PUT /api/balances/8 -> HTTP 200
  &amp#27;[32mWhen &amp#27;[0m&amp#27;[32mPUT /api/balances/{userId} executed&amp#27;[0m                                                               &amp#27;[90m# com.example.e2e.steps.ConsolidatedE2ESteps.putApiBalancesUseridExecuted()&amp#27;[0m
15:46:53.301 [main] INFO com.example.e2e.steps.ConsolidatedE2ESteps -- [STEP] Verified non-5xx response: HTTP 200
  &amp#27;[32mThen &amp#27;[0m&amp#27;[32mReturns success response (200/201) and follows business rule&amp#27;[0m                                      &amp#27;[90m# com.example.e2e.steps.ConsolidatedE2ESteps.returnsSuccessResponseNNAndFollowsBusinessRule()&amp#27;[0m
]]></system-out>
  </testcase>
  <testcase name="[LEA-032C] [COVERAGE] Cancel an existing leave request (happy_path)" classname="End-to-End User Journeys" time="0.154">
    <system-out><![CDATA[
Scenario: [LEA-032C] [COVERAGE] Cancel an existing leave request (happy_path) &amp#27;[90m# features/auth-leave_01_end-to-end-user-journeys_20260412_154610.feature:119&amp#27;[0m
15:46:53.377 [main] INFO com.example.e2e.steps.ConsolidatedE2ESteps -- [setup] POST /api/auth/login -> HTTP 200
15:46:53.388 [main] INFO com.example.e2e.steps.ConsolidatedE2ESteps -- [STEP] Generic step executed
  &amp#27;[32mGiven &amp#27;[0m&amp#27;[32mCoverage setup is ready for leave&amp#27;[0m                                     &amp#27;[90m# com.example.e2e.steps.ConsolidatedE2ESteps.coverageSetupIsReadyForLeave()&amp#27;[0m
15:46:53.388 [main] INFO com.example.e2e.steps.ConsolidatedE2ESteps -- [STEP] Explicit HTTP: PUT /api/leave-requests/{id}/cancel
15:46:53.400 [main] INFO com.example.e2e.steps.ConsolidatedE2ESteps -- [STEP] Seed balance -> HTTP 500
15:46:53.434 [main] INFO com.example.e2e.steps.ConsolidatedE2ESteps -- [STEP] Seed leave request -> HTTP 500
15:46:53.454 [main] INFO com.example.e2e.steps.ConsolidatedE2ESteps -- [STEP] PUT /api/leave-requests/1/cancel -> HTTP 400
  &amp#27;[32mWhen &amp#27;[0m&amp#27;[32mPUT /api/leave-requests/{id}/cancel executed&amp#27;[0m                           &amp#27;[90m# com.example.e2e.steps.ConsolidatedE2ESteps.putApiLeaveRequestsIdCancelExecuted()&amp#27;[0m
15:46:53.455 [main] INFO com.example.e2e.steps.ConsolidatedE2ESteps -- [STEP] Verified non-5xx response: HTTP 400
  &amp#27;[32mThen &amp#27;[0m&amp#27;[32mReturns success response (200/201) and follows business rule&amp#27;[0m           &amp#27;[90m# com.example.e2e.steps.ConsolidatedE2ESteps.returnsSuccessResponseNNAndFollowsBusinessRule()&amp#27;[0m
]]></system-out>
  </testcase>
  <testcase name="[LEA-033C] [COVERAGE] Create a public holiday entry (happy_path)" classname="End-to-End User Journeys" time="0.15">
    <system-out><![CDATA[
Scenario: [LEA-033C] [COVERAGE] Create a public holiday entry (happy_path) &amp#27;[90m# features/auth-leave_01_end-to-end-user-journeys_20260412_154610.feature:124&amp#27;[0m
15:46:53.533 [main] INFO com.example.e2e.steps.ConsolidatedE2ESteps -- [setup] POST /api/auth/login -> HTTP 200
15:46:53.546 [main] INFO com.example.e2e.steps.ConsolidatedE2ESteps -- [STEP] Generic step executed
  &amp#27;[32mGiven &amp#27;[0m&amp#27;[32mCoverage setup is ready for leave&amp#27;[0m                                  &amp#27;[90m# com.example.e2e.steps.ConsolidatedE2ESteps.coverageSetupIsReadyForLeave()&amp#27;[0m
15:46:53.546 [main] INFO com.example.e2e.steps.ConsolidatedE2ESteps -- [STEP] Explicit HTTP: POST /api/admin/holidays
15:46:53.584 [main] INFO com.example.e2e.steps.ConsolidatedE2ESteps -- [STEP] POST /api/admin/holidays -> HTTP 200
  &amp#27;[32mWhen &amp#27;[0m&amp#27;[32mPOST /api/admin/holidays executed&amp#27;[0m                                   &amp#27;[90m# com.example.e2e.steps.ConsolidatedE2ESteps.postApiAdminHolidaysExecuted()&amp#27;[0m
15:46:53.605 [main] INFO com.example.e2e.steps.ConsolidatedE2ESteps -- [STEP] Verified non-5xx response: HTTP 200
  &amp#27;[32mThen &amp#27;[0m&amp#27;[32mReturns success response (200/201) and follows business rule&amp#27;[0m        &amp#27;[90m# com.example.e2e.steps.ConsolidatedE2ESteps.returnsSuccessResponseNNAndFollowsBusinessRule()&amp#27;[0m
]]></system-out>
  </testcase>
  <testcase name="[AUT-011E] Create user with missing email (error_case)" classname="End-to-End User Journeys" time="0.243">
    <failure message="Expected 4xx error, got 201 ==&gt; expected: &lt;true&gt; but was: &lt;false&gt;" type="org.opentest4j.AssertionFailedError"><![CDATA[org.opentest4j.AssertionFailedError: Expected 4xx error, got 201 ==> expected: <true> but was: <false>
	at com.example.e2e.steps.ConsolidatedE2ESteps.returns4xxErrorWhenUserRolesAreEmployerTeamLeaderAdministrationIsViolated(ConsolidatedE2ESteps.java:1747)
	at ✽.Returns 4xx error when: User roles are: EMPLOYER, TEAM_LEADER, ADMINISTRATION is violated(classpath:features/auth-leave_01_end-to-end-user-journeys_20260412_154610.feature:132)
]]></failure>
    <system-out><![CDATA[
Scenario: [AUT-011E] Create user with missing email (error_case)                                 &amp#27;[90m# features/auth-leave_01_end-to-end-user-journeys_20260412_154610.feature:129&amp#27;[0m
15:46:53.686 [main] INFO com.example.e2e.steps.ConsolidatedE2ESteps -- [setup] POST /api/auth/login -> HTTP 200
15:46:53.703 [main] INFO com.example.e2e.steps.ConsolidatedE2ESteps -- [STEP] Generic step executed
  &amp#27;[32mGiven &amp#27;[0m&amp#27;[32mPrecondition for error: Create user with missing email&amp#27;[0m                                   &amp#27;[90m# com.example.e2e.steps.ConsolidatedE2ESteps.preconditionForErrorCreateUserWithMissingEmail()&amp#27;[0m
15:46:53.704 [main] INFO com.example.e2e.steps.ConsolidatedE2ESteps -- [STEP] Explicit HTTP: POST /api/admin/create-employee
15:46:53.731 [main] INFO com.example.e2e.steps.ConsolidatedE2ESteps -- [STEP] Seed department -> HTTP 200
15:46:53.827 [main] INFO com.example.e2e.steps.ConsolidatedE2ESteps -- [STEP] POST /api/admin/create-employee -> HTTP 201
  &amp#27;[32mWhen &amp#27;[0m&amp#27;[32mPOST /api/admin/create-employee called with invalid/missing data&amp#27;[0m                          &amp#27;[90m# com.example.e2e.steps.ConsolidatedE2ESteps.postApiAdminCreateEmployeeCalledWithInvalidMissingData()&amp#27;[0m
  &amp#27;[31mThen &amp#27;[0m&amp#27;[31mReturns 4xx error when: User roles are: EMPLOYER, TEAM_LEADER, ADMINISTRATION is violated&amp#27;[0m &amp#27;[90m# com.example.e2e.steps.ConsolidatedE2ESteps.returns4xxErrorWhenUserRolesAreEmployerTeamLeaderAdministrationIsViolated()&amp#27;[0m
      &amp#27;[31morg.opentest4j.AssertionFailedError: Expected 4xx error, got 201 ==> expected: <true> but was: <false>
	at org.junit.jupiter.api.AssertionFailureBuilder.build(AssertionFailureBuilder.java:151)
	at org.junit.jupiter.api.AssertionFailureBuilder.buildAndThrow(AssertionFailureBuilder.java:132)
	at org.junit.jupiter.api.AssertTrue.failNotTrue(AssertTrue.java:63)
	at org.junit.jupiter.api.AssertTrue.assertTrue(AssertTrue.java:36)
	at org.junit.jupiter.api.Assertions.assertTrue(Assertions.java:214)
	at com.example.e2e.steps.ConsolidatedE2ESteps.returns4xxErrorWhenUserRolesAreEmployerTeamLeaderAdministrationIsViolated(ConsolidatedE2ESteps.java:1747)
	at âœ½.Returns 4xx error when: User roles are: EMPLOYER, TEAM_LEADER, ADMINISTRATION is violated(classpath:features/auth-leave_01_end-to-end-user-journeys_20260412_154610.feature:132)
&amp#27;[0m
]]></system-out>
  </testcase>
  <testcase name="[AUT-012E] Create user with duplicate email (error_case)" classname="End-to-End User Journeys" time="0.319">
    <failure message="Expected 4xx error, got 201 ==&gt; expected: &lt;true&gt; but was: &lt;false&gt;" type="org.opentest4j.AssertionFailedError"><![CDATA[org.opentest4j.AssertionFailedError: Expected 4xx error, got 201 ==> expected: <true> but was: <false>
	at com.example.e2e.steps.ConsolidatedE2ESteps.returns4xxErrorWhenUserRolesAreEmployerTeamLeaderAdministrationIsViolated(ConsolidatedE2ESteps.java:1747)
	at ✽.Returns 4xx error when: User roles are: EMPLOYER, TEAM_LEADER, ADMINISTRATION is violated(classpath:features/auth-leave_01_end-to-end-user-journeys_20260412_154610.feature:137)
]]></failure>
    <system-out><![CDATA[
Scenario: [AUT-012E] Create user with duplicate email (error_case)                               &amp#27;[90m# features/auth-leave_01_end-to-end-user-journeys_20260412_154610.feature:134&amp#27;[0m
15:46:53.934 [main] INFO com.example.e2e.steps.ConsolidatedE2ESteps -- [setup] POST /api/auth/login -> HTTP 200
15:46:53.956 [main] INFO com.example.e2e.steps.ConsolidatedE2ESteps -- [STEP] Generic step executed
  &amp#27;[32mGiven &amp#27;[0m&amp#27;[32mPrecondition for error: Create user with duplicate email&amp#27;[0m                                 &amp#27;[90m# com.example.e2e.steps.ConsolidatedE2ESteps.preconditionForErrorCreateUserWithDuplicateEmail()&amp#27;[0m
15:46:53.956 [main] INFO com.example.e2e.steps.ConsolidatedE2ESteps -- [STEP] Explicit HTTP: POST /api/admin/create-employee
15:46:53.995 [main] INFO com.example.e2e.steps.ConsolidatedE2ESteps -- [STEP] Seed department -> HTTP 200
15:46:54.137 [main] INFO com.example.e2e.steps.ConsolidatedE2ESteps -- [STEP] POST /api/admin/create-employee -> HTTP 201
  &amp#27;[32mWhen &amp#27;[0m&amp#27;[32mPOST /api/admin/create-employee called with invalid/missing data&amp#27;[0m                          &amp#27;[90m# com.example.e2e.steps.ConsolidatedE2ESteps.postApiAdminCreateEmployeeCalledWithInvalidMissingData()&amp#27;[0m
  &amp#27;[31mThen &amp#27;[0m&amp#27;[31mReturns 4xx error when: User roles are: EMPLOYER, TEAM_LEADER, ADMINISTRATION is violated&amp#27;[0m &amp#27;[90m# com.example.e2e.steps.ConsolidatedE2ESteps.returns4xxErrorWhenUserRolesAreEmployerTeamLeaderAdministrationIsViolated()&amp#27;[0m
      &amp#27;[31morg.opentest4j.AssertionFailedError: Expected 4xx error, got 201 ==> expected: <true> but was: <false>
	at org.junit.jupiter.api.AssertionFailureBuilder.build(AssertionFailureBuilder.java:151)
	at org.junit.jupiter.api.AssertionFailureBuilder.buildAndThrow(AssertionFailureBuilder.java:132)
	at org.junit.jupiter.api.AssertTrue.failNotTrue(AssertTrue.java:63)
	at org.junit.jupiter.api.AssertTrue.assertTrue(AssertTrue.java:36)
	at org.junit.jupiter.api.Assertions.assertTrue(Assertions.java:214)
	at com.example.e2e.steps.ConsolidatedE2ESteps.returns4xxErrorWhenUserRolesAreEmployerTeamLeaderAdministrationIsViolated(ConsolidatedE2ESteps.java:1747)
	at âœ½.Returns 4xx error when: User roles are: EMPLOYER, TEAM_LEADER, ADMINISTRATION is violated(classpath:features/auth-leave_01_end-to-end-user-journeys_20260412_154610.feature:137)
&amp#27;[0m
]]></system-out>
  </testcase>
  <testcase name="[AUT-013E] Fetch non-existent user (404) (error_case)" classname="End-to-End User Journeys" time="0.181">
    <failure message="Expected 4xx error, got 200 ==&gt; expected: &lt;true&gt; but was: &lt;false&gt;" type="org.opentest4j.AssertionFailedError"><![CDATA[org.opentest4j.AssertionFailedError: Expected 4xx error, got 200 ==> expected: <true> but was: <false>
	at com.example.e2e.steps.ConsolidatedE2ESteps.returns4xxErrorWhenUserRolesAreEmployerTeamLeaderAdministrationIsViolated(ConsolidatedE2ESteps.java:1747)
	at ✽.Returns 4xx error when: User roles are: EMPLOYER, TEAM_LEADER, ADMINISTRATION is violated(classpath:features/auth-leave_01_end-to-end-user-journeys_20260412_154610.feature:142)
]]></failure>
    <system-out><![CDATA[
Scenario: [AUT-013E] Fetch non-existent user (404) (error_case)                                  &amp#27;[90m# features/auth-leave_01_end-to-end-user-journeys_20260412_154610.feature:139&amp#27;[0m
15:46:54.265 [main] INFO com.example.e2e.steps.ConsolidatedE2ESteps -- [setup] POST /api/auth/login -> HTTP 200
15:46:54.277 [main] INFO com.example.e2e.steps.ConsolidatedE2ESteps -- [STEP] Generic step executed
  &amp#27;[32mGiven &amp#27;[0m&amp#27;[32mPrecondition for error: Fetch non-existent user (404)&amp#27;[0m                                    &amp#27;[90m# com.example.e2e.steps.ConsolidatedE2ESteps.preconditionForErrorFetchNonExistentUserN()&amp#27;[0m
15:46:54.277 [main] INFO com.example.e2e.steps.ConsolidatedE2ESteps -- [STEP] Explicit HTTP: GET /api/users/search-ids
15:46:54.319 [main] INFO com.example.e2e.steps.ConsolidatedE2ESteps -- [STEP] GET /api/users/search-ids -> HTTP 200
  &amp#27;[32mWhen &amp#27;[0m&amp#27;[32mGET /api/users/search-ids called with invalid/missing data&amp#27;[0m                                &amp#27;[90m# com.example.e2e.steps.ConsolidatedE2ESteps.getApiUsersSearchIdsCalledWithInvalidMissingData()&amp#27;[0m
  &amp#27;[31mThen &amp#27;[0m&amp#27;[31mReturns 4xx error when: User roles are: EMPLOYER, TEAM_LEADER, ADMINISTRATION is violated&amp#27;[0m &amp#27;[90m# com.example.e2e.steps.ConsolidatedE2ESteps.returns4xxErrorWhenUserRolesAreEmployerTeamLeaderAdministrationIsViolated()&amp#27;[0m
      &amp#27;[31morg.opentest4j.AssertionFailedError: Expected 4xx error, got 200 ==> expected: <true> but was: <false>
	at org.junit.jupiter.api.AssertionFailureBuilder.build(AssertionFailureBuilder.java:151)
	at org.junit.jupiter.api.AssertionFailureBuilder.buildAndThrow(AssertionFailureBuilder.java:132)
	at org.junit.jupiter.api.AssertTrue.failNotTrue(AssertTrue.java:63)
	at org.junit.jupiter.api.AssertTrue.assertTrue(AssertTrue.java:36)
	at org.junit.jupiter.api.Assertions.assertTrue(Assertions.java:214)
	at com.example.e2e.steps.ConsolidatedE2ESteps.returns4xxErrorWhenUserRolesAreEmployerTeamLeaderAdministrationIsViolated(ConsolidatedE2ESteps.java:1747)
	at âœ½.Returns 4xx error when: User roles are: EMPLOYER, TEAM_LEADER, ADMINISTRATION is violated(classpath:features/auth-leave_01_end-to-end-user-journeys_20260412_154610.feature:142)
&amp#27;[0m
]]></system-out>
  </testcase>
  <testcase name="[AUT-014E] Update user with invalid role (error_case)" classname="End-to-End User Journeys" time="0.16">
    <failure message="Expected 4xx error, got 200 ==&gt; expected: &lt;true&gt; but was: &lt;false&gt;" type="org.opentest4j.AssertionFailedError"><![CDATA[org.opentest4j.AssertionFailedError: Expected 4xx error, got 200 ==> expected: <true> but was: <false>
	at com.example.e2e.steps.ConsolidatedE2ESteps.returns4xxErrorWhenUserRolesAreEmployerTeamLeaderAdministrationIsViolated(ConsolidatedE2ESteps.java:1747)
	at ✽.Returns 4xx error when: User roles are: EMPLOYER, TEAM_LEADER, ADMINISTRATION is violated(classpath:features/auth-leave_01_end-to-end-user-journeys_20260412_154610.feature:147)
]]></failure>
    <system-out><![CDATA[
Scenario: [AUT-014E] Update user with invalid role (error_case)                                  &amp#27;[90m# features/auth-leave_01_end-to-end-user-journeys_20260412_154610.feature:144&amp#27;[0m
15:46:54.430 [main] INFO com.example.e2e.steps.ConsolidatedE2ESteps -- [setup] POST /api/auth/login -> HTTP 200
15:46:54.452 [main] INFO com.example.e2e.steps.ConsolidatedE2ESteps -- [STEP] Generic step executed
  &amp#27;[32mGiven &amp#27;[0m&amp#27;[32mPrecondition for error: Update user with invalid role&amp#27;[0m                                    &amp#27;[90m# com.example.e2e.steps.ConsolidatedE2ESteps.preconditionForErrorUpdateUserWithInvalidRole()&amp#27;[0m
15:46:54.452 [main] INFO com.example.e2e.steps.ConsolidatedE2ESteps -- [STEP] Explicit HTTP: GET /api/users/search-ids
15:46:54.484 [main] INFO com.example.e2e.steps.ConsolidatedE2ESteps -- [STEP] GET /api/users/search-ids -> HTTP 200
  &amp#27;[32mWhen &amp#27;[0m&amp#27;[32mGET /api/users/search-ids called with invalid/missing data&amp#27;[0m                                &amp#27;[90m# com.example.e2e.steps.ConsolidatedE2ESteps.getApiUsersSearchIdsCalledWithInvalidMissingData()&amp#27;[0m
  &amp#27;[31mThen &amp#27;[0m&amp#27;[31mReturns 4xx error when: User roles are: EMPLOYER, TEAM_LEADER, ADMINISTRATION is violated&amp#27;[0m &amp#27;[90m# com.example.e2e.steps.ConsolidatedE2ESteps.returns4xxErrorWhenUserRolesAreEmployerTeamLeaderAdministrationIsViolated()&amp#27;[0m
      &amp#27;[31morg.opentest4j.AssertionFailedError: Expected 4xx error, got 200 ==> expected: <true> but was: <false>
	at org.junit.jupiter.api.AssertionFailureBuilder.build(AssertionFailureBuilder.java:151)
	at org.junit.jupiter.api.AssertionFailureBuilder.buildAndThrow(AssertionFailureBuilder.java:132)
	at org.junit.jupiter.api.AssertTrue.failNotTrue(AssertTrue.java:63)
	at org.junit.jupiter.api.AssertTrue.assertTrue(AssertTrue.java:36)
	at org.junit.jupiter.api.Assertions.assertTrue(Assertions.java:214)
	at com.example.e2e.steps.ConsolidatedE2ESteps.returns4xxErrorWhenUserRolesAreEmployerTeamLeaderAdministrationIsViolated(ConsolidatedE2ESteps.java:1747)
	at âœ½.Returns 4xx error when: User roles are: EMPLOYER, TEAM_LEADER, ADMINISTRATION is violated(classpath:features/auth-leave_01_end-to-end-user-journeys_20260412_154610.feature:147)
&amp#27;[0m
]]></system-out>
  </testcase>
  <testcase name="[AUT-015E] Assign user to non-existent department (error_case)" classname="End-to-End User Journeys" time="0.162">
    <failure message="Expected 4xx error, got 200 ==&gt; expected: &lt;true&gt; but was: &lt;false&gt;" type="org.opentest4j.AssertionFailedError"><![CDATA[org.opentest4j.AssertionFailedError: Expected 4xx error, got 200 ==> expected: <true> but was: <false>
	at com.example.e2e.steps.ConsolidatedE2ESteps.returns4xxErrorWhenUserRolesAreEmployerTeamLeaderAdministrationIsViolated(ConsolidatedE2ESteps.java:1747)
	at ✽.Returns 4xx error when: User roles are: EMPLOYER, TEAM_LEADER, ADMINISTRATION is violated(classpath:features/auth-leave_01_end-to-end-user-journeys_20260412_154610.feature:152)
]]></failure>
    <system-out><![CDATA[
Scenario: [AUT-015E] Assign user to non-existent department (error_case)                         &amp#27;[90m# features/auth-leave_01_end-to-end-user-journeys_20260412_154610.feature:149&amp#27;[0m
15:46:54.598 [main] INFO com.example.e2e.steps.ConsolidatedE2ESteps -- [setup] POST /api/auth/login -> HTTP 200
15:46:54.612 [main] INFO com.example.e2e.steps.ConsolidatedE2ESteps -- [STEP] Generic step executed
  &amp#27;[32mGiven &amp#27;[0m&amp#27;[32mPrecondition for error: Assign user to non-existent department&amp#27;[0m                           &amp#27;[90m# com.example.e2e.steps.ConsolidatedE2ESteps.preconditionForErrorAssignUserToNonExistentDepartment()&amp#27;[0m
15:46:54.612 [main] INFO com.example.e2e.steps.ConsolidatedE2ESteps -- [STEP] Explicit HTTP: POST /api/admin/departments/create
15:46:54.644 [main] INFO com.example.e2e.steps.ConsolidatedE2ESteps -- [STEP] POST /api/admin/departments/create -> HTTP 200
  &amp#27;[32mWhen &amp#27;[0m&amp#27;[32mPOST /api/admin/departments/create called with invalid/missing data&amp#27;[0m                       &amp#27;[90m# com.example.e2e.steps.ConsolidatedE2ESteps.postApiAdminDepartmentsCreateCalledWithInvalidMissingData()&amp#27;[0m
  &amp#27;[31mThen &amp#27;[0m&amp#27;[31mReturns 4xx error when: User roles are: EMPLOYER, TEAM_LEADER, ADMINISTRATION is violated&amp#27;[0m &amp#27;[90m# com.example.e2e.steps.ConsolidatedE2ESteps.returns4xxErrorWhenUserRolesAreEmployerTeamLeaderAdministrationIsViolated()&amp#27;[0m
      &amp#27;[31morg.opentest4j.AssertionFailedError: Expected 4xx error, got 200 ==> expected: <true> but was: <false>
	at org.junit.jupiter.api.AssertionFailureBuilder.build(AssertionFailureBuilder.java:151)
	at org.junit.jupiter.api.AssertionFailureBuilder.buildAndThrow(AssertionFailureBuilder.java:132)
	at org.junit.jupiter.api.AssertTrue.failNotTrue(AssertTrue.java:63)
	at org.junit.jupiter.api.AssertTrue.assertTrue(AssertTrue.java:36)
	at org.junit.jupiter.api.Assertions.assertTrue(Assertions.java:214)
	at com.example.e2e.steps.ConsolidatedE2ESteps.returns4xxErrorWhenUserRolesAreEmployerTeamLeaderAdministrationIsViolated(ConsolidatedE2ESteps.java:1747)
	at âœ½.Returns 4xx error when: User roles are: EMPLOYER, TEAM_LEADER, ADMINISTRATION is violated(classpath:features/auth-leave_01_end-to-end-user-journeys_20260412_154610.feature:152)
&amp#27;[0m
]]></system-out>
  </testcase>
  <testcase name="[LEA-013E] Create leave with past dates (rejected) (error_case)" classname="End-to-End User Journeys" time="0.206">
    <system-out><![CDATA[
Scenario: [LEA-013E] Create leave with past dates (rejected) (error_case)                           &amp#27;[90m# features/auth-leave_01_end-to-end-user-journeys_20260412_154610.feature:154&amp#27;[0m
15:46:54.751 [main] INFO com.example.e2e.steps.ConsolidatedE2ESteps -- [setup] POST /api/auth/login -> HTTP 200
15:46:54.783 [main] INFO com.example.e2e.steps.ConsolidatedE2ESteps -- [STEP] PUT /api/leave-requests/1/reject -> HTTP 400
  &amp#27;[32mGiven &amp#27;[0m&amp#27;[32mPrecondition for error: Create leave with past dates (rejected)&amp#27;[0m                             &amp#27;[90m# com.example.e2e.steps.ConsolidatedE2ESteps.preconditionForErrorCreateLeaveWithPastDatesRejected()&amp#27;[0m
15:46:54.784 [main] INFO com.example.e2e.steps.ConsolidatedE2ESteps -- [STEP] Explicit HTTP: PUT /api/leave-requests/{id}/reject
15:46:54.802 [main] INFO com.example.e2e.steps.ConsolidatedE2ESteps -- [STEP] Seed balance -> HTTP 500
15:46:54.853 [main] INFO com.example.e2e.steps.ConsolidatedE2ESteps -- [STEP] Seed leave request -> HTTP 500
15:46:54.877 [main] INFO com.example.e2e.steps.ConsolidatedE2ESteps -- [STEP] PUT /api/leave-requests/1/reject -> HTTP 400
  &amp#27;[32mWhen &amp#27;[0m&amp#27;[32mPUT /api/leave-requests/{id}/reject called with invalid/missing data&amp#27;[0m                         &amp#27;[90m# com.example.e2e.steps.ConsolidatedE2ESteps.putApiLeaveRequestsIdRejectCalledWithInvalidMissingData()&amp#27;[0m
15:46:54.878 [main] INFO com.example.e2e.steps.ConsolidatedE2ESteps -- [STEP] Generic step executed
  &amp#27;[32mThen &amp#27;[0m&amp#27;[32mReturns 4xx error when: Leave dates must be in the future (cannot be past dates) is violated&amp#27;[0m &amp#27;[90m# com.example.e2e.steps.ConsolidatedE2ESteps.returns4xxErrorWhenLeaveDatesMustBeInTheFutureCannotBePastDatesIsViolated()&amp#27;[0m
]]></system-out>
  </testcase>
  <testcase name="[LEA-014E] Create leave with fromDate &gt; toDate (rejected) (error_case)" classname="End-to-End User Journeys" time="0.195">
    <system-out><![CDATA[
Scenario: [LEA-014E] Create leave with fromDate > toDate (rejected) (error_case)                    &amp#27;[90m# features/auth-leave_01_end-to-end-user-journeys_20260412_154610.feature:159&amp#27;[0m
15:46:54.964 [main] INFO com.example.e2e.steps.ConsolidatedE2ESteps -- [setup] POST /api/auth/login -> HTTP 200
15:46:54.998 [main] INFO com.example.e2e.steps.ConsolidatedE2ESteps -- [STEP] PUT /api/leave-requests/1/reject -> HTTP 400
  &amp#27;[32mGiven &amp#27;[0m&amp#27;[32mPrecondition for error: Create leave with fromDate > toDate (rejected)&amp#27;[0m                      &amp#27;[90m# com.example.e2e.steps.ConsolidatedE2ESteps.preconditionForErrorCreateLeaveWithFromdateTodateRejected()&amp#27;[0m
15:46:54.999 [main] INFO com.example.e2e.steps.ConsolidatedE2ESteps -- [STEP] Explicit HTTP: PUT /api/leave-requests/{id}/reject
15:46:55.014 [main] INFO com.example.e2e.steps.ConsolidatedE2ESteps -- [STEP] Seed balance -> HTTP 500
15:46:55.056 [main] INFO com.example.e2e.steps.ConsolidatedE2ESteps -- [STEP] Seed leave request -> HTTP 500
15:46:55.072 [main] INFO com.example.e2e.steps.ConsolidatedE2ESteps -- [STEP] PUT /api/leave-requests/1/reject -> HTTP 400
  &amp#27;[32mWhen &amp#27;[0m&amp#27;[32mPUT /api/leave-requests/{id}/reject called with invalid/missing data&amp#27;[0m                         &amp#27;[90m# com.example.e2e.steps.ConsolidatedE2ESteps.putApiLeaveRequestsIdRejectCalledWithInvalidMissingData()&amp#27;[0m
15:46:55.073 [main] INFO com.example.e2e.steps.ConsolidatedE2ESteps -- [STEP] Generic step executed
  &amp#27;[32mThen &amp#27;[0m&amp#27;[32mReturns 4xx error when: Leave dates must be in the future (cannot be past dates) is violated&amp#27;[0m &amp#27;[90m# com.example.e2e.steps.ConsolidatedE2ESteps.returns4xxErrorWhenLeaveDatesMustBeInTheFutureCannotBePastDatesIsViolated()&amp#27;[0m
]]></system-out>
  </testcase>
  <testcase name="[LEA-015E] Create overlapping leave request (rejected) (error_case)" classname="End-to-End User Journeys" time="0.221">
    <system-out><![CDATA[
Scenario: [LEA-015E] Create overlapping leave request (rejected) (error_case)                       &amp#27;[90m# features/auth-leave_01_end-to-end-user-journeys_20260412_154610.feature:164&amp#27;[0m
15:46:55.164 [main] INFO com.example.e2e.steps.ConsolidatedE2ESteps -- [setup] POST /api/auth/login -> HTTP 200
15:46:55.203 [main] INFO com.example.e2e.steps.ConsolidatedE2ESteps -- [STEP] PUT /api/leave-requests/1/reject -> HTTP 400
  &amp#27;[32mGiven &amp#27;[0m&amp#27;[32mPrecondition for error: Create overlapping leave request (rejected)&amp#27;[0m                         &amp#27;[90m# com.example.e2e.steps.ConsolidatedE2ESteps.preconditionForErrorCreateOverlappingLeaveRequestRejected()&amp#27;[0m
15:46:55.203 [main] INFO com.example.e2e.steps.ConsolidatedE2ESteps -- [STEP] Explicit HTTP: PUT /api/leave-requests/{id}/reject
15:46:55.224 [main] INFO com.example.e2e.steps.ConsolidatedE2ESteps -- [STEP] Seed balance -> HTTP 500
15:46:55.269 [main] INFO com.example.e2e.steps.ConsolidatedE2ESteps -- [STEP] Seed leave request -> HTTP 500
15:46:55.294 [main] INFO com.example.e2e.steps.ConsolidatedE2ESteps -- [STEP] PUT /api/leave-requests/1/reject -> HTTP 400
  &amp#27;[32mWhen &amp#27;[0m&amp#27;[32mPUT /api/leave-requests/{id}/reject called with invalid/missing data&amp#27;[0m                         &amp#27;[90m# com.example.e2e.steps.ConsolidatedE2ESteps.putApiLeaveRequestsIdRejectCalledWithInvalidMissingData()&amp#27;[0m
15:46:55.294 [main] INFO com.example.e2e.steps.ConsolidatedE2ESteps -- [STEP] Generic step executed
  &amp#27;[32mThen &amp#27;[0m&amp#27;[32mReturns 4xx error when: Leave dates must be in the future (cannot be past dates) is violated&amp#27;[0m &amp#27;[90m# com.example.e2e.steps.ConsolidatedE2ESteps.returns4xxErrorWhenLeaveDatesMustBeInTheFutureCannotBePastDatesIsViolated()&amp#27;[0m
]]></system-out>
  </testcase>
  <testcase name="[LEA-016E] Request more than 30 days per year (rejected) (error_case)" classname="End-to-End User Journeys" time="0.19">
    <system-out><![CDATA[
Scenario: [LEA-016E] Request more than 30 days per year (rejected) (error_case)                     &amp#27;[90m# features/auth-leave_01_end-to-end-user-journeys_20260412_154610.feature:169&amp#27;[0m
15:46:55.385 [main] INFO com.example.e2e.steps.ConsolidatedE2ESteps -- [setup] POST /api/auth/login -> HTTP 200
15:46:55.402 [main] INFO com.example.e2e.steps.ConsolidatedE2ESteps -- [STEP] Generic step executed
  &amp#27;[32mGiven &amp#27;[0m&amp#27;[32mPrecondition for error: Request more than 30 days per year (rejected)&amp#27;[0m                       &amp#27;[90m# com.example.e2e.steps.ConsolidatedE2ESteps.preconditionForErrorRequestMoreThanNDaysPerYearRejected()&amp#27;[0m
15:46:55.403 [main] INFO com.example.e2e.steps.ConsolidatedE2ESteps -- [STEP] Explicit HTTP: PUT /api/leave-requests/{id}/reject
15:46:55.419 [main] INFO com.example.e2e.steps.ConsolidatedE2ESteps -- [STEP] Seed balance -> HTTP 500
15:46:55.462 [main] INFO com.example.e2e.steps.ConsolidatedE2ESteps -- [STEP] Seed leave request -> HTTP 500
15:46:55.483 [main] INFO com.example.e2e.steps.ConsolidatedE2ESteps -- [STEP] PUT /api/leave-requests/1/reject -> HTTP 400
  &amp#27;[32mWhen &amp#27;[0m&amp#27;[32mPUT /api/leave-requests/{id}/reject called with invalid/missing data&amp#27;[0m                         &amp#27;[90m# com.example.e2e.steps.ConsolidatedE2ESteps.putApiLeaveRequestsIdRejectCalledWithInvalidMissingData()&amp#27;[0m
15:46:55.484 [main] INFO com.example.e2e.steps.ConsolidatedE2ESteps -- [STEP] Generic step executed
  &amp#27;[32mThen &amp#27;[0m&amp#27;[32mReturns 4xx error when: Leave dates must be in the future (cannot be past dates) is violated&amp#27;[0m &amp#27;[90m# com.example.e2e.steps.ConsolidatedE2ESteps.returns4xxErrorWhenLeaveDatesMustBeInTheFutureCannotBePastDatesIsViolated()&amp#27;[0m
]]></system-out>
  </testcase>
  <testcase name="[LEA-017E] Request more than 5 consecutive days (rejected) (error_case)" classname="End-to-End User Journeys" time="0.16">
    <system-out><![CDATA[
Scenario: [LEA-017E] Request more than 5 consecutive days (rejected) (error_case)                   &amp#27;[90m# features/auth-leave_01_end-to-end-user-journeys_20260412_154610.feature:174&amp#27;[0m
15:46:55.568 [main] INFO com.example.e2e.steps.ConsolidatedE2ESteps -- [setup] POST /api/auth/login -> HTTP 200
15:46:55.579 [main] INFO com.example.e2e.steps.ConsolidatedE2ESteps -- [STEP] Generic step executed
  &amp#27;[32mGiven &amp#27;[0m&amp#27;[32mPrecondition for error: Request more than 5 consecutive days (rejected)&amp#27;[0m                     &amp#27;[90m# com.example.e2e.steps.ConsolidatedE2ESteps.preconditionForErrorRequestMoreThanNConsecutiveDaysRejected()&amp#27;[0m
15:46:55.579 [main] INFO com.example.e2e.steps.ConsolidatedE2ESteps -- [STEP] Explicit HTTP: PUT /api/leave-requests/{id}/reject
15:46:55.594 [main] INFO com.example.e2e.steps.ConsolidatedE2ESteps -- [STEP] Seed balance -> HTTP 500
15:46:55.626 [main] INFO com.example.e2e.steps.ConsolidatedE2ESteps -- [STEP] Seed leave request -> HTTP 500
15:46:55.644 [main] INFO com.example.e2e.steps.ConsolidatedE2ESteps -- [STEP] PUT /api/leave-requests/1/reject -> HTTP 400
  &amp#27;[32mWhen &amp#27;[0m&amp#27;[32mPUT /api/leave-requests/{id}/reject called with invalid/missing data&amp#27;[0m                         &amp#27;[90m# com.example.e2e.steps.ConsolidatedE2ESteps.putApiLeaveRequestsIdRejectCalledWithInvalidMissingData()&amp#27;[0m
15:46:55.644 [main] INFO com.example.e2e.steps.ConsolidatedE2ESteps -- [STEP] Generic step executed
  &amp#27;[32mThen &amp#27;[0m&amp#27;[32mReturns 4xx error when: Leave dates must be in the future (cannot be past dates) is violated&amp#27;[0m &amp#27;[90m# com.example.e2e.steps.ConsolidatedE2ESteps.returns4xxErrorWhenLeaveDatesMustBeInTheFutureCannotBePastDatesIsViolated()&amp#27;[0m
]]></system-out>
  </testcase>
  <testcase name="[LEA-018E] Create leave without authentication (401) (error_case)" classname="End-to-End User Journeys" time="0.14">
    <system-out><![CDATA[
Scenario: [LEA-018E] Create leave without authentication (401) (error_case)                         &amp#27;[90m# features/auth-leave_01_end-to-end-user-journeys_20260412_154610.feature:179&amp#27;[0m
15:46:55.724 [main] INFO com.example.e2e.steps.ConsolidatedE2ESteps -- [setup] POST /api/auth/login -> HTTP 200
15:46:55.736 [main] INFO com.example.e2e.steps.ConsolidatedE2ESteps -- [STEP] Generic step executed
  &amp#27;[32mGiven &amp#27;[0m&amp#27;[32mPrecondition for error: Create leave without authentication (401)&amp#27;[0m                           &amp#27;[90m# com.example.e2e.steps.ConsolidatedE2ESteps.preconditionForErrorCreateLeaveWithoutAuthenticationN()&amp#27;[0m
15:46:55.737 [main] INFO com.example.e2e.steps.ConsolidatedE2ESteps -- [STEP] Explicit HTTP: POST /api/leave-requests/create
15:46:55.750 [main] INFO com.example.e2e.steps.ConsolidatedE2ESteps -- [STEP] Seed balance -> HTTP 500
15:46:55.784 [main] INFO com.example.e2e.steps.ConsolidatedE2ESteps -- [STEP] POST /api/leave-requests/create -> HTTP 500
  &amp#27;[32mWhen &amp#27;[0m&amp#27;[32mPOST /api/leave-requests/create called with invalid/missing data&amp#27;[0m                             &amp#27;[90m# com.example.e2e.steps.ConsolidatedE2ESteps.postApiLeaveRequestsCreateCalledWithInvalidMissingData()&amp#27;[0m
15:46:55.784 [main] INFO com.example.e2e.steps.ConsolidatedE2ESteps -- [STEP] Generic step executed
  &amp#27;[32mThen &amp#27;[0m&amp#27;[32mReturns 4xx error when: Leave dates must be in the future (cannot be past dates) is violated&amp#27;[0m &amp#27;[90m# com.example.e2e.steps.ConsolidatedE2ESteps.returns4xxErrorWhenLeaveDatesMustBeInTheFutureCannotBePastDatesIsViolated()&amp#27;[0m
]]></system-out>
  </testcase>
  <testcase name="[LEA-019E] Approve leave that&apos;s not PENDING (rejected) (error_case)" classname="End-to-End User Journeys" time="0.184">
    <system-out><![CDATA[
Scenario: [LEA-019E] Approve leave that's not PENDING (rejected) (error_case)                       &amp#27;[90m# features/auth-leave_01_end-to-end-user-journeys_20260412_154610.feature:184&amp#27;[0m
15:46:55.871 [main] INFO com.example.e2e.steps.ConsolidatedE2ESteps -- [setup] POST /api/auth/login -> HTTP 200
15:46:55.893 [main] INFO com.example.e2e.steps.ConsolidatedE2ESteps -- [STEP] PUT /api/leave-requests/1/approve -> HTTP 400
[...]
15:46:59.255 [main] INFO com.example.e2e.steps.ConsolidatedE2ESteps -- [STEP] Explicit HTTP: POST /api/balances/init/{userId}
15:46:59.287 [main] INFO com.example.e2e.steps.ConsolidatedE2ESteps -- [STEP] Seed balance -> HTTP 500
15:46:59.313 [main] INFO com.example.e2e.steps.ConsolidatedE2ESteps -- [STEP] POST /api/balances/init/8 -> HTTP 500
  &amp#27;[32mWhen &amp#27;[0m&amp#27;[32mPOST /api/balances/init/{userId} called with boundary/edge values&amp#27;[0m &amp#27;[90m# com.example.e2e.steps.ConsolidatedE2ESteps.postApiBalancesInitUseridCalledWithBoundaryEdgeValues()&amp#27;[0m
15:46:59.334 [main] INFO com.example.e2e.steps.ConsolidatedE2ESteps -- [STEP] Checked status: 500
  &amp#27;[32mThen &amp#27;[0m&amp#27;[32mHandles gracefully and returns appropriate status or error&amp#27;[0m        &amp#27;[90m# com.example.e2e.steps.ConsolidatedE2ESteps.handlesGracefullyAndReturnsAppropriateStatusOrError()&amp#27;[0m
]]></system-out>
  </testcase>
  <testcase name="[LEA-025X] Multiple approvals for same request (edge_case)" classname="End-to-End User Journeys" time="0.314">
    <system-out><![CDATA[
Scenario: [LEA-025X] Multiple approvals for same request (edge_case)    &amp#27;[90m# features/auth-leave_01_end-to-end-user-journeys_20260412_154610.feature:274&amp#27;[0m
15:46:59.469 [main] INFO com.example.e2e.steps.ConsolidatedE2ESteps -- [setup] POST /api/auth/login -> HTTP 200
15:46:59.485 [main] INFO com.example.e2e.steps.ConsolidatedE2ESteps -- [STEP] Generic step executed
  &amp#27;[32mGiven &amp#27;[0m&amp#27;[32mEdge case condition: Multiple approvals for same request&amp#27;[0m        &amp#27;[90m# com.example.e2e.steps.ConsolidatedE2ESteps.edgeCaseConditionMultipleApprovalsForSameRequest()&amp#27;[0m
15:46:59.487 [main] INFO com.example.e2e.steps.ConsolidatedE2ESteps -- [STEP] Explicit HTTP: POST /api/leave-requests/create
15:46:59.510 [main] INFO com.example.e2e.steps.ConsolidatedE2ESteps -- [STEP] Seed balance -> HTTP 500
15:46:59.599 [main] INFO com.example.e2e.steps.ConsolidatedE2ESteps -- [STEP] POST /api/leave-requests/create -> HTTP 500
  &amp#27;[32mWhen &amp#27;[0m&amp#27;[32mPOST /api/leave-requests/create called with boundary/edge values&amp#27;[0m &amp#27;[90m# com.example.e2e.steps.ConsolidatedE2ESteps.postApiLeaveRequestsCreateCalledWithBoundaryEdgeValues()&amp#27;[0m
15:46:59.650 [main] INFO com.example.e2e.steps.ConsolidatedE2ESteps -- [STEP] Checked status: 500
  &amp#27;[32mThen &amp#27;[0m&amp#27;[32mHandles gracefully and returns appropriate status or error&amp#27;[0m       &amp#27;[90m# com.example.e2e.steps.ConsolidatedE2ESteps.handlesGracefullyAndReturnsAppropriateStatusOrError()&amp#27;[0m
]]></system-out>
  </testcase>
  <testcase name="[LEA-026X] Reject already approved leave (rejected) (edge_case)" classname="End-to-End User Journeys" time="0.426">
    <failure message="Expected status in response ==&gt; expected: not &lt;null&gt;" type="org.opentest4j.AssertionFailedError"><![CDATA[org.opentest4j.AssertionFailedError: Expected status in response ==> expected: not <null>
	at com.example.e2e.steps.ConsolidatedE2ESteps.handlesGracefullyAndReturnsAppropriateStatusOrError(ConsolidatedE2ESteps.java:2816)
	at ✽.Handles gracefully and returns appropriate status or error(classpath:features/auth-leave_01_end-to-end-user-journeys_20260412_154610.feature:282)
]]></failure>
    <system-out><![CDATA[
Scenario: [LEA-026X] Reject already approved leave (rejected) (edge_case)   &amp#27;[90m# features/auth-leave_01_end-to-end-user-journeys_20260412_154610.feature:279&amp#27;[0m
15:46:59.895 [main] INFO com.example.e2e.steps.ConsolidatedE2ESteps -- [setup] POST /api/auth/login -> HTTP 200
15:46:59.947 [main] INFO com.example.e2e.steps.ConsolidatedE2ESteps -- [STEP] PUT /api/leave-requests/1/approve -> HTTP 400
  &amp#27;[32mGiven &amp#27;[0m&amp#27;[32mEdge case condition: Reject already approved leave (rejected)&amp#27;[0m       &amp#27;[90m# com.example.e2e.steps.ConsolidatedE2ESteps.edgeCaseConditionRejectAlreadyApprovedLeaveRejected()&amp#27;[0m
15:46:59.948 [main] INFO com.example.e2e.steps.ConsolidatedE2ESteps -- [STEP] Explicit HTTP: PUT /api/leave-requests/{id}/reject
15:46:59.975 [main] INFO com.example.e2e.steps.ConsolidatedE2ESteps -- [STEP] Seed balance -> HTTP 500
15:47:00.047 [main] INFO com.example.e2e.steps.ConsolidatedE2ESteps -- [STEP] Seed leave request -> HTTP 500
15:47:00.075 [main] INFO com.example.e2e.steps.ConsolidatedE2ESteps -- [STEP] PUT /api/leave-requests/1/reject -> HTTP 400
  &amp#27;[32mWhen &amp#27;[0m&amp#27;[32mPUT /api/leave-requests/{id}/reject called with boundary/edge values&amp#27;[0m &amp#27;[90m# com.example.e2e.steps.ConsolidatedE2ESteps.putApiLeaveRequestsIdRejectCalledWithBoundaryEdgeValues()&amp#27;[0m
  &amp#27;[31mThen &amp#27;[0m&amp#27;[31mHandles gracefully and returns appropriate status or error&amp#27;[0m           &amp#27;[90m# com.example.e2e.steps.ConsolidatedE2ESteps.handlesGracefullyAndReturnsAppropriateStatusOrError()&amp#27;[0m
      &amp#27;[31morg.opentest4j.AssertionFailedError: Expected status in response ==> expected: not <null>
	at org.junit.jupiter.api.AssertionFailureBuilder.build(AssertionFailureBuilder.java:152)
	at org.junit.jupiter.api.AssertionFailureBuilder.buildAndThrow(AssertionFailureBuilder.java:132)
	at org.junit.jupiter.api.AssertNotNull.failNull(AssertNotNull.java:49)
	at org.junit.jupiter.api.AssertNotNull.assertNotNull(AssertNotNull.java:35)
	at org.junit.jupiter.api.Assertions.assertNotNull(Assertions.java:312)
	at com.example.e2e.steps.ConsolidatedE2ESteps.handlesGracefullyAndReturnsAppropriateStatusOrError(ConsolidatedE2ESteps.java:2816)
	at âœ½.Handles gracefully and returns appropriate status or error(classpath:features/auth-leave_01_end-to-end-user-journeys_20260412_154610.feature:282)
&amp#27;[0m
]]></system-out>
  </testcase>
  <testcase name="[E2E-001] User Authentication → Leave Request Flow (integration)" classname="End-to-End User Journeys" time="0.201">
    <system-out><![CDATA[
Scenario: [E2E-001] User Authentication â†’ Leave Request Flow (integration)                                                                                                      &amp#27;[90m# features/auth-leave_01_end-to-end-user-journeys_20260412_154610.feature:284&amp#27;[0m
15:47:00.225 [main] INFO com.example.e2e.steps.ConsolidatedE2ESteps -- [setup] POST /api/auth/login -> HTTP 200
15:47:00.250 [main] INFO com.example.e2e.steps.ConsolidatedE2ESteps -- [STEP] Generic step executed
  &amp#27;[32mGiven &amp#27;[0m&amp#27;[32mUser authenticates with conge service â†’ Gets JWT token â†’ User creates leave request in DemandeConge with token&amp#27;[0m                                                          &amp#27;[90m# com.example.e2e.steps.ConsolidatedE2ESteps.userAuthenticatesWithCongeServiceGetsJwtTokenUserCreatesLeaveRequestInDemandecongeWithToken()&amp#27;[0m
15:47:00.280 [main] INFO com.example.e2e.steps.ConsolidatedE2ESteps -- [STEP] PUT /api/leave-requests/1/approve -> HTTP 400
  &amp#27;[32mWhen &amp#27;[0m&amp#27;[32mDemandeConge calls conge to verify user role â†’ Team leader receives notification of pending leave â†’ Team leader approves leave&amp#27;[0m                                           &amp#27;[90m# com.example.e2e.steps.ConsolidatedE2ESteps.demandecongeCallsCongeToVerifyUserRoleTeamLeaderReceivesNotificationOfPendingLeaveTeamLeaderApprovesLeave()&amp#27;[0m
15:47:00.281 [main] INFO com.example.e2e.steps.ConsolidatedE2ESteps -- [STEP] Verified authorization check: HTTP 400
  &amp#27;[32mThen &amp#27;[0m&amp#27;[32mUser receives approval notification | Verify: Verify user exists in conge service before creating leave | Verify: Fetch user role from conge to authorize approve/reject&amp#27;[0m &amp#27;[90m# com.example.e2e.steps.ConsolidatedE2ESteps.userReceivesApprovalNotificationVerifyVerifyUserExistsInCongeServiceBeforeCreatingLeaveVerifyFetchUserRoleFromCongeToAuthorizeApproveReject()&amp#27;[0m
]]></system-out>
  </testcase>
  <testcase name="[E2E-002] Overlapping Leave Rejection (integration)" classname="End-to-End User Journeys" time="0.177">
    <failure message="Response should not be null ==&gt; expected: not &lt;null&gt;" type="org.opentest4j.AssertionFailedError"><![CDATA[org.opentest4j.AssertionFailedError: Response should not be null ==> expected: not <null>
	at com.example.e2e.steps.ConsolidatedE2ESteps.systemRejectsSecondRequestVerifyVerifyUserExistsInCongeServiceBeforeCreatingLeaveVerifyFetchUserRoleFromCongeToAuthorizeApproveReject(ConsolidatedE2ESteps.java:3343)
	at ✽.System rejects second request | Verify: Verify user exists in conge service before creating leave | Verify: Fetch user role from conge to authorize approve/reject(classpath:features/auth-leave_01_end-to-end-user-journeys_20260412_154610.feature:292)
]]></failure>
    <system-out><![CDATA[
Scenario: [E2E-002] Overlapping Leave Rejection (integration)                                                                                                             &amp#27;[90m# features/auth-leave_01_end-to-end-user-journeys_20260412_154610.feature:289&amp#27;[0m
15:47:00.436 [main] INFO com.example.e2e.steps.ConsolidatedE2ESteps -- [setup] POST /api/auth/login -> HTTP 200
15:47:00.457 [main] INFO com.example.e2e.steps.ConsolidatedE2ESteps -- [STEP] Generic step executed
  &amp#27;[32mGiven &amp#27;[0m&amp#27;[32mUser creates leave from 2026-05-01 to 2026-05- â†’ User tries to create overlapping leave 2026-05-05 to 2026-05-&amp#27;[0m                                                    &amp#27;[90m# com.example.e2e.steps.ConsolidatedE2ESteps.userCreatesLeaveFromNNNToNNUserTriesToCreateOverlappingLeaveNNNToNN()&amp#27;[0m
15:47:00.458 [main] INFO com.example.e2e.steps.ConsolidatedE2ESteps -- [STEP] Generic step executed
  &amp#27;[32mWhen &amp#27;[0m&amp#27;[32mServices interact&amp#27;[0m                                                                                                                                                  &amp#27;[90m# com.example.e2e.steps.ConsolidatedE2ESteps.servicesInteract()&amp#27;[0m
  &amp#27;[31mThen &amp#27;[0m&amp#27;[31mSystem rejects second request | Verify: Verify user exists in conge service before creating leave | Verify: Fetch user role from conge to authorize approve/reject&amp#27;[0m &amp#27;[90m# com.example.e2e.steps.ConsolidatedE2ESteps.systemRejectsSecondRequestVerifyVerifyUserExistsInCongeServiceBeforeCreatingLeaveVerifyFetchUserRoleFromCongeToAuthorizeApproveReject()&amp#27;[0m
      &amp#27;[31morg.opentest4j.AssertionFailedError: Response should not be null ==> expected: not <null>
	at org.junit.jupiter.api.AssertionFailureBuilder.build(AssertionFailureBuilder.java:152)
	at org.junit.jupiter.api.AssertionFailureBuilder.buildAndThrow(AssertionFailureBuilder.java:132)
	at org.junit.jupiter.api.AssertNotNull.failNull(AssertNotNull.java:49)
	at org.junit.jupiter.api.AssertNotNull.assertNotNull(AssertNotNull.java:35)
	at org.junit.jupiter.api.Assertions.assertNotNull(Assertions.java:312)
	at com.example.e2e.steps.ConsolidatedE2ESteps.systemRejectsSecondRequestVerifyVerifyUserExistsInCongeServiceBeforeCreatingLeaveVerifyFetchUserRoleFromCongeToAuthorizeApproveReject(ConsolidatedE2ESteps.java:3343)
	at âœ½.System rejects second request | Verify: Verify user exists in conge service before creating leave | Verify: Fetch user role from conge to authorize approve/reject(classpath:features/auth-leave_01_end-to-end-user-journeys_20260412_154610.feature:292)
&amp#27;[0m
]]></system-out>
  </testcase>
  <testcase name="[E2E-003] Role-Based Approval Workflow (integration)" classname="End-to-End User Journeys" time="0.176">
    <system-out><![CDATA[
Scenario: [E2E-003] Role-Based Approval Workflow (integration)                                                                                                                      &amp#27;[90m# features/auth-leave_01_end-to-end-user-journeys_20260412_154610.feature:294&amp#27;[0m
15:47:00.587 [main] INFO com.example.e2e.steps.ConsolidatedE2ESteps -- [setup] POST /api/auth/login -> HTTP 200
15:47:00.635 [main] INFO com.example.e2e.steps.ConsolidatedE2ESteps -- [STEP] PUT /api/leave-requests/1/approve -> HTTP 400
  &amp#27;[32mGiven &amp#27;[0m&amp#27;[32mUser (Employee) creates leave request â†’ Team Leader with different role tries to approve&amp#27;[0m                                                                                    &amp#27;[90m# com.example.e2e.steps.ConsolidatedE2ESteps.userEmployeeCreatesLeaveRequestTeamLeaderWithDifferentRoleTriesToApprove()&amp#27;[0m
15:47:00.636 [main] INFO com.example.e2e.steps.ConsolidatedE2ESteps -- [STEP] Generic step executed
  &amp#27;[32mWhen &amp#27;[0m&amp#27;[32mSystem verifies Team Leader role from conge â†’ Team Leader successfully approves&amp#27;[0m                                                                                              &amp#27;[90m# com.example.e2e.steps.ConsolidatedE2ESteps.systemVerifiesTeamLeaderRoleFromCongeTeamLeaderSuccessfullyApproves()&amp#27;[0m
15:47:00.637 [main] INFO com.example.e2e.steps.ConsolidatedE2ESteps -- [STEP] Verified authorization check: HTTP 400
  &amp#27;[32mThen &amp#27;[0m&amp#27;[32mEmployer verifies approval in audit log | Verify: Verify user exists in conge service before creating leave | Verify: Fetch user role from conge to authorize approve/reject&amp#27;[0m &amp#27;[90m# com.example.e2e.steps.ConsolidatedE2ESteps.employerVerifiesApprovalInAuditLogVerifyVerifyUserExistsInCongeServiceBeforeCreatingLeaveVerifyFetchUserRoleFromCongeToAuthorizeApproveReject()&amp#27;[0m
]]></system-out>
  </testcase>
  <testcase name="[E2E-004] Integration Rule: Verify user exists in conge service before creating leave (integration)" classname="End-to-End User Journeys" time="0.163">
    <system-out><![CDATA[
Scenario: [E2E-004] Integration Rule: Verify user exists in conge service before creating leave (integration) &amp#27;[90m# features/auth-leave_01_end-to-end-user-journeys_20260412_154610.feature:299&amp#27;[0m
15:47:00.767 [main] INFO com.example.e2e.steps.ConsolidatedE2ESteps -- [setup] POST /api/auth/login -> HTTP 200
15:47:00.798 [main] INFO com.example.e2e.steps.ConsolidatedE2ESteps -- [STEP] Generic step executed
  &amp#27;[32mGiven &amp#27;[0m&amp#27;[32mLeave request workflow initiated&amp#27;[0m                                                                      &amp#27;[90m# com.example.e2e.steps.ConsolidatedE2ESteps.leaveRequestWorkflowInitiated()&amp#27;[0m
15:47:00.799 [main] INFO com.example.e2e.steps.ConsolidatedE2ESteps -- [STEP] Generic step executed
  &amp#27;[32mWhen &amp#27;[0m&amp#27;[32mDemandeConge service calls conge service per business rule&amp#27;[0m                                             &amp#27;[90m# com.example.e2e.steps.ConsolidatedE2ESteps.demandecongeServiceCallsCongeServicePerBusinessRule()&amp#27;[0m
15:47:00.799 [main] INFO com.example.e2e.steps.ConsolidatedE2ESteps -- [STEP] Generic step executed
  &amp#27;[32mThen &amp#27;[0m&amp#27;[32mâœ“ Verify user exists in conge service before creating leave&amp#27;[0m                                            &amp#27;[90m# com.example.e2e.steps.ConsolidatedE2ESteps.verifyUserExistsInCongeServiceBeforeCreatingLeave()&amp#27;[0m
]]></system-out>
  </testcase>
  <testcase name="[E2E-005] Integration Rule: Fetch user role from conge to authorize approve/reject (integration)" classname="End-to-End User Journeys" time="0.151">
    <failure message="Response should not be null ==&gt; expected: not &lt;null&gt;" type="org.opentest4j.AssertionFailedError"><![CDATA[org.opentest4j.AssertionFailedError: Response should not be null ==> expected: not <null>
	at com.example.e2e.steps.ConsolidatedE2ESteps.fetchUserRoleFromCongeToAuthorizeApproveReject(ConsolidatedE2ESteps.java:3401)
	at ✽.✓ Fetch user role from conge to authorize approve/reject(classpath:features/auth-leave_01_end-to-end-user-journeys_20260412_154610.feature:307)
]]></failure>
    <system-out><![CDATA[
Scenario: [E2E-005] Integration Rule: Fetch user role from conge to authorize approve/reject (integration) &amp#27;[90m# features/auth-leave_01_end-to-end-user-journeys_20260412_154610.feature:304&amp#27;[0m
15:47:00.925 [main] INFO com.example.e2e.steps.ConsolidatedE2ESteps -- [setup] POST /api/auth/login -> HTTP 200
15:47:00.948 [main] INFO com.example.e2e.steps.ConsolidatedE2ESteps -- [STEP] Generic step executed
  &amp#27;[32mGiven &amp#27;[0m&amp#27;[32mLeave request workflow initiated&amp#27;[0m                                                                   &amp#27;[90m# com.example.e2e.steps.ConsolidatedE2ESteps.leaveRequestWorkflowInitiated()&amp#27;[0m
15:47:00.949 [main] INFO com.example.e2e.steps.ConsolidatedE2ESteps -- [STEP] Generic step executed
  &amp#27;[32mWhen &amp#27;[0m&amp#27;[32mDemandeConge service calls conge service per business rule&amp#27;[0m                                          &amp#27;[90m# com.example.e2e.steps.ConsolidatedE2ESteps.demandecongeServiceCallsCongeServicePerBusinessRule()&amp#27;[0m
  &amp#27;[31mThen &amp#27;[0m&amp#27;[31mâœ“ Fetch user role from conge to authorize approve/reject&amp#27;[0m                                            &amp#27;[90m# com.example.e2e.steps.ConsolidatedE2ESteps.fetchUserRoleFromCongeToAuthorizeApproveReject()&amp#27;[0m
      &amp#27;[31morg.opentest4j.AssertionFailedError: Response should not be null ==> expected: not <null>
	at org.junit.jupiter.api.AssertionFailureBuilder.build(AssertionFailureBuilder.java:152)
	at org.junit.jupiter.api.AssertionFailureBuilder.buildAndThrow(AssertionFailureBuilder.java:132)
	at org.junit.jupiter.api.AssertNotNull.failNull(AssertNotNull.java:49)
	at org.junit.jupiter.api.AssertNotNull.assertNotNull(AssertNotNull.java:35)
	at org.junit.jupiter.api.Assertions.assertNotNull(Assertions.java:312)
	at com.example.e2e.steps.ConsolidatedE2ESteps.fetchUserRoleFromCongeToAuthorizeApproveReject(ConsolidatedE2ESteps.java:3401)
	at âœ½.âœ“ Fetch user role from conge to authorize approve/reject(classpath:features/auth-leave_01_end-to-end-user-journeys_20260412_154610.feature:307)
&amp#27;[0m
]]></system-out>
  </testcase>
  <testcase name="[E2E-006] Integration Rule: Validate user department from conge for team leader scope (integration)" classname="End-to-End User Journeys" time="0.142">
    <system-out><![CDATA[
Scenario: [E2E-006] Integration Rule: Validate user department from conge for team leader scope (integration) &amp#27;[90m# features/auth-leave_01_end-to-end-user-journeys_20260412_154610.feature:309&amp#27;[0m
15:47:01.070 [main] INFO com.example.e2e.steps.ConsolidatedE2ESteps -- [setup] POST /api/auth/login -> HTTP 200
15:47:01.091 [main] INFO com.example.e2e.steps.ConsolidatedE2ESteps -- [STEP] Generic step executed
  &amp#27;[32mGiven &amp#27;[0m&amp#27;[32mLeave request workflow initiated&amp#27;[0m                                                                      &amp#27;[90m# com.example.e2e.steps.ConsolidatedE2ESteps.leaveRequestWorkflowInitiated()&amp#27;[0m
15:47:01.092 [main] INFO com.example.e2e.steps.ConsolidatedE2ESteps -- [STEP] Generic step executed
  &amp#27;[32mWhen &amp#27;[0m&amp#27;[32mDemandeConge service calls conge service per business rule&amp#27;[0m                                             &amp#27;[90m# com.example.e2e.steps.ConsolidatedE2ESteps.demandecongeServiceCallsCongeServicePerBusinessRule()&amp#27;[0m
15:47:01.092 [main] INFO com.example.e2e.steps.ConsolidatedE2ESteps -- [STEP] Generic step executed
  &amp#27;[32mThen &amp#27;[0m&amp#27;[32mâœ“ Validate user department from conge for team leader scope&amp#27;[0m                                            &amp#27;[90m# com.example.e2e.steps.ConsolidatedE2ESteps.validateUserDepartmentFromCongeForTeamLeaderScope()&amp#27;[0m
]]></system-out>
  </testcase>
</testsuite>