<?xml version="1.0" encoding="UTF-8"?>
<testsuite xmlns:xsi="http://www.w3.org/2001/XMLSchema-instance" xsi:noNamespaceSchemaLocation="https://maven.apache.org/surefire/maven-surefire-plugin/xsd/surefire-test-report-3.0.xsd" version="3.0" name="com.example.leave.LeaveTestRunner" time="2.842" tests="5" errors="1" skipped="0" failures="1">
  <properties>
[...]
</properties>
  <testcase name="Administrator approves a leave request" classname="Approve Leave Request" time="1.945">
    <failure message="&#10;Expecting actual:&#10;  400&#10;to be between:&#10;  [200, 299]&#10;" type="java.lang.AssertionError"><![CDATA[java.lang.AssertionError: 

Expecting actual:
  400
to be between:
  [200, 299]

	at com.example.leave.steps.LeaveSteps.theRequestStatusChangesToX(LeaveSteps.java:109)
	at ✽.the request status changes to "Granted"(classpath:features/leave-request-service_approve-leave-request_20260316_113158.feature:13)
]]></failure>
    <system-out><![CDATA[
Scenario: Administrator approves a leave request                       # features/leave-request-service_approve-leave-request_20260316_113158.feature:7
  Given the user is authenticated                                      # com.example.leave.steps.LeaveSteps.theUserIsAuthenticated()
  Given the leave request status is "In Progress"                      # com.example.leave.steps.LeaveSteps.theLeaveRequestStatusIsX(java.lang.String)
  And the user is the final approver in the approval chain             # com.example.leave.steps.LeaveSteps.theUserIsTheFinalApproverInTheApprovalChain()
  And the user has not previously approved the request                 # com.example.leave.steps.LeaveSteps.theUserHasNotPreviouslyApprovedTheRequest()
  When the user approves the leave request                             # com.example.leave.steps.LeaveSteps.theUserApprovesTheLeaveRequest()
  And the system adjusts the leave balance according to the leave type # com.example.leave.steps.LeaveSteps.theSystemAdjustsTheLeaveBalanceAccordingToTheLeaveType()
  Then the request status changes to "Granted"                         # com.example.leave.steps.LeaveSteps.theRequestStatusChangesToX(java.lang.String)
      java.lang.AssertionError: 
Expecting actual:
  400
to be between:
  [200, 299]

	at com.example.leave.steps.LeaveSteps.theRequestStatusChangesToX(LeaveSteps.java:109)
	at âœ½.the request status changes to "Granted"(classpath:features/leave-request-service_approve-leave-request_20260316_113158.feature:13)

  And the system displays "Request granted successfully"               # com.example.leave.steps.LeaveSteps.theSystemDisplaysX(java.lang.String)
]]></system-out>
    <system-err><![CDATA[[main] INFO com.example.leave.steps.LeaveSteps - Authenticated with JWT token
[main] INFO com.example.leave.steps.LeaveSteps - Status In Progress → test request ID 3
[main] INFO com.example.leave.steps.LeaveSteps - Role set: Administration
[main] INFO com.example.leave.steps.LeaveSteps - Precondition: the user has not previously approved the request
[main] INFO com.example.leave.steps.LeaveSteps - PUT /api/leave-requests/3/approve (approve, role=Administration) -> HTTP 400
[main] INFO com.example.leave.steps.LeaveSteps - Then validated, HTTP 400
]]></system-err>
  </testcase>
  <testcase name="Team Lead approves a leave request" classname="Approve Leave Request" time="0.757">
    <error message="Failed to parse the JSON document" type="io.restassured.path.json.exception.JsonPathException"><![CDATA[io.restassured.path.json.exception.JsonPathException: Failed to parse the JSON document
	at io.restassured.path.json.JsonPath$ExceptionCatcher.invoke(JsonPath.java:1002)
	at io.restassured.path.json.JsonPath$4.doParseWith(JsonPath.java:967)
	at io.restassured.path.json.JsonPath$JsonParser.parseWith(JsonPath.java:1047)
	at io.restassured.path.json.JsonPath.get(JsonPath.java:202)
	at io.restassured.path.json.JsonPath.getString(JsonPath.java:352)
	at com.example.leave.steps.LeaveSteps.theRequestStatusChangesToX(LeaveSteps.java:110)
	at ✽.the request status changes to "In Progress"(classpath:features/leave-request-service_approve-leave-request_20260316_113158.feature:21)
Caused by: groovy.json.JsonException: Lexing failed on line: 1, column: 1, while reading 'L', no possible valid JSON value or punctuation could be recognized.
	at groovy.json.JsonLexer.nextToken(JsonLexer.java:86)
	at groovy.json.JsonLexer$nextToken.call(Unknown Source)
	at org.codehaus.groovy.runtime.callsite.CallSiteArray.defaultCall(CallSiteArray.java:45)
	at org.codehaus.groovy.runtime.callsite.AbstractCallSite.call(AbstractCallSite.java:125)
	at org.codehaus.groovy.runtime.callsite.AbstractCallSite.call(AbstractCallSite.java:130)
	at io.restassured.internal.path.json.ConfigurableJsonSlurper.parse(ConfigurableJsonSlurper.groovy:97)
	at io.restassured.internal.path.json.ConfigurableJsonSlurper$parse.callCurrent(Unknown Source)
	at org.codehaus.groovy.runtime.callsite.CallSiteArray.defaultCallCurrent(CallSiteArray.java:49)
	at org.codehaus.groovy.runtime.callsite.AbstractCallSite.callCurrent(AbstractCallSite.java:171)
	at org.codehaus.groovy.runtime.callsite.AbstractCallSite.callCurrent(AbstractCallSite.java:185)
	at io.restassured.internal.path.json.ConfigurableJsonSlurper.parseText(ConfigurableJsonSlurper.groovy:83)
	at io.restassured.path.json.JsonPath$4$1.method(JsonPath.java:965)
	at io.restassured.path.json.JsonPath$ExceptionCatcher.invoke(JsonPath.java:1000)
	at io.restassured.path.json.JsonPath$4.doParseWith(JsonPath.java:967)
	at io.restassured.path.json.JsonPath$JsonParser.parseWith(JsonPath.java:1047)
	at io.restassured.path.json.JsonPath.get(JsonPath.java:202)
	at io.restassured.path.json.JsonPath.getString(JsonPath.java:352)
	at com.example.leave.steps.LeaveSteps.theRequestStatusChangesToX(LeaveSteps.java:110)
	at java.base/jdk.internal.reflect.NativeMethodAccessorImpl.invoke0(Native Method)
	at java.base/jdk.internal.reflect.NativeMethodAccessorImpl.invoke(NativeMethodAccessorImpl.java:77)
	at java.base/jdk.internal.reflect.DelegatingMethodAccessorImpl.invoke(DelegatingMethodAccessorImpl.java:43)
	at java.base/java.lang.reflect.Method.invoke(Method.java:568)
	at io.cucumber.java.Invoker.doInvoke(Invoker.java:66)
	at io.cucumber.java.Invoker.invoke(Invoker.java:24)
	at io.cucumber.java.AbstractGlueDefinition.invokeMethod(AbstractGlueDefinition.java:47)
	at io.cucumber.java.JavaStepDefinition.execute(JavaStepDefinition.java:29)
	at io.cucumber.core.runner.CoreStepDefinition.execute(CoreStepDefinition.java:66)
	at io.cucumber.core.runner.PickleStepDefinitionMatch.runStep(PickleStepDefinitionMatch.java:63)
	at io.cucumber.core.runner.ExecutionMode$1.execute(ExecutionMode.java:10)
	at io.cucumber.core.runner.TestStep.executeStep(TestStep.java:84)
	at io.cucumber.core.runner.TestStep.run(TestStep.java:56)
	at io.cucumber.core.runner.PickleStepTestStep.run(PickleStepTestStep.java:51)
	at io.cucumber.core.runner.TestCase.run(TestCase.java:84)
	at io.cucumber.core.runner.Runner.runPickle(Runner.java:75)
	at io.cucumber.junit.PickleRunners$NoStepDescriptions.lambda$run$0(PickleRunners.java:151)
	at io.cucumber.core.runtime.CucumberExecutionContext.lambda$runTestCase$5(CucumberExecutionContext.java:137)
	at io.cucumber.core.runtime.RethrowingThrowableCollector.executeAndThrow(RethrowingThrowableCollector.java:23)
	at io.cucumber.core.runtime.CucumberExecutionContext.runTestCase(CucumberExecutionContext.java:137)
	at io.cucumber.junit.PickleRunners$NoStepDescriptions.run(PickleRunners.java:148)
	at io.cucumber.junit.FeatureRunner.runChild(FeatureRunner.java:144)
	at io.cucumber.junit.FeatureRunner.runChild(FeatureRunner.java:28)
	at org.junit.runners.ParentRunner$4.run(ParentRunner.java:331)
	at org.junit.runners.ParentRunner$1.schedule(ParentRunner.java:79)
	at org.junit.runners.ParentRunner.runChildren(ParentRunner.java:329)
	at org.junit.runners.ParentRunner.access$100(ParentRunner.java:66)
	at org.junit.runners.ParentRunner$2.evaluate(ParentRunner.java:293)
	at org.junit.runners.ParentRunner$3.evaluate(ParentRunner.java:306)
	at org.junit.runners.ParentRunner.run(ParentRunner.java:413)
	at io.cucumber.junit.FeatureRunner.run(FeatureRunner.java:137)
	at io.cucumber.junit.Cucumber.runChild(Cucumber.java:196)
	at io.cucumber.junit.Cucumber.runChild(Cucumber.java:89)
	at org.junit.runners.ParentRunner$4.run(ParentRunner.java:331)
	at org.junit.runners.ParentRunner$1.schedule(ParentRunner.java:79)
	at org.junit.runners.ParentRunner.runChildren(ParentRunner.java:329)
	at org.junit.runners.ParentRunner.access$100(ParentRunner.java:66)
	at org.junit.runners.ParentRunner$2.evaluate(ParentRunner.java:293)
	at io.cucumber.core.runtime.CucumberExecutionContext.lambda$runFeatures$6(CucumberExecutionContext.java:148)
	at io.cucumber.core.runtime.CucumberExecutionContext.execute(CucumberExecutionContext.java:163)
	at io.cucumber.core.runtime.CucumberExecutionContext.runFeatures(CucumberExecutionContext.java:146)
	at io.cucumber.junit.Cucumber$StartAndFinishTestRun.evaluate(Cucumber.java:226)
	at org.junit.runners.ParentRunner$3.evaluate(ParentRunner.java:306)
	at org.junit.runners.ParentRunner.run(ParentRunner.java:413)
	at org.apache.maven.surefire.junit4.JUnit4Provider.execute(JUnit4Provider.java:316)
	at org.apache.maven.surefire.junit4.JUnit4Provider.executeWithRerun(JUnit4Provider.java:240)
	at org.apache.maven.surefire.junit4.JUnit4Provider.executeTestSet(JUnit4Provider.java:214)
	at org.apache.maven.surefire.junit4.JUnit4Provider.invoke(JUnit4Provider.java:155)
	at org.apache.maven.surefire.booter.ForkedBooter.runSuitesInProcess(ForkedBooter.java:385)
	at org.apache.maven.surefire.booter.ForkedBooter.execute(ForkedBooter.java:162)
	at org.apache.maven.surefire.booter.ForkedBooter.run(ForkedBooter.java:507)
	at org.apache.maven.surefire.booter.ForkedBooter.main(ForkedBooter.java:495)
]]></error>
    <system-out><![CDATA[
Scenario: Team Lead approves a leave request                     # features/leave-request-service_approve-leave-request_20260316_113158.feature:16
  Given the user is authenticated                                # com.example.leave.steps.LeaveSteps.theUserIsAuthenticated()
  Given the leave request status is "Pending"                    # com.example.leave.steps.LeaveSteps.theLeaveRequestStatusIsX(java.lang.String)
  And the user is an intermediate approver in the approval chain # com.example.leave.steps.LeaveSteps.theUserIsAnIntermediateApproverInTheApprovalChain()
  And the user has not previously approved the request           # com.example.leave.steps.LeaveSteps.theUserHasNotPreviouslyApprovedTheRequest()
  When the user approves the leave request                       # com.example.leave.steps.LeaveSteps.theUserApprovesTheLeaveRequest()
  Then the request status changes to "In Progress"               # com.example.leave.steps.LeaveSteps.theRequestStatusChangesToX(java.lang.String)
      io.restassured.path.json.exception.JsonPathException: Failed to parse the JSON document
	at io.restassured.path.json.JsonPath$ExceptionCatcher.invoke(JsonPath.java:1002)
	at io.restassured.path.json.JsonPath$4.doParseWith(JsonPath.java:967)
	at io.restassured.path.json.JsonPath$JsonParser.parseWith(JsonPath.java:1047)
	at io.restassured.path.json.JsonPath.get(JsonPath.java:202)
	at io.restassured.path.json.JsonPath.getString(JsonPath.java:352)
	at com.example.leave.steps.LeaveSteps.theRequestStatusChangesToX(LeaveSteps.java:110)
	at âœ½.the request status changes to "In Progress"(classpath:features/leave-request-service_approve-leave-request_20260316_113158.feature:21)
Caused by: groovy.json.JsonException: Lexing failed on line: 1, column: 1, while reading 'L', no possible valid JSON value or punctuation could be recognized.
	at groovy.json.JsonLexer.nextToken(JsonLexer.java:86)
	at groovy.json.JsonLexer$nextToken.call(Unknown Source)
	at org.codehaus.groovy.runtime.callsite.CallSiteArray.defaultCall(CallSiteArray.java:45)
	at org.codehaus.groovy.runtime.callsite.AbstractCallSite.call(AbstractCallSite.java:125)
	at org.codehaus.groovy.runtime.callsite.AbstractCallSite.call(AbstractCallSite.java:130)
	at io.restassured.internal.path.json.ConfigurableJsonSlurper.parse(ConfigurableJsonSlurper.groovy:97)
	at io.restassured.internal.path.json.ConfigurableJsonSlurper$parse.callCurrent(Unknown Source)
	at org.codehaus.groovy.runtime.callsite.CallSiteArray.defaultCallCurrent(CallSiteArray.java:49)
	at org.codehaus.groovy.runtime.callsite.AbstractCallSite.callCurrent(AbstractCallSite.java:171)
	at org.codehaus.groovy.runtime.callsite.AbstractCallSite.callCurrent(AbstractCallSite.java:185)
	at io.restassured.internal.path.json.ConfigurableJsonSlurper.parseText(ConfigurableJsonSlurper.groovy:83)
	at io.restassured.path.json.JsonPath$4$1.method(JsonPath.java:965)
	at io.restassured.path.json.JsonPath$ExceptionCatcher.invoke(JsonPath.java:1000)
	at io.restassured.path.json.JsonPath$4.doParseWith(JsonPath.java:967)
	at io.restassured.path.json.JsonPath$JsonParser.parseWith(JsonPath.java:1047)
	at io.restassured.path.json.JsonPath.get(JsonPath.java:202)
	at io.restassured.path.json.JsonPath.getString(JsonPath.java:352)
	at com.example.leave.steps.LeaveSteps.theRequestStatusChangesToX(LeaveSteps.java:110)
	at java.base/jdk.internal.reflect.NativeMethodAccessorImpl.invoke0(Native Method)
	at java.base/jdk.internal.reflect.NativeMethodAccessorImpl.invoke(NativeMethodAccessorImpl.java:77)
	at java.base/jdk.internal.reflect.DelegatingMethodAccessorImpl.invoke(DelegatingMethodAccessorImpl.java:43)
	at java.base/java.lang.reflect.Method.invoke(Method.java:568)
	at io.cucumber.java.Invoker.doInvoke(Invoker.java:66)
	at io.cucumber.java.Invoker.invoke(Invoker.java:24)
	at io.cucumber.java.AbstractGlueDefinition.invokeMethod(AbstractGlueDefinition.java:47)
	at io.cucumber.java.JavaStepDefinition.execute(JavaStepDefinition.java:29)
	at io.cucumber.core.runner.CoreStepDefinition.execute(CoreStepDefinition.java:66)
	at io.cucumber.core.runner.PickleStepDefinitionMatch.runStep(PickleStepDefinitionMatch.java:63)
	at io.cucumber.core.runner.ExecutionMode$1.execute(ExecutionMode.java:10)
	at io.cucumber.core.runner.TestStep.executeStep(TestStep.java:84)
	at io.cucumber.core.runner.TestStep.run(TestStep.java:56)
	at io.cucumber.core.runner.PickleStepTestStep.run(PickleStepTestStep.java:51)
	at io.cucumber.core.runner.TestCase.run(TestCase.java:84)
	at io.cucumber.core.runner.Runner.runPickle(Runner.java:75)
	at io.cucumber.junit.PickleRunners$NoStepDescriptions.lambda$run$0(PickleRunners.java:151)
	at io.cucumber.core.runtime.CucumberExecutionContext.lambda$runTestCase$5(CucumberExecutionContext.java:137)
	at io.cucumber.core.runtime.RethrowingThrowableCollector.executeAndThrow(RethrowingThrowableCollector.java:23)
	at io.cucumber.core.runtime.CucumberExecutionContext.runTestCase(CucumberExecutionContext.java:137)
	at io.cucumber.junit.PickleRunners$NoStepDescriptions.run(PickleRunners.java:148)
	at io.cucumber.junit.FeatureRunner.runChild(FeatureRunner.java:144)
	at io.cucumber.junit.FeatureRunner.runChild(FeatureRunner.java:28)
	at org.junit.runners.ParentRunner$4.run(ParentRunner.java:331)
	at org.junit.runners.ParentRunner$1.schedule(ParentRunner.java:79)
	at org.junit.runners.ParentRunner.runChildren(ParentRunner.java:329)
	at org.junit.runners.ParentRunner.access$100(ParentRunner.java:66)
	at org.junit.runners.ParentRunner$2.evaluate(ParentRunner.java:293)
	at org.junit.runners.ParentRunner$3.evaluate(ParentRunner.java:306)
	at org.junit.runners.ParentRunner.run(ParentRunner.java:413)
	at io.cucumber.junit.FeatureRunner.run(FeatureRunner.java:137)
	at io.cucumber.junit.Cucumber.runChild(Cucumber.java:196)
	at io.cucumber.junit.Cucumber.runChild(Cucumber.java:89)
	at org.junit.runners.ParentRunner$4.run(ParentRunner.java:331)
	at org.junit.runners.ParentRunner$1.schedule(ParentRunner.java:79)
	at org.junit.runners.ParentRunner.runChildren(ParentRunner.java:329)
	at org.junit.runners.ParentRunner.access$100(ParentRunner.java:66)
	at org.junit.runners.ParentRunner$2.evaluate(ParentRunner.java:293)
	at io.cucumber.core.runtime.CucumberExecutionContext.lambda$runFeatures$6(CucumberExecutionContext.java:148)
	at io.cucumber.core.runtime.CucumberExecutionContext.execute(CucumberExecutionContext.java:163)
	at io.cucumber.core.runtime.CucumberExecutionContext.runFeatures(CucumberExecutionContext.java:146)
	at io.cucumber.junit.Cucumber$StartAndFinishTestRun.evaluate(Cucumber.java:226)
	at org.junit.runners.ParentRunner$3.evaluate(ParentRunner.java:306)
	at org.junit.runners.ParentRunner.run(ParentRunner.java:413)
	at org.apache.maven.surefire.junit4.JUnit4Provider.execute(JUnit4Provider.java:316)
	at org.apache.maven.surefire.junit4.JUnit4Provider.executeWithRerun(JUnit4Provider.java:240)
	at org.apache.maven.surefire.junit4.JUnit4Provider.executeTestSet(JUnit4Provider.java:214)
	at org.apache.maven.surefire.junit4.JUnit4Provider.invoke(JUnit4Provider.java:155)
	at org.apache.maven.surefire.booter.ForkedBooter.runSuitesInProcess(ForkedBooter.java:385)
	at org.apache.maven.surefire.booter.ForkedBooter.execute(ForkedBooter.java:162)
	at org.apache.maven.surefire.booter.ForkedBooter.run(ForkedBooter.java:507)
	at org.apache.maven.surefire.booter.ForkedBooter.main(ForkedBooter.java:495)

  And the system marks the manager's validation as TRUE          # com.example.leave.steps.LeaveSteps.theSystemMarksTheManagerSValidationAsTrue()
]]></system-out>
    <system-err><![CDATA[[main] INFO com.example.leave.steps.LeaveSteps - Authenticated with JWT token
[main] INFO com.example.leave.steps.LeaveSteps - Status Pending → test request ID 2
[main] INFO com.example.leave.steps.LeaveSteps - Role set: TeamLeader
[main] INFO com.example.leave.steps.LeaveSteps - Precondition: the user has not previously approved the request
[main] INFO com.example.leave.steps.LeaveSteps - PUT /api/leave-requests/2/approve (approve, role=TeamLeader) -> HTTP 200
]]></system-err>
  </testcase>
  <testcase name="User is not authorized to approve the leave request" classname="Approve Leave Request" time="0.05">
    <system-out><![CDATA[
Scenario: User is not authorized to approve the leave request                                     # features/leave-request-service_approve-leave-request_20260316_113158.feature:24
  Given the user is authenticated                                                                 # com.example.leave.steps.LeaveSteps.theUserIsAuthenticated()
  Given the leave request status is "Pending"                                                     # com.example.leave.steps.LeaveSteps.theLeaveRequestStatusIsX(java.lang.String)
  And the user is not in the approval chain                                                       # com.example.leave.steps.LeaveSteps.theUserIsNotInTheApprovalChain()
  When the user attempts to approve the leave request                                             # com.example.leave.steps.LeaveSteps.theUserAttemptsToApproveTheLeaveRequest()
  Then the system displays the error You are not authorized to modify the status of this request. # com.example.leave.steps.LeaveSteps.theSystemDisplaysTheErrorYouAreNotAuthorizedToModifyTheStatusOfThisRequest()
]]></system-out>
    <system-err><![CDATA[[main] INFO com.example.leave.steps.LeaveSteps - Authenticated with JWT token
[main] INFO com.example.leave.steps.LeaveSteps - Status Pending → test request ID 2
[main] INFO com.example.leave.steps.LeaveSteps - Role set: Administration
[main] INFO com.example.leave.steps.LeaveSteps - PUT /api/leave-requests/2/approve (approve, role=Administration) -> HTTP 400
[main] INFO com.example.leave.steps.LeaveSteps - Error confirmed, HTTP 400
]]></system-err>
  </testcase>
  <testcase name="User tries to approve a request that is not in a valid state" classname="Approve Leave Request" time="0.038">
    <system-out><![CDATA[
Scenario: User tries to approve a request that is not in a valid state                                                           # features/leave-request-service_approve-leave-request_20260316_113158.feature:30
  Given the user is authenticated                                                                                                # com.example.leave.steps.LeaveSteps.theUserIsAuthenticated()
  Given the leave request status is "Granted"                                                                                    # com.example.leave.steps.LeaveSteps.theLeaveRequestStatusIsX(java.lang.String)
  And the user is in the approval chain                                                                                          # com.example.leave.steps.LeaveSteps.theUserIsInTheApprovalChain()
  When the user attempts to approve the leave request                                                                            # com.example.leave.steps.LeaveSteps.theUserAttemptsToApproveTheLeaveRequest()
  Then the system displays the error If the request is not in a valid state ("Pending" or "In Progress"), validation is blocked. # com.example.leave.steps.LeaveSteps.theSystemDisplaysTheErrorIfTheRequestIsNotInAValidStateXOrXValidationIsBlocked(java.lang.String,java.lang.String)
]]></system-out>
    <system-err><![CDATA[[main] INFO com.example.leave.steps.LeaveSteps - Authenticated with JWT token
[main] INFO com.example.leave.steps.LeaveSteps - Status Granted → test request ID 1
[main] INFO com.example.leave.steps.LeaveSteps - Role set: Administration
[main] INFO com.example.leave.steps.LeaveSteps - PUT /api/leave-requests/1/approve (approve, role=Administration) -> HTTP 400
[main] INFO com.example.leave.steps.LeaveSteps - Error HTTP 400: This exceeds your validation authority
]]></system-err>
  </testcase>
  <testcase name="User tries to approve a request they have already previously approved" classname="Approve Leave Request" time="0.026">
    <system-out><![CDATA[
Scenario: User tries to approve a request they have already previously approved                               # features/leave-request-service_approve-leave-request_20260316_113158.feature:36
  Given the user is authenticated                                                                             # com.example.leave.steps.LeaveSteps.theUserIsAuthenticated()
  Given the leave request status is "Pending"                                                                 # com.example.leave.steps.LeaveSteps.theLeaveRequestStatusIsX(java.lang.String)
  And the user is in the approval chain                                                                       # com.example.leave.steps.LeaveSteps.theUserIsInTheApprovalChain()
  And the user has previously approved the request                                                            # com.example.leave.steps.LeaveSteps.theUserHasPreviouslyApprovedTheRequest()
  When the user attempts to approve the leave request                                                         # com.example.leave.steps.LeaveSteps.theUserAttemptsToApproveTheLeaveRequest()
  Then the system displays the error If the user has already validated previously, the validation is refused. # com.example.leave.steps.LeaveSteps.theSystemDisplaysTheErrorIfTheUserHasAlreadyValidatedPreviouslyTheValidationIsRefused()
]]></system-out>
    <system-err><![CDATA[[main] INFO com.example.leave.steps.LeaveSteps - Authenticated with JWT token
[main] INFO com.example.leave.steps.LeaveSteps - Status Pending → test request ID 2
[main] INFO com.example.leave.steps.LeaveSteps - Role set: Administration
[main] INFO com.example.leave.steps.LeaveSteps - Precondition: the user has previously approved the request
[main] INFO com.example.leave.steps.LeaveSteps - PUT /api/leave-requests/2/approve (approve, role=Administration) -> HTTP 400
[main] INFO com.example.leave.steps.LeaveSteps - Error confirmed, HTTP 400
]]></system-err>
  </testcase>
</testsuite>