<?xml version="1.0" encoding="UTF-8"?>
<testsuite xmlns:xsi="http://www.w3.org/2001/XMLSchema-instance" xsi:noNamespaceSchemaLocation="https://maven.apache.org/surefire/maven-surefire-plugin/xsd/surefire-test-report-3.0.xsd" version="3.0" name="com.example.e2e.ConsolidatedE2ETestRunner" time="8.852" tests="39" errors="23" skipped="0" failures="8">
  <properties>
[...]
</properties>
  <testcase name="Employee submits a valid leave request" classname="Leave Request Lifecycle" time="3.252">
    <failure message="Expected status in response ==&gt; expected: not &lt;null&gt;" type="org.opentest4j.AssertionFailedError"><![CDATA[org.opentest4j.AssertionFailedError: Expected status in response ==> expected: not <null>
	at com.example.e2e.steps.ConsolidatedE2ESteps.theLeaveRequestStatusIsX(ConsolidatedE2ESteps.java:135)
	at ✽.the leave request status is "Pending"(classpath:features/auth-leave_01_leave-request-lifecycle_20260401_121211.feature:11)
]]></failure>
    <system-out><![CDATA[
Scenario: Employee submits a valid leave request                                        &amp#27;[90m# features/auth-leave_01_leave-request-lifecycle_20260401_121211.feature:7&amp#27;[0m
12:12:23.382 [main] INFO com.example.e2e.steps.ConsolidatedE2ESteps -- [STEP] POST /api/auth/login -> HTTP 200
  &amp#27;[32mGiven &amp#27;[0m&amp#27;[32mthe employee logs in with valid credentials&amp#27;[0m                                     &amp#27;[90m# com.example.e2e.steps.ConsolidatedE2ESteps.theEmployeeLogsInWithValidCredentials()&amp#27;[0m
12:12:24.247 [main] INFO com.example.e2e.steps.ConsolidatedE2ESteps -- [STEP] Generic step executed
  &amp#27;[32mGiven &amp#27;[0m&amp#27;[32mthe employee has sufficient leave balance&amp#27;[0m                                       &amp#27;[90m# com.example.e2e.steps.ConsolidatedE2ESteps.theEmployeeHasSufficientLeaveBalance()&amp#27;[0m
12:12:24.302 [main] INFO com.example.e2e.steps.ConsolidatedE2ESteps -- [STEP] POST /api/leave-requests/create -> HTTP 403
  &amp#27;[32mWhen &amp#27;[0m&amp#27;[32mthe employee submits an annual leave request from &amp#27;[0m&amp#27;[32m&amp#27;[1m"future date"&amp#27;[0m&amp#27;[32m to &amp#27;[0m&amp#27;[32m&amp#27;[1m"future date"&amp#27;[0m &amp#27;[90m# com.example.e2e.steps.ConsolidatedE2ESteps.theEmployeeSubmitsAnAnnualLeaveRequestFromXToX(java.lang.String,java.lang.String)&amp#27;[0m
12:12:24.303 [main] INFO com.example.e2e.steps.ConsolidatedE2ESteps -- [STEP] Generic step executed
  &amp#27;[32mAnd &amp#27;[0m&amp#27;[32mthe request includes a valid reason&amp#27;[0m                                               &amp#27;[90m# com.example.e2e.steps.ConsolidatedE2ESteps.theRequestIncludesAValidReason()&amp#27;[0m
  &amp#27;[31mThen &amp#27;[0m&amp#27;[31mthe leave request status is &amp#27;[0m&amp#27;[31m&amp#27;[1m"Pending"&amp#27;[0m                                            &amp#27;[90m# com.example.e2e.steps.ConsolidatedE2ESteps.theLeaveRequestStatusIsX(java.lang.String)&amp#27;[0m
      &amp#27;[31morg.opentest4j.AssertionFailedError: Expected status in response ==> expected: not <null>
	at org.junit.jupiter.api.AssertionFailureBuilder.build(AssertionFailureBuilder.java:152)
	at org.junit.jupiter.api.AssertionFailureBuilder.buildAndThrow(AssertionFailureBuilder.java:132)
	at org.junit.jupiter.api.AssertNotNull.failNull(AssertNotNull.java:49)
	at org.junit.jupiter.api.AssertNotNull.assertNotNull(AssertNotNull.java:35)
	at org.junit.jupiter.api.Assertions.assertNotNull(Assertions.java:312)
	at com.example.e2e.steps.ConsolidatedE2ESteps.theLeaveRequestStatusIsX(ConsolidatedE2ESteps.java:135)
	at âœ½.the leave request status is "Pending"(classpath:features/auth-leave_01_leave-request-lifecycle_20260401_121211.feature:11)
&amp#27;[0m
]]></system-out>
  </testcase>
  <testcase name="Employee submits without filling all required fields" classname="Leave Request Lifecycle" time="0.269">
    <system-out><![CDATA[
Scenario: Employee submits without filling all required fields                           &amp#27;[90m# features/auth-leave_01_leave-request-lifecycle_20260401_121211.feature:13&amp#27;[0m
12:12:24.538 [main] INFO com.example.e2e.steps.ConsolidatedE2ESteps -- [STEP] POST /api/auth/login -> HTTP 200
  &amp#27;[32mGiven &amp#27;[0m&amp#27;[32mthe employee logs in with valid credentials&amp#27;[0m                                      &amp#27;[90m# com.example.e2e.steps.ConsolidatedE2ESteps.theEmployeeLogsInWithValidCredentials()&amp#27;[0m
12:12:24.557 [main] INFO com.example.e2e.steps.ConsolidatedE2ESteps -- [STEP] Generic step executed
  &amp#27;[32mGiven &amp#27;[0m&amp#27;[32mthe employee has sufficient leave balance&amp#27;[0m                                        &amp#27;[90m# com.example.e2e.steps.ConsolidatedE2ESteps.theEmployeeHasSufficientLeaveBalance()&amp#27;[0m
12:12:24.600 [main] INFO com.example.e2e.steps.ConsolidatedE2ESteps -- [STEP] POST /api/leave-requests/create -> HTTP 403
  &amp#27;[32mWhen &amp#27;[0m&amp#27;[32mthe employee submits a leave request without a reason&amp#27;[0m                             &amp#27;[90m# com.example.e2e.steps.ConsolidatedE2ESteps.theEmployeeSubmitsALeaveRequestWithoutAReason()&amp#27;[0m
12:12:24.601 [main] WARN com.example.e2e.steps.ConsolidatedE2ESteps -- [STEP] No error message found in response: 
  &amp#27;[32mThen &amp#27;[0m&amp#27;[32mthe system displays the error &amp#27;[0m&amp#27;[32m&amp#27;[1m"Request cannot be processed due to missing fields"&amp#27;[0m &amp#27;[90m# com.example.e2e.steps.ConsolidatedE2ESteps.theSystemDisplaysTheErrorX(java.lang.String)&amp#27;[0m
]]></system-out>
  </testcase>
  <testcase name="Employee submits overlapping with another request" classname="Leave Request Lifecycle" time="0.228">
    <system-out><![CDATA[
Scenario: Employee submits overlapping with another request                            &amp#27;[90m# features/auth-leave_01_leave-request-lifecycle_20260401_121211.feature:18&amp#27;[0m
12:12:24.773 [main] INFO com.example.e2e.steps.ConsolidatedE2ESteps -- [STEP] POST /api/auth/login -> HTTP 200
  &amp#27;[32mGiven &amp#27;[0m&amp#27;[32mthe employee logs in with valid credentials&amp#27;[0m                                    &amp#27;[90m# com.example.e2e.steps.ConsolidatedE2ESteps.theEmployeeLogsInWithValidCredentials()&amp#27;[0m
12:12:24.795 [main] INFO com.example.e2e.steps.ConsolidatedE2ESteps -- [STEP] Generic step executed
  &amp#27;[32mGiven &amp#27;[0m&amp#27;[32mthe employee has a pending leave request from &amp#27;[0m&amp#27;[32m&amp#27;[1m"future date"&amp#27;[0m&amp#27;[32m to &amp#27;[0m&amp#27;[32m&amp#27;[1m"future date"&amp#27;[0m   &amp#27;[90m# com.example.e2e.steps.ConsolidatedE2ESteps.theEmployeeHasAPendingLeaveRequestFromXToX(java.lang.String,java.lang.String)&amp#27;[0m
12:12:24.827 [main] INFO com.example.e2e.steps.ConsolidatedE2ESteps -- [STEP] POST /api/leave-requests/create -> HTTP 403
  &amp#27;[32mWhen &amp#27;[0m&amp#27;[32mthe employee submits another leave request overlapping the existing one&amp#27;[0m         &amp#27;[90m# com.example.e2e.steps.ConsolidatedE2ESteps.theEmployeeSubmitsAnotherLeaveRequestOverlappingTheExistingOne()&amp#27;[0m
12:12:24.829 [main] WARN com.example.e2e.steps.ConsolidatedE2ESteps -- [STEP] No error message found in response: 
  &amp#27;[32mThen &amp#27;[0m&amp#27;[32mthe system displays the error &amp#27;[0m&amp#27;[32m&amp#27;[1m"Leave request overlaps with an existing request"&amp#27;[0m &amp#27;[90m# com.example.e2e.steps.ConsolidatedE2ESteps.theSystemDisplaysTheErrorX(java.lang.String)&amp#27;[0m
]]></system-out>
  </testcase>
  <testcase name="Employee submits with insufficient balance" classname="Leave Request Lifecycle" time="0.318">
    <system-out><![CDATA[
Scenario: Employee submits with insufficient balance                                    &amp#27;[90m# features/auth-leave_01_leave-request-lifecycle_20260401_121211.feature:23&amp#27;[0m
12:12:25.089 [main] INFO com.example.e2e.steps.ConsolidatedE2ESteps -- [STEP] POST /api/auth/login -> HTTP 200
  &amp#27;[32mGiven &amp#27;[0m&amp#27;[32mthe employee logs in with valid credentials&amp#27;[0m                                     &amp#27;[90m# com.example.e2e.steps.ConsolidatedE2ESteps.theEmployeeLogsInWithValidCredentials()&amp#27;[0m
12:12:25.106 [main] INFO com.example.e2e.steps.ConsolidatedE2ESteps -- [STEP] Generic step executed
  &amp#27;[32mGiven &amp#27;[0m&amp#27;[32mthe employee has zero leave balance&amp#27;[0m                                             &amp#27;[90m# com.example.e2e.steps.ConsolidatedE2ESteps.theEmployeeHasZeroLeaveBalance()&amp#27;[0m
12:12:25.148 [main] INFO com.example.e2e.steps.ConsolidatedE2ESteps -- [STEP] POST /api/leave-requests/create -> HTTP 403
  &amp#27;[32mWhen &amp#27;[0m&amp#27;[32mthe employee submits an annual leave request from &amp#27;[0m&amp#27;[32m&amp#27;[1m"future date"&amp#27;[0m&amp#27;[32m to &amp#27;[0m&amp#27;[32m&amp#27;[1m"future date"&amp#27;[0m &amp#27;[90m# com.example.e2e.steps.ConsolidatedE2ESteps.theEmployeeSubmitsAnAnnualLeaveRequestFromXToX(java.lang.String,java.lang.String)&amp#27;[0m
12:12:25.149 [main] WARN com.example.e2e.steps.ConsolidatedE2ESteps -- [STEP] No error message found in response: 
  &amp#27;[32mThen &amp#27;[0m&amp#27;[32mthe system displays the error &amp#27;[0m&amp#27;[32m&amp#27;[1m"Insufficient leave balance"&amp#27;[0m                       &amp#27;[90m# com.example.e2e.steps.ConsolidatedE2ESteps.theSystemDisplaysTheErrorX(java.lang.String)&amp#27;[0m
]]></system-out>
  </testcase>
  <testcase name="Unauthorized employee attempts to create request" classname="Leave Request Lifecycle" time="0.527">
    <system-out><![CDATA[
Scenario: Unauthorized employee attempts to create request       &amp#27;[90m# features/auth-leave_01_leave-request-lifecycle_20260401_121211.feature:28&amp#27;[0m
12:12:25.404 [main] INFO com.example.e2e.steps.ConsolidatedE2ESteps -- [STEP] POST /api/auth/login -> HTTP 200
  &amp#27;[32mGiven &amp#27;[0m&amp#27;[32mthe employee logs in with valid credentials&amp#27;[0m              &amp#27;[90m# com.example.e2e.steps.ConsolidatedE2ESteps.theEmployeeLogsInWithValidCredentials()&amp#27;[0m
12:12:25.623 [main] INFO com.example.e2e.steps.ConsolidatedE2ESteps -- [STEP] POST /api/auth/login -> HTTP 200
  &amp#27;[32mGiven &amp#27;[0m&amp#27;[32mthe unauthorized employee logs in with valid credentials&amp#27;[0m &amp#27;[90m# com.example.e2e.steps.ConsolidatedE2ESteps.theUnauthorizedEmployeeLogsInWithValidCredentials()&amp#27;[0m
12:12:25.672 [main] INFO com.example.e2e.steps.ConsolidatedE2ESteps -- [STEP] POST /api/leave-requests/create -> HTTP 403
  &amp#27;[32mWhen &amp#27;[0m&amp#27;[32mthe unauthorized employee submits a leave request&amp#27;[0m         &amp#27;[90m# com.example.e2e.steps.ConsolidatedE2ESteps.theUnauthorizedEmployeeSubmitsALeaveRequest()&amp#27;[0m
12:12:25.676 [main] INFO com.example.e2e.steps.ConsolidatedE2ESteps -- [STEP] Verified authorization check: HTTP 403
  &amp#27;[32mThen &amp#27;[0m&amp#27;[32mthe system blocks the action&amp#27;[0m                              &amp#27;[90m# com.example.e2e.steps.ConsolidatedE2ESteps.theSystemBlocksTheAction()&amp#27;[0m
]]></system-out>
  </testcase>
  <testcase name="Employee submits with different day counts" classname="Leave Request Lifecycle" time="0.212">
    <system-out><![CDATA[
Scenario: Employee submits with different day counts          &amp#27;[90m# features/auth-leave_01_leave-request-lifecycle_20260401_121211.feature:72&amp#27;[0m
12:12:28.393 [main] INFO com.example.e2e.steps.ConsolidatedE2ESteps -- [STEP] POST /api/auth/login -> HTTP 200
  &amp#27;[32mGiven &amp#27;[0m&amp#27;[32mthe employee logs in with valid credentials&amp#27;[0m           &amp#27;[90m# com.example.e2e.steps.ConsolidatedE2ESteps.theEmployeeLogsInWithValidCredentials()&amp#27;[0m
12:12:28.437 [main] INFO com.example.e2e.steps.ConsolidatedE2ESteps -- [STEP] POST /api/leave-requests/create -> HTTP 403
  &amp#27;[32mWhen &amp#27;[0m&amp#27;[32mthe employee submits a leave request with &amp#27;[0m&amp#27;[32m&amp#27;[1m"value"&amp#27;[0m&amp#27;[32m days&amp#27;[0m &amp#27;[90m# com.example.e2e.steps.ConsolidatedE2ESteps.theEmployeeSubmitsALeaveRequestWithXDays(java.lang.String)&amp#27;[0m
12:12:28.440 [main] WARN com.example.e2e.steps.ConsolidatedE2ESteps -- [STEP] No error message found in response: 
  &amp#27;[32mThen &amp#27;[0m&amp#27;[32mthe system displays the error &amp#27;[0m&amp#27;[32m&amp#27;[1m"value"&amp#27;[0m                  &amp#27;[90m# com.example.e2e.steps.ConsolidatedE2ESteps.theSystemDisplaysTheErrorX(java.lang.String)&amp#27;[0m
]]></system-out>
  </testcase>
  <testcase name="Example #1.1" classname="Examples" time="0.242">
    <failure message="Expected status in response ==&gt; expected: not &lt;null&gt;" type="org.opentest4j.AssertionFailedError"><![CDATA[org.opentest4j.AssertionFailedError: Expected status in response ==> expected: not <null>
	at com.example.e2e.steps.ConsolidatedE2ESteps.theStatusIsX(ConsolidatedE2ESteps.java:316)
	at ✽.the status is "Pending"(classpath:features/auth-leave_01_leave-request-lifecycle_20260401_121211.feature:35)
]]></failure>
    <system-out><![CDATA[
Scenario Outline: Employee submits with different date ranges                   &amp#27;[90m# features/auth-leave_01_leave-request-lifecycle_20260401_121211.feature:39&amp#27;[0m
12:12:25.834 [main] INFO com.example.e2e.steps.ConsolidatedE2ESteps -- [STEP] POST /api/auth/login -> HTTP 200
  &amp#27;[32mGiven &amp#27;[0m&amp#27;[32mthe employee logs in with valid credentials&amp#27;[0m                             &amp#27;[90m# com.example.e2e.steps.ConsolidatedE2ESteps.theEmployeeLogsInWithValidCredentials()&amp#27;[0m
12:12:25.914 [main] INFO com.example.e2e.steps.ConsolidatedE2ESteps -- [STEP] POST /api/leave-requests/create -> HTTP 403
  &amp#27;[32mWhen &amp#27;[0m&amp#27;[32mthe employee submits a leave request from &amp#27;[0m&amp#27;[32m&amp#27;[1m"future date"&amp#27;[0m&amp#27;[32m to &amp#27;[0m&amp#27;[32m&amp#27;[1m"future date"&amp#27;[0m &amp#27;[90m# com.example.e2e.steps.ConsolidatedE2ESteps.theEmployeeSubmitsALeaveRequestFromXToX(java.lang.String,java.lang.String)&amp#27;[0m
  &amp#27;[31mThen &amp#27;[0m&amp#27;[31mthe status is &amp#27;[0m&amp#27;[31m&amp#27;[1m"Pending"&amp#27;[0m                                                  &amp#27;[90m# com.example.e2e.steps.ConsolidatedE2ESteps.theStatusIsX(java.lang.String)&amp#27;[0m
      &amp#27;[31morg.opentest4j.AssertionFailedError: Expected status in response ==> expected: not <null>
	at org.junit.jupiter.api.AssertionFailureBuilder.build(AssertionFailureBuilder.java:152)
	at org.junit.jupiter.api.AssertionFailureBuilder.buildAndThrow(AssertionFailureBuilder.java:132)
	at org.junit.jupiter.api.AssertNotNull.failNull(AssertNotNull.java:49)
	at org.junit.jupiter.api.AssertNotNull.assertNotNull(AssertNotNull.java:35)
	at org.junit.jupiter.api.Assertions.assertNotNull(Assertions.java:312)
	at com.example.e2e.steps.ConsolidatedE2ESteps.theStatusIsX(ConsolidatedE2ESteps.java:316)
	at âœ½.the status is "Pending"(classpath:features/auth-leave_01_leave-request-lifecycle_20260401_121211.feature:35)
&amp#27;[0m
]]></system-out>
  </testcase>
  <testcase name="Example #1.1" classname="Examples" time="0.223">
    <failure message="Expected status in response ==&gt; expected: not &lt;null&gt;" type="org.opentest4j.AssertionFailedError"><![CDATA[org.opentest4j.AssertionFailedError: Expected status in response ==> expected: not <null>
	at com.example.e2e.steps.ConsolidatedE2ESteps.theStatusIsX(ConsolidatedE2ESteps.java:316)
	at ✽.the status is "Pending"(classpath:features/auth-leave_01_leave-request-lifecycle_20260401_121211.feature:45)
]]></failure>
    <system-out><![CDATA[
Scenario Outline: Employee submits with different leave types        &amp#27;[90m# features/auth-leave_01_leave-request-lifecycle_20260401_121211.feature:49&amp#27;[0m
12:12:26.585 [main] INFO com.example.e2e.steps.ConsolidatedE2ESteps -- [STEP] POST /api/auth/login -> HTTP 200
  &amp#27;[32mGiven &amp#27;[0m&amp#27;[32mthe employee logs in with valid credentials&amp#27;[0m                  &amp#27;[90m# com.example.e2e.steps.ConsolidatedE2ESteps.theEmployeeLogsInWithValidCredentials()&amp#27;[0m
12:12:26.649 [main] INFO com.example.e2e.steps.ConsolidatedE2ESteps -- [STEP] POST /api/leave-requests/create -> HTTP 403
  &amp#27;[32mWhen &amp#27;[0m&amp#27;[32mthe employee submits a leave request with type &amp#27;[0m&amp#27;[32m&amp#27;[1m"ANNUAL_LEAVE"&amp#27;[0m &amp#27;[90m# com.example.e2e.steps.ConsolidatedE2ESteps.theEmployeeSubmitsALeaveRequestWithTypeX(java.lang.String)&amp#27;[0m
  &amp#27;[31mThen &amp#27;[0m&amp#27;[31mthe status is &amp#27;[0m&amp#27;[31m&amp#27;[1m"Pending"&amp#27;[0m                                       &amp#27;[90m# com.example.e2e.steps.ConsolidatedE2ESteps.theStatusIsX(java.lang.String)&amp#27;[0m
      &amp#27;[31morg.opentest4j.AssertionFailedError: Expected status in response ==> expected: not <null>
	at org.junit.jupiter.api.AssertionFailureBuilder.build(AssertionFailureBuilder.java:152)
	at org.junit.jupiter.api.AssertionFailureBuilder.buildAndThrow(AssertionFailureBuilder.java:132)
	at org.junit.jupiter.api.AssertNotNull.failNull(AssertNotNull.java:49)
	at org.junit.jupiter.api.AssertNotNull.assertNotNull(AssertNotNull.java:35)
	at org.junit.jupiter.api.Assertions.assertNotNull(Assertions.java:312)
	at com.example.e2e.steps.ConsolidatedE2ESteps.theStatusIsX(ConsolidatedE2ESteps.java:316)
	at âœ½.the status is "Pending"(classpath:features/auth-leave_01_leave-request-lifecycle_20260401_121211.feature:45)
&amp#27;[0m
]]></system-out>
  </testcase>
  <testcase name="Example #1.1" classname="Examples" time="0.215">
    <system-out><![CDATA[
Scenario Outline: Employee submits with different balances                      &amp#27;[90m# features/auth-leave_01_leave-request-lifecycle_20260401_121211.feature:61&amp#27;[0m
12:12:27.606 [main] INFO com.example.e2e.steps.ConsolidatedE2ESteps -- [STEP] POST /api/auth/login -> HTTP 200
  &amp#27;[32mGiven &amp#27;[0m&amp#27;[32mthe employee logs in with valid credentials&amp#27;[0m                             &amp#27;[90m# com.example.e2e.steps.ConsolidatedE2ESteps.theEmployeeLogsInWithValidCredentials()&amp#27;[0m
12:12:27.628 [main] INFO com.example.e2e.steps.ConsolidatedE2ESteps -- [STEP] Generic step executed
  &amp#27;[32mGiven &amp#27;[0m&amp#27;[32mthe employee has &amp#27;[0m&amp#27;[32m&amp#27;[1m"zero"&amp#27;[0m&amp#27;[32m leave balance&amp#27;[0m                                   &amp#27;[90m# com.example.e2e.steps.ConsolidatedE2ESteps.theEmployeeHasXLeaveBalance(java.lang.String)&amp#27;[0m
12:12:27.656 [main] INFO com.example.e2e.steps.ConsolidatedE2ESteps -- [STEP] POST /api/leave-requests/create -> HTTP 403
  &amp#27;[32mWhen &amp#27;[0m&amp#27;[32mthe employee submits a leave request from &amp#27;[0m&amp#27;[32m&amp#27;[1m"future date"&amp#27;[0m&amp#27;[32m to &amp#27;[0m&amp#27;[32m&amp#27;[1m"future date"&amp#27;[0m &amp#27;[90m# com.example.e2e.steps.ConsolidatedE2ESteps.theEmployeeSubmitsALeaveRequestFromXToX(java.lang.String,java.lang.String)&amp#27;[0m
12:12:27.658 [main] WARN com.example.e2e.steps.ConsolidatedE2ESteps -- [STEP] No error message found in response: 
  &amp#27;[32mThen &amp#27;[0m&amp#27;[32mthe system displays the error &amp#27;[0m&amp#27;[32m&amp#27;[1m"Insufficient leave balance"&amp#27;[0m               &amp#27;[90m# com.example.e2e.steps.ConsolidatedE2ESteps.theSystemDisplaysTheErrorX(java.lang.String)&amp#27;[0m
]]></system-out>
  </testcase>
  <testcase name="Example #1.1" classname="Examples" time="0.265">
    <system-out><![CDATA[
Scenario Outline: Employee submits with different notice periods              &amp#27;[90m# features/auth-leave_01_leave-request-lifecycle_20260401_121211.feature:70&amp#27;[0m
12:12:28.153 [main] INFO com.example.e2e.steps.ConsolidatedE2ESteps -- [STEP] POST /api/auth/login -> HTTP 200
  &amp#27;[32mGiven &amp#27;[0m&amp#27;[32mthe employee logs in with valid credentials&amp#27;[0m                           &amp#27;[90m# com.example.e2e.steps.ConsolidatedE2ESteps.theEmployeeLogsInWithValidCredentials()&amp#27;[0m
12:12:28.228 [main] INFO com.example.e2e.steps.ConsolidatedE2ESteps -- [STEP] POST /api/leave-requests/create -> HTTP 403
  &amp#27;[32mWhen &amp#27;[0m&amp#27;[32mthe employee submits a leave request less than &amp#27;[0m&amp#27;[32m&amp#27;[1m"48"&amp#27;[0m&amp#27;[32m hours before start&amp#27;[0m &amp#27;[90m# com.example.e2e.steps.ConsolidatedE2ESteps.theEmployeeSubmitsALeaveRequestLessThanXHoursBeforeStart(java.lang.String)&amp#27;[0m
12:12:28.229 [main] WARN com.example.e2e.steps.ConsolidatedE2ESteps -- [STEP] No error message found in response: 
  &amp#27;[32mThen &amp#27;[0m&amp#27;[32mthe system displays the error &amp#27;[0m&amp#27;[32m&amp#27;[1m"Request does not respect notice period"&amp#27;[0m &amp#27;[90m# com.example.e2e.steps.ConsolidatedE2ESteps.theSystemDisplaysTheErrorX(java.lang.String)&amp#27;[0m
]]></system-out>
  </testcase>
  <testcase name="Example #1.1" classname="Examples" time="0.007">
    <error message="The step &apos;the Employer logs in with valid credentials&apos; and 1 other step(s) are undefined.&#10;You can implement these steps using the snippet(s) below:&#10;&#10;@Given(&quot;the Employer logs in with valid credentials&quot;)&#10;public void the_employer_logs_in_with_valid_credentials() {&#10;    // Write code here that turns the phrase above into concrete actions&#10;    throw new io.cucumber.java.PendingException();&#10;}&#10;@Given(&quot;the employee has sufficient balance&quot;)&#10;public void the_employee_has_sufficient_balance() {&#10;    // Write code here that turns the phrase above into concrete actions&#10;    throw new io.cucumber.java.PendingException();&#10;}&#10;" type="io.cucumber.junit.platform.engine.UndefinedStepException"><![CDATA[io.cucumber.junit.platform.engine.UndefinedStepException: 
The step 'the Employer logs in with valid credentials' and 1 other step(s) are undefined.
You can implement these steps using the snippet(s) below:

@Given("the Employer logs in with valid credentials")
public void the_employer_logs_in_with_valid_credentials() {
    // Write code here that turns the phrase above into concrete actions
    throw new io.cucumber.java.PendingException();
}
@Given("the employee has sufficient balance")
public void the_employee_has_sufficient_balance() {
    // Write code here that turns the phrase above into concrete actions
    throw new io.cucumber.java.PendingException();
}

	at io.cucumber.core.runtime.TestCaseResultObserver.assertTestCasePassed(TestCaseResultObserver.java:69)
	at io.cucumber.junit.platform.engine.TestCaseResultObserver.assertTestCasePassed(TestCaseResultObserver.java:22)
	at io.cucumber.junit.platform.engine.CucumberEngineExecutionContext.lambda$runTestCase$4(CucumberEngineExecutionContext.java:114)
	at io.cucumber.core.runtime.CucumberExecutionContext.lambda$runTestCase$5(CucumberExecutionContext.java:137)
	at io.cucumber.core.runtime.RethrowingThrowableCollector.executeAndThrow(RethrowingThrowableCollector.java:23)
	at io.cucumber.core.runtime.CucumberExecutionContext.runTestCase(CucumberExecutionContext.java:137)
	at io.cucumber.junit.platform.engine.CucumberEngineExecutionContext.runTestCase(CucumberEngineExecutionContext.java:109)
	at io.cucumber.junit.platform.engine.NodeDescriptor$PickleDescriptor.execute(NodeDescriptor.java:168)
	at io.cucumber.junit.platform.engine.NodeDescriptor$PickleDescriptor.execute(NodeDescriptor.java:90)
	at java.base/java.util.ArrayList.forEach(ArrayList.java:1511)
	at java.base/java.util.ArrayList.forEach(ArrayList.java:1511)
	at java.base/java.util.ArrayList.forEach(ArrayList.java:1511)
	at java.base/java.util.ArrayList.forEach(ArrayList.java:1511)
]]></error>
    <system-out><![CDATA[
Scenario Outline: Employee submits with different date ranges         &amp#27;[90m# features/auth_01_leave-request-management-complete-featur_20260331_235528.feature:58&amp#27;[0m
  &amp#27;[33mGiven &amp#27;[0m&amp#27;[33mthe Employer logs in with valid credentials&amp#27;[0m
  &amp#27;[36mGiven &amp#27;[0m&amp#27;[36mthe employee has sufficient balance&amp#27;[0m
  &amp#27;[36mWhen &amp#27;[0m&amp#27;[36mthe employee submits a leave request from &amp#27;[0m&amp#27;[36m&amp#27;[1m"future"&amp#27;[0m&amp#27;[36m to &amp#27;[0m&amp#27;[36m&amp#27;[1m"future"&amp#27;[0m &amp#27;[90m# com.example.e2e.steps.ConsolidatedE2ESteps.theEmployeeSubmitsALeaveRequestFromXToX(java.lang.String,java.lang.String)&amp#27;[0m
  &amp#27;[36mThen &amp#27;[0m&amp#27;[36mthe status is &amp#27;[0m&amp#27;[36m&amp#27;[1m"Pending"&amp#27;[0m                                        &amp#27;[90m# com.example.e2e.steps.ConsolidatedE2ESteps.theStatusIsX(java.lang.String)&amp#27;[0m
]]></system-out>
  </testcase>
  <testcase name="Example #1.1" classname="Examples" time="0.01">
    <error message="The step &apos;the Employer logs in with valid credentials&apos; and 1 other step(s) are undefined.&#10;You can implement these steps using the snippet(s) below:&#10;&#10;@Given(&quot;the Employer logs in with valid credentials&quot;)&#10;public void the_employer_logs_in_with_valid_credentials() {&#10;    // Write code here that turns the phrase above into concrete actions&#10;    throw new io.cucumber.java.PendingException();&#10;}&#10;@Given(&quot;the employee has sufficient balance&quot;)&#10;public void the_employee_has_sufficient_balance() {&#10;    // Write code here that turns the phrase above into concrete actions&#10;    throw new io.cucumber.java.PendingException();&#10;}&#10;" type="io.cucumber.junit.platform.engine.UndefinedStepException"><![CDATA[io.cucumber.junit.platform.engine.UndefinedStepException: 
The step 'the Employer logs in with valid credentials' and 1 other step(s) are undefined.
You can implement these steps using the snippet(s) below:

@Given("the Employer logs in with valid credentials")
public void the_employer_logs_in_with_valid_credentials() {
    // Write code here that turns the phrase above into concrete actions
    throw new io.cucumber.java.PendingException();
}
@Given("the employee has sufficient balance")
public void the_employee_has_sufficient_balance() {
    // Write code here that turns the phrase above into concrete actions
    throw new io.cucumber.java.PendingException();
}

	at io.cucumber.core.runtime.TestCaseResultObserver.assertTestCasePassed(TestCaseResultObserver.java:69)
	at io.cucumber.junit.platform.engine.TestCaseResultObserver.assertTestCasePassed(TestCaseResultObserver.java:22)
	at io.cucumber.junit.platform.engine.CucumberEngineExecutionContext.lambda$runTestCase$4(CucumberEngineExecutionContext.java:114)
	at io.cucumber.core.runtime.CucumberExecutionContext.lambda$runTestCase$5(CucumberExecutionContext.java:137)
	at io.cucumber.core.runtime.RethrowingThrowableCollector.executeAndThrow(RethrowingThrowableCollector.java:23)
	at io.cucumber.core.runtime.CucumberExecutionContext.runTestCase(CucumberExecutionContext.java:137)
	at io.cucumber.junit.platform.engine.CucumberEngineExecutionContext.runTestCase(CucumberEngineExecutionContext.java:109)
	at io.cucumber.junit.platform.engine.NodeDescriptor$PickleDescriptor.execute(NodeDescriptor.java:168)
	at io.cucumber.junit.platform.engine.NodeDescriptor$PickleDescriptor.execute(NodeDescriptor.java:90)
	at java.base/java.util.ArrayList.forEach(ArrayList.java:1511)
	at java.base/java.util.ArrayList.forEach(ArrayList.java:1511)
	at java.base/java.util.ArrayList.forEach(ArrayList.java:1511)
	at java.base/java.util.ArrayList.forEach(ArrayList.java:1511)
]]></error>
    <system-out><![CDATA[
Scenario Outline: Employee submits with different leave types        &amp#27;[90m# features/auth_01_leave-request-management-complete-featur_20260331_235528.feature:68&amp#27;[0m
  &amp#27;[33mGiven &amp#27;[0m&amp#27;[33mthe Employer logs in with valid credentials&amp#27;[0m
  &amp#27;[36mGiven &amp#27;[0m&amp#27;[36mthe employee has sufficient balance&amp#27;[0m
  &amp#27;[36mWhen &amp#27;[0m&amp#27;[36mthe employee submits a leave request with type &amp#27;[0m&amp#27;[36m&amp#27;[1m"ANNUAL_LEAVE"&amp#27;[0m &amp#27;[90m# com.example.e2e.steps.ConsolidatedE2ESteps.theEmployeeSubmitsALeaveRequestWithTypeX(java.lang.String)&amp#27;[0m
  &amp#27;[36mThen &amp#27;[0m&amp#27;[36mthe status is &amp#27;[0m&amp#27;[36m&amp#27;[1m"Pending"&amp#27;[0m                                       &amp#27;[90m# com.example.e2e.steps.ConsolidatedE2ESteps.theStatusIsX(java.lang.String)&amp#27;[0m
]]></system-out>
  </testcase>
  <testcase name="Example #1.1" classname="Examples" time="0.063">
    <error message="The step &apos;the Employer logs in with valid credentials&apos; and 2 other step(s) are undefined.&#10;You can implement these steps using the snippet(s) below:&#10;&#10;@Given(&quot;the Employer logs in with valid credentials&quot;)&#10;public void the_employer_logs_in_with_valid_credentials() {&#10;    // Write code here that turns the phrase above into concrete actions&#10;    throw new io.cucumber.java.PendingException();&#10;}&#10;@Given(&quot;the employee has sufficient balance&quot;)&#10;public void the_employee_has_sufficient_balance() {&#10;    // Write code here that turns the phrase above into concrete actions&#10;    throw new io.cucumber.java.PendingException();&#10;}&#10;@When(&quot;the employee submits a leave request with period type {string}&quot;)&#10;public void the_employee_submits_a_leave_request_with_period_type(String string) {&#10;    // Write code here that turns the phrase above into concrete actions&#10;    throw new io.cucumber.java.PendingException();&#10;}&#10;" type="io.cucumber.junit.platform.engine.UndefinedStepException"><![CDATA[io.cucumber.junit.platform.engine.UndefinedStepException: 
The step 'the Employer logs in with valid credentials' and 2 other step(s) are undefined.
You can implement these steps using the snippet(s) below:

@Given("the Employer logs in with valid credentials")
public void the_employer_logs_in_with_valid_credentials() {
    // Write code here that turns the phrase above into concrete actions
    throw new io.cucumber.java.PendingException();
}
@Given("the employee has sufficient balance")
public void the_employee_has_sufficient_balance() {
    // Write code here that turns the phrase above into concrete actions
    throw new io.cucumber.java.PendingException();
}
@When("the employee submits a leave request with period type {string}")
public void the_employee_submits_a_leave_request_with_period_type(String string) {
    // Write code here that turns the phrase above into concrete actions
    throw new io.cucumber.java.PendingException();
}

	at io.cucumber.core.runtime.TestCaseResultObserver.assertTestCasePassed(TestCaseResultObserver.java:69)
	at io.cucumber.junit.platform.engine.TestCaseResultObserver.assertTestCasePassed(TestCaseResultObserver.java:22)
	at io.cucumber.junit.platform.engine.CucumberEngineExecutionContext.lambda$runTestCase$4(CucumberEngineExecutionContext.java:114)
	at io.cucumber.core.runtime.CucumberExecutionContext.lambda$runTestCase$5(CucumberExecutionContext.java:137)
	at io.cucumber.core.runtime.RethrowingThrowableCollector.executeAndThrow(RethrowingThrowableCollector.java:23)
	at io.cucumber.core.runtime.CucumberExecutionContext.runTestCase(CucumberExecutionContext.java:137)
	at io.cucumber.junit.platform.engine.CucumberEngineExecutionContext.runTestCase(CucumberEngineExecutionContext.java:109)
	at io.cucumber.junit.platform.engine.NodeDescriptor$PickleDescriptor.execute(NodeDescriptor.java:168)
	at io.cucumber.junit.platform.engine.NodeDescriptor$PickleDescriptor.execute(NodeDescriptor.java:90)
	at java.base/java.util.ArrayList.forEach(ArrayList.java:1511)
	at java.base/java.util.ArrayList.forEach(ArrayList.java:1511)
	at java.base/java.util.ArrayList.forEach(ArrayList.java:1511)
	at java.base/java.util.ArrayList.forEach(ArrayList.java:1511)
]]></error>
    <system-out><![CDATA[
Scenario Outline: Employee submits with different period types                  &amp#27;[90m# features/auth_01_leave-request-management-complete-featur_20260331_235528.feature:80&amp#27;[0m
  &amp#27;[33mGiven &amp#27;[0m&amp#27;[33mthe Employer logs in with valid credentials&amp#27;[0m
  &amp#27;[36mGiven &amp#27;[0m&amp#27;[36mthe employee has sufficient balance&amp#27;[0m
  &amp#27;[36mWhen &amp#27;[0m&amp#27;[36mthe employee submits a leave request with period type "JOURNEE_COMPLETE"&amp#27;[0m
  &amp#27;[36mThen &amp#27;[0m&amp#27;[36mthe status is &amp#27;[0m&amp#27;[36m&amp#27;[1m"Pending"&amp#27;[0m                                                  &amp#27;[90m# com.example.e2e.steps.ConsolidatedE2ESteps.theStatusIsX(java.lang.String)&amp#27;[0m
]]></system-out>
  </testcase>
  <testcase name="Example #1.1" classname="Examples" time="0.011">
    <error message="The step &apos;the Employer logs in with valid credentials&apos; and 1 other step(s) are undefined.&#10;You can implement these steps using the snippet(s) below:&#10;&#10;@Given(&quot;the Employer logs in with valid credentials&quot;)&#10;public void the_employer_logs_in_with_valid_credentials() {&#10;    // Write code here that turns the phrase above into concrete actions&#10;    throw new io.cucumber.java.PendingException();&#10;}&#10;@Given(&quot;the employee has sufficient balance&quot;)&#10;public void the_employee_has_sufficient_balance() {&#10;    // Write code here that turns the phrase above into concrete actions&#10;    throw new io.cucumber.java.PendingException();&#10;}&#10;" type="io.cucumber.junit.platform.engine.UndefinedStepException"><![CDATA[io.cucumber.junit.platform.engine.UndefinedStepException: 
The step 'the Employer logs in with valid credentials' and 1 other step(s) are undefined.
You can implement these steps using the snippet(s) below:

@Given("the Employer logs in with valid credentials")
public void the_employer_logs_in_with_valid_credentials() {
    // Write code here that turns the phrase above into concrete actions
    throw new io.cucumber.java.PendingException();
}
@Given("the employee has sufficient balance")
public void the_employee_has_sufficient_balance() {
    // Write code here that turns the phrase above into concrete actions
    throw new io.cucumber.java.PendingException();
}

	at io.cucumber.core.runtime.TestCaseResultObserver.assertTestCasePassed(TestCaseResultObserver.java:69)
	at io.cucumber.junit.platform.engine.TestCaseResultObserver.assertTestCasePassed(TestCaseResultObserver.java:22)
	at io.cucumber.junit.platform.engine.CucumberEngineExecutionContext.lambda$runTestCase$4(CucumberEngineExecutionContext.java:114)
	at io.cucumber.core.runtime.CucumberExecutionContext.lambda$runTestCase$5(CucumberExecutionContext.java:137)
	at io.cucumber.core.runtime.RethrowingThrowableCollector.executeAndThrow(RethrowingThrowableCollector.java:23)
	at io.cucumber.core.runtime.CucumberExecutionContext.runTestCase(CucumberExecutionContext.java:137)
	at io.cucumber.junit.platform.engine.CucumberEngineExecutionContext.runTestCase(CucumberEngineExecutionContext.java:109)
	at io.cucumber.junit.platform.engine.NodeDescriptor$PickleDescriptor.execute(NodeDescriptor.java:168)
	at io.cucumber.junit.platform.engine.NodeDescriptor$PickleDescriptor.execute(NodeDescriptor.java:90)
	at java.base/java.util.ArrayList.forEach(ArrayList.java:1511)
	at java.base/java.util.ArrayList.forEach(ArrayList.java:1511)
	at java.base/java.util.ArrayList.forEach(ArrayList.java:1511)
	at java.base/java.util.ArrayList.forEach(ArrayList.java:1511)
]]></error>
    <system-out><![CDATA[
Scenario Outline: Test boundary conditions with days      &amp#27;[90m# features/auth_01_leave-request-management-complete-featur_20260331_235528.feature:92&amp#27;[0m
  &amp#27;[33mGiven &amp#27;[0m&amp#27;[33mthe Employer logs in with valid credentials&amp#27;[0m
  &amp#27;[36mGiven &amp#27;[0m&amp#27;[36mthe employee has sufficient balance&amp#27;[0m
  &amp#27;[36mWhen &amp#27;[0m&amp#27;[36mthe employee submits a leave request with &amp#27;[0m&amp#27;[36m&amp#27;[1m"1"&amp#27;[0m&amp#27;[36m days&amp#27;[0m &amp#27;[90m# com.example.e2e.steps.ConsolidatedE2ESteps.theEmployeeSubmitsALeaveRequestWithXDays(java.lang.String)&amp#27;[0m
  &amp#27;[36mThen &amp#27;[0m&amp#27;[36mthe status is &amp#27;[0m&amp#27;[36m&amp#27;[1m"Pending"&amp#27;[0m                            &amp#27;[90m# com.example.e2e.steps.ConsolidatedE2ESteps.theStatusIsX(java.lang.String)&amp#27;[0m
]]></system-out>
  </testcase>
  <testcase name="Example #1.2" classname="Examples" time="0.237">
    <failure message="Expected status in response ==&gt; expected: not &lt;null&gt;" type="org.opentest4j.AssertionFailedError"><![CDATA[org.opentest4j.AssertionFailedError: Expected status in response ==> expected: not <null>
	at com.example.e2e.steps.ConsolidatedE2ESteps.theStatusIsX(ConsolidatedE2ESteps.java:316)
	at ✽.the status is "Rejected"(classpath:features/auth-leave_01_leave-request-lifecycle_20260401_121211.feature:35)
]]></failure>
    <system-out><![CDATA[
Scenario Outline: Employee submits with different date ranges                   &amp#27;[90m# features/auth-leave_01_leave-request-lifecycle_20260401_121211.feature:40&amp#27;[0m
12:12:26.085 [main] INFO com.example.e2e.steps.ConsolidatedE2ESteps -- [STEP] POST /api/auth/login -> HTTP 200
  &amp#27;[32mGiven &amp#27;[0m&amp#27;[32mthe employee logs in with valid credentials&amp#27;[0m                             &amp#27;[90m# com.example.e2e.steps.ConsolidatedE2ESteps.theEmployeeLogsInWithValidCredentials()&amp#27;[0m
12:12:26.154 [main] INFO com.example.e2e.steps.ConsolidatedE2ESteps -- [STEP] POST /api/leave-requests/create -> HTTP 403
  &amp#27;[32mWhen &amp#27;[0m&amp#27;[32mthe employee submits a leave request from &amp#27;[0m&amp#27;[32m&amp#27;[1m"future date"&amp#27;[0m&amp#27;[32m to &amp#27;[0m&amp#27;[32m&amp#27;[1m"future date"&amp#27;[0m &amp#27;[90m# com.example.e2e.steps.ConsolidatedE2ESteps.theEmployeeSubmitsALeaveRequestFromXToX(java.lang.String,java.lang.String)&amp#27;[0m
  &amp#27;[31mThen &amp#27;[0m&amp#27;[31mthe status is &amp#27;[0m&amp#27;[31m&amp#27;[1m"Rejected"&amp#27;[0m                                                 &amp#27;[90m# com.example.e2e.steps.ConsolidatedE2ESteps.theStatusIsX(java.lang.String)&amp#27;[0m
      &amp#27;[31morg.opentest4j.AssertionFailedError: Expected status in response ==> expected: not <null>
	at org.junit.jupiter.api.AssertionFailureBuilder.build(AssertionFailureBuilder.java:152)
	at org.junit.jupiter.api.AssertionFailureBuilder.buildAndThrow(AssertionFailureBuilder.java:132)
	at org.junit.jupiter.api.AssertNotNull.failNull(AssertNotNull.java:49)
	at org.junit.jupiter.api.AssertNotNull.assertNotNull(AssertNotNull.java:35)
	at org.junit.jupiter.api.Assertions.assertNotNull(Assertions.java:312)
	at com.example.e2e.steps.ConsolidatedE2ESteps.theStatusIsX(ConsolidatedE2ESteps.java:316)
	at âœ½.the status is "Rejected"(classpath:features/auth-leave_01_leave-request-lifecycle_20260401_121211.feature:35)
&amp#27;[0m
]]></system-out>
  </testcase>
  <testcase name="Example #1.2" classname="Examples" time="0.284">
    <failure message="Expected status in response ==&gt; expected: not &lt;null&gt;" type="org.opentest4j.AssertionFailedError"><![CDATA[org.opentest4j.AssertionFailedError: Expected status in response ==> expected: not <null>
	at com.example.e2e.steps.ConsolidatedE2ESteps.theStatusIsX(ConsolidatedE2ESteps.java:316)
	at ✽.the status is "Pending"(classpath:features/auth-leave_01_leave-request-lifecycle_20260401_121211.feature:45)
]]></failure>
    <system-out><![CDATA[
Scenario Outline: Employee submits with different leave types        &amp#27;[90m# features/auth-leave_01_leave-request-lifecycle_20260401_121211.feature:50&amp#27;[0m
12:12:26.878 [main] INFO com.example.e2e.steps.ConsolidatedE2ESteps -- [STEP] POST /api/auth/login -> HTTP 200
  &amp#27;[32mGiven &amp#27;[0m&amp#27;[32mthe employee logs in with valid credentials&amp#27;[0m                  &amp#27;[90m# com.example.e2e.steps.ConsolidatedE2ESteps.theEmployeeLogsInWithValidCredentials()&amp#27;[0m
12:12:26.935 [main] INFO com.example.e2e.steps.ConsolidatedE2ESteps -- [STEP] POST /api/leave-requests/create -> HTTP 403
  &amp#27;[32mWhen &amp#27;[0m&amp#27;[32mthe employee submits a leave request with type &amp#27;[0m&amp#27;[32m&amp#27;[1m"UNPAID_LEAVE"&amp#27;[0m &amp#27;[90m# com.example.e2e.steps.ConsolidatedE2ESteps.theEmployeeSubmitsALeaveRequestWithTypeX(java.lang.String)&amp#27;[0m
  &amp#27;[31mThen &amp#27;[0m&amp#27;[31mthe status is &amp#27;[0m&amp#27;[31m&amp#27;[1m"Pending"&amp#27;[0m                                       &amp#27;[90m# com.example.e2e.steps.ConsolidatedE2ESteps.theStatusIsX(java.lang.String)&amp#27;[0m
      &amp#27;[31morg.opentest4j.AssertionFailedError: Expected status in response ==> expected: not <null>
	at org.junit.jupiter.api.AssertionFailureBuilder.build(AssertionFailureBuilder.java:152)
	at org.junit.jupiter.api.AssertionFailureBuilder.buildAndThrow(AssertionFailureBuilder.java:132)
	at org.junit.jupiter.api.AssertNotNull.failNull(AssertNotNull.java:49)
	at org.junit.jupiter.api.AssertNotNull.assertNotNull(AssertNotNull.java:35)
	at org.junit.jupiter.api.Assertions.assertNotNull(Assertions.java:312)
	at com.example.e2e.steps.ConsolidatedE2ESteps.theStatusIsX(ConsolidatedE2ESteps.java:316)
	at âœ½.the status is "Pending"(classpath:features/auth-leave_01_leave-request-lifecycle_20260401_121211.feature:45)
&amp#27;[0m
]]></system-out>
  </testcase>
  <testcase name="Example #1.2" classname="Examples" time="0.301">
    <system-out><![CDATA[
Scenario Outline: Employee submits with different balances                      &amp#27;[90m# features/auth-leave_01_leave-request-lifecycle_20260401_121211.feature:62&amp#27;[0m
12:12:27.877 [main] INFO com.example.e2e.steps.ConsolidatedE2ESteps -- [STEP] POST /api/auth/login -> HTTP 200
  &amp#27;[32mGiven &amp#27;[0m&amp#27;[32mthe employee logs in with valid credentials&amp#27;[0m                             &amp#27;[90m# com.example.e2e.steps.ConsolidatedE2ESteps.theEmployeeLogsInWithValidCredentials()&amp#27;[0m
12:12:27.916 [main] INFO com.example.e2e.steps.ConsolidatedE2ESteps -- [STEP] Generic step executed
  &amp#27;[32mGiven &amp#27;[0m&amp#27;[32mthe employee has &amp#27;[0m&amp#27;[32m&amp#27;[1m"negative"&amp#27;[0m&amp#27;[32m leave balance&amp#27;[0m                               &amp#27;[90m# com.example.e2e.steps.ConsolidatedE2ESteps.theEmployeeHasXLeaveBalance(java.lang.String)&amp#27;[0m
12:12:27.959 [main] INFO com.example.e2e.steps.ConsolidatedE2ESteps -- [STEP] POST /api/leave-requests/create -> HTTP 403
  &amp#27;[32mWhen &amp#27;[0m&amp#27;[32mthe employee submits a leave request from &amp#27;[0m&amp#27;[32m&amp#27;[1m"future date"&amp#27;[0m&amp#27;[32m to &amp#27;[0m&amp#27;[32m&amp#27;[1m"future date"&amp#27;[0m &amp#27;[90m# com.example.e2e.steps.ConsolidatedE2ESteps.theEmployeeSubmitsALeaveRequestFromXToX(java.lang.String,java.lang.String)&amp#27;[0m
12:12:27.960 [main] WARN com.example.e2e.steps.ConsolidatedE2ESteps -- [STEP] No error message found in response: 
  &amp#27;[32mThen &amp#27;[0m&amp#27;[32mthe system displays the error &amp#27;[0m&amp#27;[32m&amp#27;[1m"Insufficient leave balance"&amp#27;[0m               &amp#27;[90m# com.example.e2e.steps.ConsolidatedE2ESteps.theSystemDisplaysTheErrorX(java.lang.String)&amp#27;[0m
]]></system-out>
  </testcase>
  <testcase name="Example #1.2" classname="Examples" time="0.012">
    <error message="The step &apos;the Employer logs in with valid credentials&apos; and 1 other step(s) are undefined.&#10;You can implement these steps using the snippet(s) below:&#10;&#10;@Given(&quot;the Employer logs in with valid credentials&quot;)&#10;public void the_employer_logs_in_with_valid_credentials() {&#10;    // Write code here that turns the phrase above into concrete actions&#10;    throw new io.cucumber.java.PendingException();&#10;}&#10;@Given(&quot;the employee has sufficient balance&quot;)&#10;public void the_employee_has_sufficient_balance() {&#10;    // Write code here that turns the phrase above into concrete actions&#10;    throw new io.cucumber.java.PendingException();&#10;}&#10;" type="io.cucumber.junit.platform.engine.UndefinedStepException"><![CDATA[io.cucumber.junit.platform.engine.UndefinedStepException: 
The step 'the Employer logs in with valid credentials' and 1 other step(s) are undefined.
You can implement these steps using the snippet(s) below:

@Given("the Employer logs in with valid credentials")
public void the_employer_logs_in_with_valid_credentials() {
    // Write code here that turns the phrase above into concrete actions
    throw new io.cucumber.java.PendingException();
}
@Given("the employee has sufficient balance")
public void the_employee_has_sufficient_balance() {
    // Write code here that turns the phrase above into concrete actions
    throw new io.cucumber.java.PendingException();
}

	at io.cucumber.core.runtime.TestCaseResultObserver.assertTestCasePassed(TestCaseResultObserver.java:69)
	at io.cucumber.junit.platform.engine.TestCaseResultObserver.assertTestCasePassed(TestCaseResultObserver.java:22)
	at io.cucumber.junit.platform.engine.CucumberEngineExecutionContext.lambda$runTestCase$4(CucumberEngineExecutionContext.java:114)
	at io.cucumber.core.runtime.CucumberExecutionContext.lambda$runTestCase$5(CucumberExecutionContext.java:137)
	at io.cucumber.core.runtime.RethrowingThrowableCollector.executeAndThrow(RethrowingThrowableCollector.java:23)
	at io.cucumber.core.runtime.CucumberExecutionContext.runTestCase(CucumberExecutionContext.java:137)
	at io.cucumber.junit.platform.engine.CucumberEngineExecutionContext.runTestCase(CucumberEngineExecutionContext.java:109)
	at io.cucumber.junit.platform.engine.NodeDescriptor$PickleDescriptor.execute(NodeDescriptor.java:168)
	at io.cucumber.junit.platform.engine.NodeDescriptor$PickleDescriptor.execute(NodeDescriptor.java:90)
	at java.base/java.util.ArrayList.forEach(ArrayList.java:1511)
	at java.base/java.util.ArrayList.forEach(ArrayList.java:1511)
	at java.base/java.util.ArrayList.forEach(ArrayList.java:1511)
	at java.base/java.util.ArrayList.forEach(ArrayList.java:1511)
]]></error>
    <system-out><![CDATA[
Scenario Outline: Employee submits with different date ranges         &amp#27;[90m# features/auth_01_leave-request-management-complete-featur_20260331_235528.feature:59&amp#27;[0m
  &amp#27;[33mGiven &amp#27;[0m&amp#27;[33mthe Employer logs in with valid credentials&amp#27;[0m
  &amp#27;[36mGiven &amp#27;[0m&amp#27;[36mthe employee has sufficient balance&amp#27;[0m
  &amp#27;[36mWhen &amp#27;[0m&amp#27;[36mthe employee submits a leave request from &amp#27;[0m&amp#27;[36m&amp#27;[1m"future"&amp#27;[0m&amp#27;[36m to &amp#27;[0m&amp#27;[36m&amp#27;[1m"future"&amp#27;[0m &amp#27;[90m# com.example.e2e.steps.ConsolidatedE2ESteps.theEmployeeSubmitsALeaveRequestFromXToX(java.lang.String,java.lang.String)&amp#27;[0m
  &amp#27;[36mThen &amp#27;[0m&amp#27;[36mthe status is &amp#27;[0m&amp#27;[36m&amp#27;[1m"Pending"&amp#27;[0m                                        &amp#27;[90m# com.example.e2e.steps.ConsolidatedE2ESteps.theStatusIsX(java.lang.String)&amp#27;[0m
]]></system-out>
  </testcase>
  <testcase name="Example #1.2" classname="Examples" time="0.011">
    <error message="The step &apos;the Employer logs in with valid credentials&apos; and 1 other step(s) are undefined.&#10;You can implement these steps using the snippet(s) below:&#10;&#10;@Given(&quot;the Employer logs in with valid credentials&quot;)&#10;public void the_employer_logs_in_with_valid_credentials() {&#10;    // Write code here that turns the phrase above into concrete actions&#10;    throw new io.cucumber.java.PendingException();&#10;}&#10;@Given(&quot;the employee has sufficient balance&quot;)&#10;public void the_employee_has_sufficient_balance() {&#10;    // Write code here that turns the phrase above into concrete actions&#10;    throw new io.cucumber.java.PendingException();&#10;}&#10;" type="io.cucumber.junit.platform.engine.UndefinedStepException"><![CDATA[io.cucumber.junit.platform.engine.UndefinedStepException: 
The step 'the Employer logs in with valid credentials' and 1 other step(s) are undefined.
You can implement these steps using the snippet(s) below:

@Given("the Employer logs in with valid credentials")
public void the_employer_logs_in_with_valid_credentials() {
    // Write code here that turns the phrase above into concrete actions
    throw new io.cucumber.java.PendingException();
}
@Given("the employee has sufficient balance")
public void the_employee_has_sufficient_balance() {
    // Write code here that turns the phrase above into concrete actions
    throw new io.cucumber.java.PendingException();
}

	at io.cucumber.core.runtime.TestCaseResultObserver.assertTestCasePassed(TestCaseResultObserver.java:69)
	at io.cucumber.junit.platform.engine.TestCaseResultObserver.assertTestCasePassed(TestCaseResultObserver.java:22)
	at io.cucumber.junit.platform.engine.CucumberEngineExecutionContext.lambda$runTestCase$4(CucumberEngineExecutionContext.java:114)
	at io.cucumber.core.runtime.CucumberExecutionContext.lambda$runTestCase$5(CucumberExecutionContext.java:137)
	at io.cucumber.core.runtime.RethrowingThrowableCollector.executeAndThrow(RethrowingThrowableCollector.java:23)
	at io.cucumber.core.runtime.CucumberExecutionContext.runTestCase(CucumberExecutionContext.java:137)
	at io.cucumber.junit.platform.engine.CucumberEngineExecutionContext.runTestCase(CucumberEngineExecutionContext.java:109)
	at io.cucumber.junit.platform.engine.NodeDescriptor$PickleDescriptor.execute(NodeDescriptor.java:168)
	at io.cucumber.junit.platform.engine.NodeDescriptor$PickleDescriptor.execute(NodeDescriptor.java:90)
	at java.base/java.util.ArrayList.forEach(ArrayList.java:1511)
	at java.base/java.util.ArrayList.forEach(ArrayList.java:1511)
	at java.base/java.util.ArrayList.forEach(ArrayList.java:1511)
	at java.base/java.util.ArrayList.forEach(ArrayList.java:1511)
]]></error>
    <system-out><![CDATA[
Scenario Outline: Employee submits with different leave types        &amp#27;[90m# features/auth_01_leave-request-management-complete-featur_20260331_235528.feature:69&amp#27;[0m
  &amp#27;[33mGiven &amp#27;[0m&amp#27;[33mthe Employer logs in with valid credentials&amp#27;[0m
  &amp#27;[36mGiven &amp#27;[0m&amp#27;[36mthe employee has sufficient balance&amp#27;[0m
  &amp#27;[36mWhen &amp#27;[0m&amp#27;[36mthe employee submits a leave request with type &amp#27;[0m&amp#27;[36m&amp#27;[1m"UNPAID_LEAVE"&amp#27;[0m &amp#27;[90m# com.example.e2e.steps.ConsolidatedE2ESteps.theEmployeeSubmitsALeaveRequestWithTypeX(java.lang.String)&amp#27;[0m
  &amp#27;[36mThen &amp#27;[0m&amp#27;[36mthe status is &amp#27;[0m&amp#27;[36m&amp#27;[1m"Pending"&amp#27;[0m                                       &amp#27;[90m# com.example.e2e.steps.ConsolidatedE2ESteps.theStatusIsX(java.lang.String)&amp#27;[0m
]]></system-out>
  </testcase>
  <testcase name="Example #1.2" classname="Examples" time="0.026">
    <error message="The step &apos;the Employer logs in with valid credentials&apos; and 2 other step(s) are undefined.&#10;You can implement these steps using the snippet(s) below:&#10;&#10;@Given(&quot;the Employer logs in with valid credentials&quot;)&#10;public void the_employer_logs_in_with_valid_credentials() {&#10;    // Write code here that turns the phrase above into concrete actions&#10;    throw new io.cucumber.java.PendingException();&#10;}&#10;@Given(&quot;the employee has sufficient balance&quot;)&#10;public void the_employee_has_sufficient_balance() {&#10;    // Write code here that turns the phrase above into concrete actions&#10;    throw new io.cucumber.java.PendingException();&#10;}&#10;@When(&quot;the employee submits a leave request with period type {string}&quot;)&#10;public void the_employee_submits_a_leave_request_with_period_type(String string) {&#10;    // Write code here that turns the phrase above into concrete actions&#10;    throw new io.cucumber.java.PendingException();&#10;}&#10;" type="io.cucumber.junit.platform.engine.UndefinedStepException"><![CDATA[io.cucumber.junit.platform.engine.UndefinedStepException: 
The step 'the Employer logs in with valid credentials' and 2 other step(s) are undefined.
You can implement these steps using the snippet(s) below:

@Given("the Employer logs in with valid credentials")
public void the_employer_logs_in_with_valid_credentials() {
    // Write code here that turns the phrase above into concrete actions
    throw new io.cucumber.java.PendingException();
}
@Given("the employee has sufficient balance")
public void the_employee_has_sufficient_balance() {
    // Write code here that turns the phrase above into concrete actions
    throw new io.cucumber.java.PendingException();
}
@When("the employee submits a leave request with period type {string}")
public void the_employee_submits_a_leave_request_with_period_type(String string) {
    // Write code here that turns the phrase above into concrete actions
    throw new io.cucumber.java.PendingException();
}

	at io.cucumber.core.runtime.TestCaseResultObserver.assertTestCasePassed(TestCaseResultObserver.java:69)
	at io.cucumber.junit.platform.engine.TestCaseResultObserver.assertTestCasePassed(TestCaseResultObserver.java:22)
	at io.cucumber.junit.platform.engine.CucumberEngineExecutionContext.lambda$runTestCase$4(CucumberEngineExecutionContext.java:114)
	at io.cucumber.core.runtime.CucumberExecutionContext.lambda$runTestCase$5(CucumberExecutionContext.java:137)
	at io.cucumber.core.runtime.RethrowingThrowableCollector.executeAndThrow(RethrowingThrowableCollector.java:23)
	at io.cucumber.core.runtime.CucumberExecutionContext.runTestCase(CucumberExecutionContext.java:137)
	at io.cucumber.junit.platform.engine.CucumberEngineExecutionContext.runTestCase(CucumberEngineExecutionContext.java:109)
	at io.cucumber.junit.platform.engine.NodeDescriptor$PickleDescriptor.execute(NodeDescriptor.java:168)
	at io.cucumber.junit.platform.engine.NodeDescriptor$PickleDescriptor.execute(NodeDescriptor.java:90)
	at java.base/java.util.ArrayList.forEach(ArrayList.java:1511)
	at java.base/java.util.ArrayList.forEach(ArrayList.java:1511)
	at java.base/java.util.ArrayList.forEach(ArrayList.java:1511)
	at java.base/java.util.ArrayList.forEach(ArrayList.java:1511)
]]></error>
    <system-out><![CDATA[
Scenario Outline: Employee submits with different period types       &amp#27;[90m# features/auth_01_leave-request-management-complete-featur_20260331_235528.feature:81&amp#27;[0m
  &amp#27;[33mGiven &amp#27;[0m&amp#27;[33mthe Employer logs in with valid credentials&amp#27;[0m
  &amp#27;[36mGiven &amp#27;[0m&amp#27;[36mthe employee has sufficient balance&amp#27;[0m
  &amp#27;[36mWhen &amp#27;[0m&amp#27;[36mthe employee submits a leave request with period type "MATIN"&amp#27;[0m
  &amp#27;[36mThen &amp#27;[0m&amp#27;[36mthe status is &amp#27;[0m&amp#27;[36m&amp#27;[1m"Pending"&amp#27;[0m                                       &amp#27;[90m# com.example.e2e.steps.ConsolidatedE2ESteps.theStatusIsX(java.lang.String)&amp#27;[0m
]]></system-out>
  </testcase>
  <testcase name="Example #1.2" classname="Examples" time="0.011">
    <error message="The step &apos;the Employer logs in with valid credentials&apos; and 1 other step(s) are undefined.&#10;You can implement these steps using the snippet(s) below:&#10;&#10;@Given(&quot;the Employer logs in with valid credentials&quot;)&#10;public void the_employer_logs_in_with_valid_credentials() {&#10;    // Write code here that turns the phrase above into concrete actions&#10;    throw new io.cucumber.java.PendingException();&#10;}&#10;@Given(&quot;the employee has sufficient balance&quot;)&#10;public void the_employee_has_sufficient_balance() {&#10;    // Write code here that turns the phrase above into concrete actions&#10;    throw new io.cucumber.java.PendingException();&#10;}&#10;" type="io.cucumber.junit.platform.engine.UndefinedStepException"><![CDATA[io.cucumber.junit.platform.engine.UndefinedStepException: 
The step 'the Employer logs in with valid credentials' and 1 other step(s) are undefined.
You can implement these steps using the snippet(s) below:

@Given("the Employer logs in with valid credentials")
public void the_employer_logs_in_with_valid_credentials() {
    // Write code here that turns the phrase above into concrete actions
    throw new io.cucumber.java.PendingException();
}
@Given("the employee has sufficient balance")
public void the_employee_has_sufficient_balance() {
    // Write code here that turns the phrase above into concrete actions
    throw new io.cucumber.java.PendingException();
}

	at io.cucumber.core.runtime.TestCaseResultObserver.assertTestCasePassed(TestCaseResultObserver.java:69)
	at io.cucumber.junit.platform.engine.TestCaseResultObserver.assertTestCasePassed(TestCaseResultObserver.java:22)
	at io.cucumber.junit.platform.engine.CucumberEngineExecutionContext.lambda$runTestCase$4(CucumberEngineExecutionContext.java:114)
	at io.cucumber.core.runtime.CucumberExecutionContext.lambda$runTestCase$5(CucumberExecutionContext.java:137)
	at io.cucumber.core.runtime.RethrowingThrowableCollector.executeAndThrow(RethrowingThrowableCollector.java:23)
	at io.cucumber.core.runtime.CucumberExecutionContext.runTestCase(CucumberExecutionContext.java:137)
	at io.cucumber.junit.platform.engine.CucumberEngineExecutionContext.runTestCase(CucumberEngineExecutionContext.java:109)
	at io.cucumber.junit.platform.engine.NodeDescriptor$PickleDescriptor.execute(NodeDescriptor.java:168)
	at io.cucumber.junit.platform.engine.NodeDescriptor$PickleDescriptor.execute(NodeDescriptor.java:90)
	at java.base/java.util.ArrayList.forEach(ArrayList.java:1511)
	at java.base/java.util.ArrayList.forEach(ArrayList.java:1511)
	at java.base/java.util.ArrayList.forEach(ArrayList.java:1511)
	at java.base/java.util.ArrayList.forEach(ArrayList.java:1511)
]]></error>
    <system-out><![CDATA[
Scenario Outline: Test boundary conditions with days      &amp#27;[90m# features/auth_01_leave-request-management-complete-featur_20260331_235528.feature:93&amp#27;[0m
  &amp#27;[33mGiven &amp#27;[0m&amp#27;[33mthe Employer logs in with valid credentials&amp#27;[0m
  &amp#27;[36mGiven &amp#27;[0m&amp#27;[36mthe employee has sufficient balance&amp#27;[0m
  &amp#27;[36mWhen &amp#27;[0m&amp#27;[36mthe employee submits a leave request with &amp#27;[0m&amp#27;[36m&amp#27;[1m"5"&amp#27;[0m&amp#27;[36m days&amp#27;[0m &amp#27;[90m# com.example.e2e.steps.ConsolidatedE2ESteps.theEmployeeSubmitsALeaveRequestWithXDays(java.lang.String)&amp#27;[0m
  &amp#27;[36mThen &amp#27;[0m&amp#27;[36mthe status is &amp#27;[0m&amp#27;[36m&amp#27;[1m"Pending"&amp#27;[0m                            &amp#27;[90m# com.example.e2e.steps.ConsolidatedE2ESteps.theStatusIsX(java.lang.String)&amp#27;[0m
]]></system-out>
  </testcase>
  <testcase name="Example #1.3" classname="Examples" time="0.269">
    <failure message="Expected status in response ==&gt; expected: not &lt;null&gt;" type="org.opentest4j.AssertionFailedError"><![CDATA[org.opentest4j.AssertionFailedError: Expected status in response ==> expected: not <null>
	at com.example.e2e.steps.ConsolidatedE2ESteps.theStatusIsX(ConsolidatedE2ESteps.java:316)
	at ✽.the status is "Approved"(classpath:features/auth-leave_01_leave-request-lifecycle_20260401_121211.feature:35)
]]></failure>
    <system-out><![CDATA[
Scenario Outline: Employee submits with different date ranges                   &amp#27;[90m# features/auth-leave_01_leave-request-lifecycle_20260401_121211.feature:41&amp#27;[0m
12:12:26.360 [main] INFO com.example.e2e.steps.ConsolidatedE2ESteps -- [STEP] POST /api/auth/login -> HTTP 200
  &amp#27;[32mGiven &amp#27;[0m&amp#27;[32mthe employee logs in with valid credentials&amp#27;[0m                             &amp#27;[90m# com.example.e2e.steps.ConsolidatedE2ESteps.theEmployeeLogsInWithValidCredentials()&amp#27;[0m
12:12:26.421 [main] INFO com.example.e2e.steps.ConsolidatedE2ESteps -- [STEP] POST /api/leave-requests/create -> HTTP 403
  &amp#27;[32mWhen &amp#27;[0m&amp#27;[32mthe employee submits a leave request from &amp#27;[0m&amp#27;[32m&amp#27;[1m"future date"&amp#27;[0m&amp#27;[32m to &amp#27;[0m&amp#27;[32m&amp#27;[1m"future date"&amp#27;[0m &amp#27;[90m# com.example.e2e.steps.ConsolidatedE2ESteps.theEmployeeSubmitsALeaveRequestFromXToX(java.lang.String,java.lang.String)&amp#27;[0m
  &amp#27;[31mThen &amp#27;[0m&amp#27;[31mthe status is &amp#27;[0m&amp#27;[31m&amp#27;[1m"Approved"&amp#27;[0m                                                 &amp#27;[90m# com.example.e2e.steps.ConsolidatedE2ESteps.theStatusIsX(java.lang.String)&amp#27;[0m
      &amp#27;[31morg.opentest4j.AssertionFailedError: Expected status in response ==> expected: not <null>
	at org.junit.jupiter.api.AssertionFailureBuilder.build(AssertionFailureBuilder.java:152)
	at org.junit.jupiter.api.AssertionFailureBuilder.buildAndThrow(AssertionFailureBuilder.java:132)
	at org.junit.jupiter.api.AssertNotNull.failNull(AssertNotNull.java:49)
	at org.junit.jupiter.api.AssertNotNull.assertNotNull(AssertNotNull.java:35)
	at org.junit.jupiter.api.Assertions.assertNotNull(Assertions.java:312)
	at com.example.e2e.steps.ConsolidatedE2ESteps.theStatusIsX(ConsolidatedE2ESteps.java:316)
	at âœ½.the status is "Approved"(classpath:features/auth-leave_01_leave-request-lifecycle_20260401_121211.feature:35)
&amp#27;[0m
]]></system-out>
  </testcase>
  <testcase name="Example #1.3" classname="Examples" time="0.277">
    <failure message="Expected status in response ==&gt; expected: not &lt;null&gt;" type="org.opentest4j.AssertionFailedError"><![CDATA[org.opentest4j.AssertionFailedError: Expected status in response ==> expected: not <null>
	at com.example.e2e.steps.ConsolidatedE2ESteps.theStatusIsX(ConsolidatedE2ESteps.java:316)
	at ✽.the status is "Pending"(classpath:features/auth-leave_01_leave-request-lifecycle_20260401_121211.feature:45)
]]></failure>
    <system-out><![CDATA[
Scenario Outline: Employee submits with different leave types          &amp#27;[90m# features/auth-leave_01_leave-request-lifecycle_20260401_121211.feature:51&amp#27;[0m
12:12:27.107 [main] INFO com.example.e2e.steps.ConsolidatedE2ESteps -- [STEP] POST /api/auth/login -> HTTP 200
  &amp#27;[32mGiven &amp#27;[0m&amp#27;[32mthe employee logs in with valid credentials&amp#27;[0m                    &amp#27;[90m# com.example.e2e.steps.ConsolidatedE2ESteps.theEmployeeLogsInWithValidCredentials()&amp#27;[0m
12:12:27.214 [main] INFO com.example.e2e.steps.ConsolidatedE2ESteps -- [STEP] POST /api/leave-requests/create -> HTTP 403
  &amp#27;[32mWhen &amp#27;[0m&amp#27;[32mthe employee submits a leave request with type &amp#27;[0m&amp#27;[32m&amp#27;[1m"RECOVERY_LEAVE"&amp#27;[0m &amp#27;[90m# com.example.e2e.steps.ConsolidatedE2ESteps.theEmployeeSubmitsALeaveRequestWithTypeX(java.lang.String)&amp#27;[0m
  &amp#27;[31mThen &amp#27;[0m&amp#27;[31mthe status is &amp#27;[0m&amp#27;[31m&amp#27;[1m"Pending"&amp#27;[0m                                         &amp#27;[90m# com.example.e2e.steps.ConsolidatedE2ESteps.theStatusIsX(java.lang.String)&amp#27;[0m
      &amp#27;[31morg.opentest4j.AssertionFailedError: Expected status in response ==> expected: not <null>
	at org.junit.jupiter.api.AssertionFailureBuilder.build(AssertionFailureBuilder.java:152)
	at org.junit.jupiter.api.AssertionFailureBuilder.buildAndThrow(AssertionFailureBuilder.java:132)
	at org.junit.jupiter.api.AssertNotNull.failNull(AssertNotNull.java:49)
	at org.junit.jupiter.api.AssertNotNull.assertNotNull(AssertNotNull.java:35)
	at org.junit.jupiter.api.Assertions.assertNotNull(Assertions.java:312)
	at com.example.e2e.steps.ConsolidatedE2ESteps.theStatusIsX(ConsolidatedE2ESteps.java:316)
	at âœ½.the status is "Pending"(classpath:features/auth-leave_01_leave-request-lifecycle_20260401_121211.feature:45)
&amp#27;[0m
]]></system-out>
  </testcase>
  <testcase name="Example #1.3" classname="Examples" time="0.009">
    <error message="The step &apos;the Employer logs in with valid credentials&apos; and 1 other step(s) are undefined.&#10;You can implement these steps using the snippet(s) below:&#10;&#10;@Given(&quot;the Employer logs in with valid credentials&quot;)&#10;public void the_employer_logs_in_with_valid_credentials() {&#10;    // Write code here that turns the phrase above into concrete actions&#10;    throw new io.cucumber.java.PendingException();&#10;}&#10;@Given(&quot;the employee has sufficient balance&quot;)&#10;public void the_employee_has_sufficient_balance() {&#10;    // Write code here that turns the phrase above into concrete actions&#10;    throw new io.cucumber.java.PendingException();&#10;}&#10;" type="io.cucumber.junit.platform.engine.UndefinedStepException"><![CDATA[io.cucumber.junit.platform.engine.UndefinedStepException: 
The step 'the Employer logs in with valid credentials' and 1 other step(s) are undefined.
You can implement these steps using the snippet(s) below:

@Given("the Employer logs in with valid credentials")
public void the_employer_logs_in_with_valid_credentials() {
    // Write code here that turns the phrase above into concrete actions
    throw new io.cucumber.java.PendingException();
}
@Given("the employee has sufficient balance")
public void the_employee_has_sufficient_balance() {
    // Write code here that turns the phrase above into concrete actions
    throw new io.cucumber.java.PendingException();
}

	at io.cucumber.core.runtime.TestCaseResultObserver.assertTestCasePassed(TestCaseResultObserver.java:69)
	at io.cucumber.junit.platform.engine.TestCaseResultObserver.assertTestCasePassed(TestCaseResultObserver.java:22)
	at io.cucumber.junit.platform.engine.CucumberEngineExecutionContext.lambda$runTestCase$4(CucumberEngineExecutionContext.java:114)
	at io.cucumber.core.runtime.CucumberExecutionContext.lambda$runTestCase$5(CucumberExecutionContext.java:137)
	at io.cucumber.core.runtime.RethrowingThrowableCollector.executeAndThrow(RethrowingThrowableCollector.java:23)
	at io.cucumber.core.runtime.CucumberExecutionContext.runTestCase(CucumberExecutionContext.java:137)
	at io.cucumber.junit.platform.engine.CucumberEngineExecutionContext.runTestCase(CucumberEngineExecutionContext.java:109)
	at io.cucumber.junit.platform.engine.NodeDescriptor$PickleDescriptor.execute(NodeDescriptor.java:168)
	at io.cucumber.junit.platform.engine.NodeDescriptor$PickleDescriptor.execute(NodeDescriptor.java:90)
	at java.base/java.util.ArrayList.forEach(ArrayList.java:1511)
	at java.base/java.util.ArrayList.forEach(ArrayList.java:1511)
	at java.base/java.util.ArrayList.forEach(ArrayList.java:1511)
	at java.base/java.util.ArrayList.forEach(ArrayList.java:1511)
]]></error>
    <system-out><![CDATA[
Scenario Outline: Employee submits with different leave types          &amp#27;[90m# features/auth_01_leave-request-management-complete-featur_20260331_235528.feature:70&amp#27;[0m
  &amp#27;[33mGiven &amp#27;[0m&amp#27;[33mthe Employer logs in with valid credentials&amp#27;[0m
  &amp#27;[36mGiven &amp#27;[0m&amp#27;[36mthe employee has sufficient balance&amp#27;[0m
  &amp#27;[36mWhen &amp#27;[0m&amp#27;[36mthe employee submits a leave request with type &amp#27;[0m&amp#27;[36m&amp#27;[1m"RECOVERY_LEAVE"&amp#27;[0m &amp#27;[90m# com.example.e2e.steps.ConsolidatedE2ESteps.theEmployeeSubmitsALeaveRequestWithTypeX(java.lang.String)&amp#27;[0m
  &amp#27;[36mThen &amp#27;[0m&amp#27;[36mthe status is &amp#27;[0m&amp#27;[36m&amp#27;[1m"Pending"&amp#27;[0m                                         &amp#27;[90m# com.example.e2e.steps.ConsolidatedE2ESteps.theStatusIsX(java.lang.String)&amp#27;[0m
]]></system-out>
  </testcase>
  <testcase name="Example #1.3" classname="Examples" time="0.014">
    <error message="The step &apos;the Employer logs in with valid credentials&apos; and 2 other step(s) are undefined.&#10;You can implement these steps using the snippet(s) below:&#10;&#10;@Given(&quot;the Employer logs in with valid credentials&quot;)&#10;public void the_employer_logs_in_with_valid_credentials() {&#10;    // Write code here that turns the phrase above into concrete actions&#10;    throw new io.cucumber.java.PendingException();&#10;}&#10;@Given(&quot;the employee has sufficient balance&quot;)&#10;public void the_employee_has_sufficient_balance() {&#10;    // Write code here that turns the phrase above into concrete actions&#10;    throw new io.cucumber.java.PendingException();&#10;}&#10;@When(&quot;the employee submits a leave request with period type {string}&quot;)&#10;public void the_employee_submits_a_leave_request_with_period_type(String string) {&#10;    // Write code here that turns the phrase above into concrete actions&#10;    throw new io.cucumber.java.PendingException();&#10;}&#10;" type="io.cucumber.junit.platform.engine.UndefinedStepException"><![CDATA[io.cucumber.junit.platform.engine.UndefinedStepException: 
The step 'the Employer logs in with valid credentials' and 2 other step(s) are undefined.
You can implement these steps using the snippet(s) below:

@Given("the Employer logs in with valid credentials")
public void the_employer_logs_in_with_valid_credentials() {
    // Write code here that turns the phrase above into concrete actions
    throw new io.cucumber.java.PendingException();
}
@Given("the employee has sufficient balance")
public void the_employee_has_sufficient_balance() {
    // Write code here that turns the phrase above into concrete actions
    throw new io.cucumber.java.PendingException();
}
@When("the employee submits a leave request with period type {string}")
public void the_employee_submits_a_leave_request_with_period_type(String string) {
    // Write code here that turns the phrase above into concrete actions
    throw new io.cucumber.java.PendingException();
}

	at io.cucumber.core.runtime.TestCaseResultObserver.assertTestCasePassed(TestCaseResultObserver.java:69)
	at io.cucumber.junit.platform.engine.TestCaseResultObserver.assertTestCasePassed(TestCaseResultObserver.java:22)
	at io.cucumber.junit.platform.engine.CucumberEngineExecutionContext.lambda$runTestCase$4(CucumberEngineExecutionContext.java:114)
	at io.cucumber.core.runtime.CucumberExecutionContext.lambda$runTestCase$5(CucumberExecutionContext.java:137)
	at io.cucumber.core.runtime.RethrowingThrowableCollector.executeAndThrow(RethrowingThrowableCollector.java:23)
	at io.cucumber.core.runtime.CucumberExecutionContext.runTestCase(CucumberExecutionContext.java:137)
	at io.cucumber.junit.platform.engine.CucumberEngineExecutionContext.runTestCase(CucumberEngineExecutionContext.java:109)
	at io.cucumber.junit.platform.engine.NodeDescriptor$PickleDescriptor.execute(NodeDescriptor.java:168)
	at io.cucumber.junit.platform.engine.NodeDescriptor$PickleDescriptor.execute(NodeDescriptor.java:90)
	at java.base/java.util.ArrayList.forEach(ArrayList.java:1511)
	at java.base/java.util.ArrayList.forEach(ArrayList.java:1511)
	at java.base/java.util.ArrayList.forEach(ArrayList.java:1511)
	at java.base/java.util.ArrayList.forEach(ArrayList.java:1511)
]]></error>
    <system-out><![CDATA[
Scenario Outline: Employee submits with different period types            &amp#27;[90m# features/auth_01_leave-request-management-complete-featur_20260331_235528.feature:82&amp#27;[0m
  &amp#27;[33mGiven &amp#27;[0m&amp#27;[33mthe Employer logs in with valid credentials&amp#27;[0m
  &amp#27;[36mGiven &amp#27;[0m&amp#27;[36mthe employee has sufficient balance&amp#27;[0m
  &amp#27;[36mWhen &amp#27;[0m&amp#27;[36mthe employee submits a leave request with period type "APRES_MIDI"&amp#27;[0m
  &amp#27;[36mThen &amp#27;[0m&amp#27;[36mthe status is &amp#27;[0m&amp#27;[36m&amp#27;[1m"Pending"&amp#27;[0m                                            &amp#27;[90m# com.example.e2e.steps.ConsolidatedE2ESteps.theStatusIsX(java.lang.String)&amp#27;[0m
]]></system-out>
  </testcase>
  <testcase name="Example #1.3" classname="Examples" time="0.026">
    <error message="The step &apos;the Employer logs in with valid credentials&apos; and 1 other step(s) are undefined.&#10;You can implement these steps using the snippet(s) below:&#10;&#10;@Given(&quot;the Employer logs in with valid credentials&quot;)&#10;public void the_employer_logs_in_with_valid_credentials() {&#10;    // Write code here that turns the phrase above into concrete actions&#10;    throw new io.cucumber.java.PendingException();&#10;}&#10;@Given(&quot;the employee has sufficient balance&quot;)&#10;public void the_employee_has_sufficient_balance() {&#10;    // Write code here that turns the phrase above into concrete actions&#10;    throw new io.cucumber.java.PendingException();&#10;}&#10;" type="io.cucumber.junit.platform.engine.UndefinedStepException"><![CDATA[io.cucumber.junit.platform.engine.UndefinedStepException: 
The step 'the Employer logs in with valid credentials' and 1 other step(s) are undefined.
You can implement these steps using the snippet(s) below:

@Given("the Employer logs in with valid credentials")
public void the_employer_logs_in_with_valid_credentials() {
    // Write code here that turns the phrase above into concrete actions
    throw new io.cucumber.java.PendingException();
}
@Given("the employee has sufficient balance")
public void the_employee_has_sufficient_balance() {
    // Write code here that turns the phrase above into concrete actions
    throw new io.cucumber.java.PendingException();
}

	at io.cucumber.core.runtime.TestCaseResultObserver.assertTestCasePassed(TestCaseResultObserver.java:69)
	at io.cucumber.junit.platform.engine.TestCaseResultObserver.assertTestCasePassed(TestCaseResultObserver.java:22)
	at io.cucumber.junit.platform.engine.CucumberEngineExecutionContext.lambda$runTestCase$4(CucumberEngineExecutionContext.java:114)
	at io.cucumber.core.runtime.CucumberExecutionContext.lambda$runTestCase$5(CucumberExecutionContext.java:137)
	at io.cucumber.core.runtime.RethrowingThrowableCollector.executeAndThrow(RethrowingThrowableCollector.java:23)
	at io.cucumber.core.runtime.CucumberExecutionContext.runTestCase(CucumberExecutionContext.java:137)
	at io.cucumber.junit.platform.engine.CucumberEngineExecutionContext.runTestCase(CucumberEngineExecutionContext.java:109)
	at io.cucumber.junit.platform.engine.NodeDescriptor$PickleDescriptor.execute(NodeDescriptor.java:168)
	at io.cucumber.junit.platform.engine.NodeDescriptor$PickleDescriptor.execute(NodeDescriptor.java:90)
	at java.base/java.util.ArrayList.forEach(ArrayList.java:1511)
	at java.base/java.util.ArrayList.forEach(ArrayList.java:1511)
	at java.base/java.util.ArrayList.forEach(ArrayList.java:1511)
	at java.base/java.util.ArrayList.forEach(ArrayList.java:1511)
]]></error>
    <system-out><![CDATA[
Scenario Outline: Test boundary conditions with days       &amp#27;[90m# features/auth_01_leave-request-management-complete-featur_20260331_235528.feature:94&amp#27;[0m
  &amp#27;[33mGiven &amp#27;[0m&amp#27;[33mthe Employer logs in with valid credentials&amp#27;[0m
  &amp#27;[36mGiven &amp#27;[0m&amp#27;[36mthe employee has sufficient balance&amp#27;[0m
  &amp#27;[36mWhen &amp#27;[0m&amp#27;[36mthe employee submits a leave request with &amp#27;[0m&amp#27;[36m&amp#27;[1m"10"&amp#27;[0m&amp#27;[36m days&amp#27;[0m &amp#27;[90m# com.example.e2e.steps.ConsolidatedE2ESteps.theEmployeeSubmitsALeaveRequestWithXDays(java.lang.String)&amp#27;[0m
  &amp#27;[36mThen &amp#27;[0m&amp#27;[36mthe status is &amp#27;[0m&amp#27;[36m&amp#27;[1m"Pending"&amp#27;[0m                             &amp#27;[90m# com.example.e2e.steps.ConsolidatedE2ESteps.theStatusIsX(java.lang.String)&amp#27;[0m
]]></system-out>
  </testcase>
  <testcase name="Example #1.4" classname="Examples" time="0.222">
    <failure message="Expected status in response ==&gt; expected: not &lt;null&gt;" type="org.opentest4j.AssertionFailedError"><![CDATA[org.opentest4j.AssertionFailedError: Expected status in response ==> expected: not <null>
	at com.example.e2e.steps.ConsolidatedE2ESteps.theStatusIsX(ConsolidatedE2ESteps.java:316)
	at ✽.the status is "Pending"(classpath:features/auth-leave_01_leave-request-lifecycle_20260401_121211.feature:45)
]]></failure>
    <system-out><![CDATA[
Scenario Outline: Employee submits with different leave types              &amp#27;[90m# features/auth-leave_01_leave-request-lifecycle_20260401_121211.feature:52&amp#27;[0m
12:12:27.382 [main] INFO com.example.e2e.steps.ConsolidatedE2ESteps -- [STEP] POST /api/auth/login -> HTTP 200
  &amp#27;[32mGiven &amp#27;[0m&amp#27;[32mthe employee logs in with valid credentials&amp#27;[0m                        &amp#27;[90m# com.example.e2e.steps.ConsolidatedE2ESteps.theEmployeeLogsInWithValidCredentials()&amp#27;[0m
12:12:27.437 [main] INFO com.example.e2e.steps.ConsolidatedE2ESteps -- [STEP] POST /api/leave-requests/create -> HTTP 403
  &amp#27;[32mWhen &amp#27;[0m&amp#27;[32mthe employee submits a leave request with type &amp#27;[0m&amp#27;[32m&amp#27;[1m"AUTHORIZED_ABSENCE"&amp#27;[0m &amp#27;[90m# com.example.e2e.steps.ConsolidatedE2ESteps.theEmployeeSubmitsALeaveRequestWithTypeX(java.lang.String)&amp#27;[0m
  &amp#27;[31mThen &amp#27;[0m&amp#27;[31mthe status is &amp#27;[0m&amp#27;[31m&amp#27;[1m"Pending"&amp#27;[0m                                             &amp#27;[90m# com.example.e2e.steps.ConsolidatedE2ESteps.theStatusIsX(java.lang.String)&amp#27;[0m
      &amp#27;[31morg.opentest4j.AssertionFailedError: Expected status in response ==> expected: not <null>
	at org.junit.jupiter.api.AssertionFailureBuilder.build(AssertionFailureBuilder.java:152)
	at org.junit.jupiter.api.AssertionFailureBuilder.buildAndThrow(AssertionFailureBuilder.java:132)
	at org.junit.jupiter.api.AssertNotNull.failNull(AssertNotNull.java:49)
	at org.junit.jupiter.api.AssertNotNull.assertNotNull(AssertNotNull.java:35)
	at org.junit.jupiter.api.Assertions.assertNotNull(Assertions.java:312)
	at com.example.e2e.steps.ConsolidatedE2ESteps.theStatusIsX(ConsolidatedE2ESteps.java:316)
	at âœ½.the status is "Pending"(classpath:features/auth-leave_01_leave-request-lifecycle_20260401_121211.feature:45)
&amp#27;[0m
]]></system-out>
  </testcase>
  <testcase name="Example #1.4" classname="Examples" time="0.022">
    <error message="The step &apos;the Employer logs in with valid credentials&apos; and 1 other step(s) are undefined.&#10;You can implement these steps using the snippet(s) below:&#10;&#10;@Given(&quot;the Employer logs in with valid credentials&quot;)&#10;public void the_employer_logs_in_with_valid_credentials() {&#10;    // Write code here that turns the phrase above into concrete actions&#10;    throw new io.cucumber.java.PendingException();&#10;}&#10;@Given(&quot;the employee has sufficient balance&quot;)&#10;public void the_employee_has_sufficient_balance() {&#10;    // Write code here that turns the phrase above into concrete actions&#10;    throw new io.cucumber.java.PendingException();&#10;}&#10;" type="io.cucumber.junit.platform.engine.UndefinedStepException"><![CDATA[io.cucumber.junit.platform.engine.UndefinedStepException: 
The step 'the Employer logs in with valid credentials' and 1 other step(s) are undefined.
You can implement these steps using the snippet(s) below:

@Given("the Employer logs in with valid credentials")
public void the_employer_logs_in_with_valid_credentials() {
    // Write code here that turns the phrase above into concrete actions
    throw new io.cucumber.java.PendingException();
}
@Given("the employee has sufficient balance")
public void the_employee_has_sufficient_balance() {
    // Write code here that turns the phrase above into concrete actions
    throw new io.cucumber.java.PendingException();
}

	at io.cucumber.core.runtime.TestCaseResultObserver.assertTestCasePassed(TestCaseResultObserver.java:69)
	at io.cucumber.junit.platform.engine.TestCaseResultObserver.assertTestCasePassed(TestCaseResultObserver.java:22)
[...]
    <error message="The step &apos;the Employer logs in with valid credentials&apos; and 2 other step(s) are undefined.&#10;You can implement these steps using the snippet(s) below:&#10;&#10;@Given(&quot;the Employer logs in with valid credentials&quot;)&#10;public void the_employer_logs_in_with_valid_credentials() {&#10;    // Write code here that turns the phrase above into concrete actions&#10;    throw new io.cucumber.java.PendingException();&#10;}&#10;@Given(&quot;there is a pending leave request&quot;)&#10;public void there_is_a_pending_leave_request() {&#10;    // Write code here that turns the phrase above into concrete actions&#10;    throw new io.cucumber.java.PendingException();&#10;}&#10;@When(&quot;the manager approves the leave request&quot;)&#10;public void the_manager_approves_the_leave_request() {&#10;    // Write code here that turns the phrase above into concrete actions&#10;    throw new io.cucumber.java.PendingException();&#10;}&#10;" type="io.cucumber.junit.platform.engine.UndefinedStepException"><![CDATA[io.cucumber.junit.platform.engine.UndefinedStepException: 
The step 'the Employer logs in with valid credentials' and 2 other step(s) are undefined.
You can implement these steps using the snippet(s) below:

@Given("the Employer logs in with valid credentials")
public void the_employer_logs_in_with_valid_credentials() {
    // Write code here that turns the phrase above into concrete actions
    throw new io.cucumber.java.PendingException();
}
@Given("there is a pending leave request")
public void there_is_a_pending_leave_request() {
    // Write code here that turns the phrase above into concrete actions
    throw new io.cucumber.java.PendingException();
}
@When("the manager approves the leave request")
public void the_manager_approves_the_leave_request() {
    // Write code here that turns the phrase above into concrete actions
    throw new io.cucumber.java.PendingException();
}

	at io.cucumber.core.runtime.TestCaseResultObserver.assertTestCasePassed(TestCaseResultObserver.java:69)
	at io.cucumber.junit.platform.engine.TestCaseResultObserver.assertTestCasePassed(TestCaseResultObserver.java:22)
	at io.cucumber.junit.platform.engine.CucumberEngineExecutionContext.lambda$runTestCase$4(CucumberEngineExecutionContext.java:114)
	at io.cucumber.core.runtime.CucumberExecutionContext.lambda$runTestCase$5(CucumberExecutionContext.java:137)
	at io.cucumber.core.runtime.RethrowingThrowableCollector.executeAndThrow(RethrowingThrowableCollector.java:23)
	at io.cucumber.core.runtime.CucumberExecutionContext.runTestCase(CucumberExecutionContext.java:137)
	at io.cucumber.junit.platform.engine.CucumberEngineExecutionContext.runTestCase(CucumberEngineExecutionContext.java:109)
	at io.cucumber.junit.platform.engine.NodeDescriptor$PickleDescriptor.execute(NodeDescriptor.java:168)
	at io.cucumber.junit.platform.engine.NodeDescriptor$PickleDescriptor.execute(NodeDescriptor.java:90)
	at java.base/java.util.ArrayList.forEach(ArrayList.java:1511)
	at java.base/java.util.ArrayList.forEach(ArrayList.java:1511)
]]></error>
    <system-out><![CDATA[
Scenario: Manager approves pending leave request    &amp#27;[90m# features/auth_01_leave-request-management-complete-featur_20260331_235528.feature:31&amp#27;[0m
  &amp#27;[33mGiven &amp#27;[0m&amp#27;[33mthe Employer logs in with valid credentials&amp#27;[0m
  &amp#27;[36mGiven &amp#27;[0m&amp#27;[36mthere is a pending leave request&amp#27;[0m
  &amp#27;[36mWhen &amp#27;[0m&amp#27;[36mthe manager approves the leave request&amp#27;[0m
  &amp#27;[36mThen &amp#27;[0m&amp#27;[36mthe leave request status is &amp#27;[0m&amp#27;[36m&amp#27;[1m"Approved"&amp#27;[0m       &amp#27;[90m# com.example.e2e.steps.ConsolidatedE2ESteps.theLeaveRequestStatusIsX(java.lang.String)&amp#27;[0m
]]></system-out>
  </testcase>
  <testcase name="Manager rejects pending leave request" classname="Leave Request Management - Complete Feature Story" time="0.01">
    <error message="The step &apos;the Employer logs in with valid credentials&apos; and 2 other step(s) are undefined.&#10;You can implement these steps using the snippet(s) below:&#10;&#10;@Given(&quot;the Employer logs in with valid credentials&quot;)&#10;public void the_employer_logs_in_with_valid_credentials() {&#10;    // Write code here that turns the phrase above into concrete actions&#10;    throw new io.cucumber.java.PendingException();&#10;}&#10;@Given(&quot;there is a pending leave request&quot;)&#10;public void there_is_a_pending_leave_request() {&#10;    // Write code here that turns the phrase above into concrete actions&#10;    throw new io.cucumber.java.PendingException();&#10;}&#10;@When(&quot;the manager rejects the leave request with reason {string}&quot;)&#10;public void the_manager_rejects_the_leave_request_with_reason(String string) {&#10;    // Write code here that turns the phrase above into concrete actions&#10;    throw new io.cucumber.java.PendingException();&#10;}&#10;" type="io.cucumber.junit.platform.engine.UndefinedStepException"><![CDATA[io.cucumber.junit.platform.engine.UndefinedStepException: 
The step 'the Employer logs in with valid credentials' and 2 other step(s) are undefined.
You can implement these steps using the snippet(s) below:

@Given("the Employer logs in with valid credentials")
public void the_employer_logs_in_with_valid_credentials() {
    // Write code here that turns the phrase above into concrete actions
    throw new io.cucumber.java.PendingException();
}
@Given("there is a pending leave request")
public void there_is_a_pending_leave_request() {
    // Write code here that turns the phrase above into concrete actions
    throw new io.cucumber.java.PendingException();
}
@When("the manager rejects the leave request with reason {string}")
public void the_manager_rejects_the_leave_request_with_reason(String string) {
    // Write code here that turns the phrase above into concrete actions
    throw new io.cucumber.java.PendingException();
}

	at io.cucumber.core.runtime.TestCaseResultObserver.assertTestCasePassed(TestCaseResultObserver.java:69)
	at io.cucumber.junit.platform.engine.TestCaseResultObserver.assertTestCasePassed(TestCaseResultObserver.java:22)
	at io.cucumber.junit.platform.engine.CucumberEngineExecutionContext.lambda$runTestCase$4(CucumberEngineExecutionContext.java:114)
	at io.cucumber.core.runtime.CucumberExecutionContext.lambda$runTestCase$5(CucumberExecutionContext.java:137)
	at io.cucumber.core.runtime.RethrowingThrowableCollector.executeAndThrow(RethrowingThrowableCollector.java:23)
	at io.cucumber.core.runtime.CucumberExecutionContext.runTestCase(CucumberExecutionContext.java:137)
	at io.cucumber.junit.platform.engine.CucumberEngineExecutionContext.runTestCase(CucumberEngineExecutionContext.java:109)
	at io.cucumber.junit.platform.engine.NodeDescriptor$PickleDescriptor.execute(NodeDescriptor.java:168)
	at io.cucumber.junit.platform.engine.NodeDescriptor$PickleDescriptor.execute(NodeDescriptor.java:90)
	at java.base/java.util.ArrayList.forEach(ArrayList.java:1511)
	at java.base/java.util.ArrayList.forEach(ArrayList.java:1511)
]]></error>
    <system-out><![CDATA[
Scenario: Manager rejects pending leave request                         &amp#27;[90m# features/auth_01_leave-request-management-complete-featur_20260331_235528.feature:36&amp#27;[0m
  &amp#27;[33mGiven &amp#27;[0m&amp#27;[33mthe Employer logs in with valid credentials&amp#27;[0m
  &amp#27;[36mGiven &amp#27;[0m&amp#27;[36mthere is a pending leave request&amp#27;[0m
  &amp#27;[36mWhen &amp#27;[0m&amp#27;[36mthe manager rejects the leave request with reason "Not approved"&amp#27;[0m
  &amp#27;[36mThen &amp#27;[0m&amp#27;[36mthe leave request status is &amp#27;[0m&amp#27;[36m&amp#27;[1m"Rejected"&amp#27;[0m                           &amp#27;[90m# com.example.e2e.steps.ConsolidatedE2ESteps.theLeaveRequestStatusIsX(java.lang.String)&amp#27;[0m
]]></system-out>
  </testcase>
  <testcase name="Cannot approve already processed request" classname="Leave Request Management - Complete Feature Story" time="0.011">
    <error message="The step &apos;the Employer logs in with valid credentials&apos; and 2 other step(s) are undefined.&#10;You can implement these steps using the snippet(s) below:&#10;&#10;@Given(&quot;the Employer logs in with valid credentials&quot;)&#10;public void the_employer_logs_in_with_valid_credentials() {&#10;    // Write code here that turns the phrase above into concrete actions&#10;    throw new io.cucumber.java.PendingException();&#10;}&#10;@Given(&quot;there is an approved leave request&quot;)&#10;public void there_is_an_approved_leave_request() {&#10;    // Write code here that turns the phrase above into concrete actions&#10;    throw new io.cucumber.java.PendingException();&#10;}&#10;@When(&quot;the manager attempts to approve the already processed request&quot;)&#10;public void the_manager_attempts_to_approve_the_already_processed_request() {&#10;    // Write code here that turns the phrase above into concrete actions&#10;    throw new io.cucumber.java.PendingException();&#10;}&#10;" type="io.cucumber.junit.platform.engine.UndefinedStepException"><![CDATA[io.cucumber.junit.platform.engine.UndefinedStepException: 
The step 'the Employer logs in with valid credentials' and 2 other step(s) are undefined.
You can implement these steps using the snippet(s) below:

@Given("the Employer logs in with valid credentials")
public void the_employer_logs_in_with_valid_credentials() {
    // Write code here that turns the phrase above into concrete actions
    throw new io.cucumber.java.PendingException();
}
@Given("there is an approved leave request")
public void there_is_an_approved_leave_request() {
    // Write code here that turns the phrase above into concrete actions
    throw new io.cucumber.java.PendingException();
}
@When("the manager attempts to approve the already processed request")
public void the_manager_attempts_to_approve_the_already_processed_request() {
    // Write code here that turns the phrase above into concrete actions
    throw new io.cucumber.java.PendingException();
}

	at io.cucumber.core.runtime.TestCaseResultObserver.assertTestCasePassed(TestCaseResultObserver.java:69)
	at io.cucumber.junit.platform.engine.TestCaseResultObserver.assertTestCasePassed(TestCaseResultObserver.java:22)
	at io.cucumber.junit.platform.engine.CucumberEngineExecutionContext.lambda$runTestCase$4(CucumberEngineExecutionContext.java:114)
	at io.cucumber.core.runtime.CucumberExecutionContext.lambda$runTestCase$5(CucumberExecutionContext.java:137)
	at io.cucumber.core.runtime.RethrowingThrowableCollector.executeAndThrow(RethrowingThrowableCollector.java:23)
	at io.cucumber.core.runtime.CucumberExecutionContext.runTestCase(CucumberExecutionContext.java:137)
	at io.cucumber.junit.platform.engine.CucumberEngineExecutionContext.runTestCase(CucumberEngineExecutionContext.java:109)
	at io.cucumber.junit.platform.engine.NodeDescriptor$PickleDescriptor.execute(NodeDescriptor.java:168)
	at io.cucumber.junit.platform.engine.NodeDescriptor$PickleDescriptor.execute(NodeDescriptor.java:90)
	at java.base/java.util.ArrayList.forEach(ArrayList.java:1511)
	at java.base/java.util.ArrayList.forEach(ArrayList.java:1511)
]]></error>
    <system-out><![CDATA[
Scenario: Cannot approve already processed request                   &amp#27;[90m# features/auth_01_leave-request-management-complete-featur_20260331_235528.feature:41&amp#27;[0m
  &amp#27;[33mGiven &amp#27;[0m&amp#27;[33mthe Employer logs in with valid credentials&amp#27;[0m
  &amp#27;[36mGiven &amp#27;[0m&amp#27;[36mthere is an approved leave request&amp#27;[0m
  &amp#27;[36mWhen &amp#27;[0m&amp#27;[36mthe manager attempts to approve the already processed request&amp#27;[0m
  &amp#27;[36mThen &amp#27;[0m&amp#27;[36mthe system displays the error &amp#27;[0m&amp#27;[36m&amp#27;[1m"Request already processed"&amp#27;[0m     &amp#27;[90m# com.example.e2e.steps.ConsolidatedE2ESteps.theSystemDisplaysTheErrorX(java.lang.String)&amp#27;[0m
]]></system-out>
  </testcase>
  <testcase name="Cannot approve non-existent request" classname="Leave Request Management - Complete Feature Story" time="0.011">
    <error message="The step &apos;the Employer logs in with valid credentials&apos; and 2 other step(s) are undefined.&#10;You can implement these steps using the snippet(s) below:&#10;&#10;@Given(&quot;the Employer logs in with valid credentials&quot;)&#10;public void the_employer_logs_in_with_valid_credentials() {&#10;    // Write code here that turns the phrase above into concrete actions&#10;    throw new io.cucumber.java.PendingException();&#10;}&#10;@Given(&quot;there is no such leave request&quot;)&#10;public void there_is_no_such_leave_request() {&#10;    // Write code here that turns the phrase above into concrete actions&#10;    throw new io.cucumber.java.PendingException();&#10;}&#10;@When(&quot;the manager attempts to approve a non-existent request&quot;)&#10;public void the_manager_attempts_to_approve_a_non_existent_request() {&#10;    // Write code here that turns the phrase above into concrete actions&#10;    throw new io.cucumber.java.PendingException();&#10;}&#10;" type="io.cucumber.junit.platform.engine.UndefinedStepException"><![CDATA[io.cucumber.junit.platform.engine.UndefinedStepException: 
The step 'the Employer logs in with valid credentials' and 2 other step(s) are undefined.
You can implement these steps using the snippet(s) below:

@Given("the Employer logs in with valid credentials")
public void the_employer_logs_in_with_valid_credentials() {
    // Write code here that turns the phrase above into concrete actions
    throw new io.cucumber.java.PendingException();
}
@Given("there is no such leave request")
public void there_is_no_such_leave_request() {
    // Write code here that turns the phrase above into concrete actions
    throw new io.cucumber.java.PendingException();
}
@When("the manager attempts to approve a non-existent request")
public void the_manager_attempts_to_approve_a_non_existent_request() {
    // Write code here that turns the phrase above into concrete actions
    throw new io.cucumber.java.PendingException();
}

	at io.cucumber.core.runtime.TestCaseResultObserver.assertTestCasePassed(TestCaseResultObserver.java:69)
	at io.cucumber.junit.platform.engine.TestCaseResultObserver.assertTestCasePassed(TestCaseResultObserver.java:22)
	at io.cucumber.junit.platform.engine.CucumberEngineExecutionContext.lambda$runTestCase$4(CucumberEngineExecutionContext.java:114)
	at io.cucumber.core.runtime.CucumberExecutionContext.lambda$runTestCase$5(CucumberExecutionContext.java:137)
	at io.cucumber.core.runtime.RethrowingThrowableCollector.executeAndThrow(RethrowingThrowableCollector.java:23)
	at io.cucumber.core.runtime.CucumberExecutionContext.runTestCase(CucumberExecutionContext.java:137)
	at io.cucumber.junit.platform.engine.CucumberEngineExecutionContext.runTestCase(CucumberEngineExecutionContext.java:109)
	at io.cucumber.junit.platform.engine.NodeDescriptor$PickleDescriptor.execute(NodeDescriptor.java:168)
	at io.cucumber.junit.platform.engine.NodeDescriptor$PickleDescriptor.execute(NodeDescriptor.java:90)
	at java.base/java.util.ArrayList.forEach(ArrayList.java:1511)
	at java.base/java.util.ArrayList.forEach(ArrayList.java:1511)
]]></error>
    <system-out><![CDATA[
Scenario: Cannot approve non-existent request                 &amp#27;[90m# features/auth_01_leave-request-management-complete-featur_20260331_235528.feature:46&amp#27;[0m
  &amp#27;[33mGiven &amp#27;[0m&amp#27;[33mthe Employer logs in with valid credentials&amp#27;[0m
  &amp#27;[36mGiven &amp#27;[0m&amp#27;[36mthere is no such leave request&amp#27;[0m
  &amp#27;[36mWhen &amp#27;[0m&amp#27;[36mthe manager attempts to approve a non-existent request&amp#27;[0m
  &amp#27;[36mThen &amp#27;[0m&amp#27;[36mthe system displays the error &amp#27;[0m&amp#27;[36m&amp#27;[1m"Request not found"&amp#27;[0m      &amp#27;[90m# com.example.e2e.steps.ConsolidatedE2ESteps.theSystemDisplaysTheErrorX(java.lang.String)&amp#27;[0m
]]></system-out>
  </testcase>
  <testcase name="Test with different balances" classname="Leave Request Management - Complete Feature Story" time="0.03">
    <error message="The step &apos;the Employer logs in with valid credentials&apos; and 1 other step(s) are undefined.&#10;You can implement these steps using the snippet(s) below:&#10;&#10;@Given(&quot;the Employer logs in with valid credentials&quot;)&#10;public void the_employer_logs_in_with_valid_credentials() {&#10;    // Write code here that turns the phrase above into concrete actions&#10;    throw new io.cucumber.java.PendingException();&#10;}&#10;@Given(&quot;the employee has {string} balance&quot;)&#10;public void the_employee_has_balance(String string) {&#10;    // Write code here that turns the phrase above into concrete actions&#10;    throw new io.cucumber.java.PendingException();&#10;}&#10;" type="io.cucumber.junit.platform.engine.UndefinedStepException"><![CDATA[io.cucumber.junit.platform.engine.UndefinedStepException: 
The step 'the Employer logs in with valid credentials' and 1 other step(s) are undefined.
You can implement these steps using the snippet(s) below:

@Given("the Employer logs in with valid credentials")
public void the_employer_logs_in_with_valid_credentials() {
    // Write code here that turns the phrase above into concrete actions
    throw new io.cucumber.java.PendingException();
}
@Given("the employee has {string} balance")
public void the_employee_has_balance(String string) {
    // Write code here that turns the phrase above into concrete actions
    throw new io.cucumber.java.PendingException();
}

	at io.cucumber.core.runtime.TestCaseResultObserver.assertTestCasePassed(TestCaseResultObserver.java:69)
	at io.cucumber.junit.platform.engine.TestCaseResultObserver.assertTestCasePassed(TestCaseResultObserver.java:22)
	at io.cucumber.junit.platform.engine.CucumberEngineExecutionContext.lambda$runTestCase$4(CucumberEngineExecutionContext.java:114)
	at io.cucumber.core.runtime.CucumberExecutionContext.lambda$runTestCase$5(CucumberExecutionContext.java:137)
	at io.cucumber.core.runtime.RethrowingThrowableCollector.executeAndThrow(RethrowingThrowableCollector.java:23)
	at io.cucumber.core.runtime.CucumberExecutionContext.runTestCase(CucumberExecutionContext.java:137)
	at io.cucumber.junit.platform.engine.CucumberEngineExecutionContext.runTestCase(CucumberEngineExecutionContext.java:109)
	at io.cucumber.junit.platform.engine.NodeDescriptor$PickleDescriptor.execute(NodeDescriptor.java:168)
	at io.cucumber.junit.platform.engine.NodeDescriptor$PickleDescriptor.execute(NodeDescriptor.java:90)
	at java.base/java.util.ArrayList.forEach(ArrayList.java:1511)
	at java.base/java.util.ArrayList.forEach(ArrayList.java:1511)
]]></error>
    <system-out><![CDATA[
Scenario: Test with different balances                                                  &amp#27;[90m# features/auth_01_leave-request-management-complete-featur_20260331_235528.feature:96&amp#27;[0m
  &amp#27;[33mGiven &amp#27;[0m&amp#27;[33mthe Employer logs in with valid credentials&amp#27;[0m
  &amp#27;[36mGiven &amp#27;[0m&amp#27;[36mthe employee has "value" balance&amp#27;[0m
  &amp#27;[36mWhen &amp#27;[0m&amp#27;[36mthe employee submits an annual leave request from &amp#27;[0m&amp#27;[36m&amp#27;[1m"future date"&amp#27;[0m&amp#27;[36m to &amp#27;[0m&amp#27;[36m&amp#27;[1m"future date"&amp#27;[0m &amp#27;[90m# com.example.e2e.steps.ConsolidatedE2ESteps.theEmployeeSubmitsAnAnnualLeaveRequestFromXToX(java.lang.String,java.lang.String)&amp#27;[0m
  &amp#27;[36mThen &amp#27;[0m&amp#27;[36mthe status is &amp#27;[0m&amp#27;[36m&amp#27;[1m"value"&amp#27;[0m                                                            &amp#27;[90m# com.example.e2e.steps.ConsolidatedE2ESteps.theStatusIsX(java.lang.String)&amp#27;[0m
]]></system-out>
  </testcase>
</testsuite>